[2026-02-23T10:21:47.626Z] [INFO] [AHP] Dispatcher started
[2026-02-23T10:22:03.203Z] [INFO] [AHP] Initialized workspace: /app/projects/cmlz0ycyz00pe4ym70sdxp0xv
[2026-02-23T10:22:03.354Z] [INFO] [AHP] Iteration 1/500
[2026-02-23T10:22:03.961Z] [INFO] [AHP] Found 0 pending/processing messages
[2026-02-23T10:22:03.962Z] [INFO] [AHP] No pending messages, finding next task...
[2026-02-23T10:22:04.038Z] [INFO] [AHP] Found next task: cmlz0zdle00pn4ym72g818086
[2026-02-23T10:22:04.076Z] [INFO] 
📨 [TEAMLEAD] -> @TASK_EXECUTOR: Отправил TASK_REQUEST (Task: cmlz0zdle00pn4ym72g818086)
[2026-02-23T10:22:04.212Z] [INFO] [AHP] Created TASK_REQUEST for task cmlz0zdle00pn4ym72g818086
[2026-02-23T10:22:04.280Z] [INFO] [AHP] Iteration 2/500
[2026-02-23T10:22:04.512Z] [INFO] [AHP] Found 1 pending/processing messages
[2026-02-23T10:22:04.515Z] [INFO] [AHP] Active agents: TASK_EXECUTOR
[2026-02-23T10:22:04.519Z] [INFO] [AHP] Creating agent for role: TASK_EXECUTOR
[2026-02-23T10:22:04.523Z] [INFO] [AHP] Running TASK_EXECUTOR agent...
[2026-02-23T10:22:04.660Z] [INFO] [TASK_EXECUTOR] Processing 1 messages
[2026-02-23T10:22:04.758Z] [INFO] [TASK_EXECUTOR] Processing message: TASK_REQUEST
[2026-02-23T10:22:04.759Z] [INFO] [TASK_EXECUTOR] Processing task: cmlz0zdle00pn4ym72g818086
[2026-02-23T10:22:05.080Z] [INFO] 
👷 [TASK_EXECUTOR] -> @TEAM: "Принял задачу 'Инициализация проекта и реализация парсера выражений'. Ушел генерировать план и кодить."
[2026-02-23T10:22:05.080Z] [INFO] [TASK_EXECUTOR] Generating detailed prompt for task cmlz0zdle00pn4ym72g818086...
[2026-02-23T10:22:24.309Z] [INFO] [TASK_EXECUTOR] Generating execution plan for task: Инициализация проекта и реализация парсера выражений
[2026-02-23T10:22:42.226Z] [INFO] [TASK_EXECUTOR] Plan generated. 8 steps to perform.
[2026-02-23T10:22:42.228Z] [INFO] [TASK_EXECUTOR] 🧠 Step 1: Initialize the project by creating the requirements.txt file. Since the task specifies using only the standard library (sys, re), I will add a comment indicating that no external dependencies are required.
[2026-02-23T10:22:42.229Z] [INFO] [TASK_EXECUTOR] 🛠️ Executing: writeFile
[2026-02-23T10:22:42.259Z] [INFO] [TASK_EXECUTOR] ✅ writeFile completed
[2026-02-23T10:22:42.261Z] [INFO] [TASK_EXECUTOR] 🧠 Step 2, 3, 4 & 5: Implement the full CLI calculator in main.py. This includes the tokenizer using regex, the Shunting-yard algorithm for RPN conversion, the RPN evaluator, and the main CLI logic with error handling as requested.
[2026-02-23T10:22:42.262Z] [INFO] [TASK_EXECUTOR] 🛠️ Executing: writeFile
[2026-02-23T10:22:42.262Z] [INFO] [TASK_EXECUTOR] ✅ writeFile completed
[2026-02-23T10:22:42.263Z] [INFO] [TASK_EXECUTOR] 🧠 Step 5 (Testing): Verify the implementation by running the provided test cases to ensure the calculator works correctly.
[2026-02-23T10:22:42.263Z] [INFO] [TASK_EXECUTOR] 🛠️ Executing: executeCommand
[2026-02-23T10:22:42.306Z] [INFO] [TASK_EXECUTOR] ✅ executeCommand completed
[2026-02-23T10:22:42.307Z] [INFO] [TASK_EXECUTOR] 🛠️ Executing: executeCommand
[2026-02-23T10:22:42.344Z] [INFO] [TASK_EXECUTOR] 🛠️ Executing: executeCommand
[2026-02-23T10:22:42.352Z] [INFO] [TASK_EXECUTOR] ✅ executeCommand completed
[2026-02-23T10:22:42.394Z] [INFO] [TASK_EXECUTOR] ✅ executeCommand completed
[2026-02-23T10:22:42.394Z] [INFO] [TASK_EXECUTOR] 🔍 Verification phase: running automatedCheck and artifact checks...
[2026-02-23T10:22:42.395Z] [INFO] [TASK_EXECUTOR][Verification] Running: cat << 'AI_VERIFY_SCRIPT_END_7f3a' > .ai-temp-check.sh
python main.py '10 - 3 * 2' | grep '4'
AI_VERIFY_SCRIPT_END_7f3a
sh .ai-temp-check.sh
[2026-02-23T10:22:42.436Z] [INFO] [TASK_EXECUTOR][Verification] Running: ls -la "main.py"
[2026-02-23T10:22:42.470Z] [INFO] [TASK_EXECUTOR][Verification] Running: head -n 200 "main.py"
[2026-02-23T10:22:42.495Z] [INFO] [TASK_EXECUTOR][Verification] Running: ls -la "requirements.txt"
[2026-02-23T10:22:42.524Z] [INFO] [TASK_EXECUTOR][Verification] Running: head -n 200 "requirements.txt"
[2026-02-23T10:22:42.527Z] [INFO] 
📨 [TASK_EXECUTOR] -> @QA: Отправил QA_REQUEST (Task: cmlz0zdle00pn4ym72g818086)
[2026-02-23T10:22:42.569Z] [INFO] [TASK_EXECUTOR] Created report comment for task cmlz0zdle00pn4ym72g818086
[2026-02-23T10:22:42.569Z] [INFO] 
📤 [TASK_EXECUTOR] -> @QA: "Я закончил писать код. Отправил тебе на ревью (QA_REQUEST)."
[2026-02-23T10:22:42.577Z] [INFO] [TASK_EXECUTOR] Sent QA_REQUEST for task cmlz0zdle00pn4ym72g818086
[2026-02-23T10:22:42.578Z] [INFO] [AHP] TASK_EXECUTOR agent completed
[2026-02-23T10:22:42.590Z] [INFO] [TASK_EXECUTOR] Message processed: TASK_REQUEST
[2026-02-23T10:22:43.698Z] [INFO] [AHP] Iteration 3/500
[2026-02-23T10:22:43.731Z] [INFO] [AHP] Found 1 pending/processing messages
[2026-02-23T10:22:43.732Z] [INFO] [AHP] Active agents: QA
[2026-02-23T10:22:43.734Z] [INFO] [AHP] Creating agent for role: QA
[2026-02-23T10:22:43.741Z] [INFO] [AHP] Running QA agent...
[2026-02-23T10:22:43.759Z] [INFO] [QA] Processing 1 messages
[2026-02-23T10:22:43.814Z] [INFO] [QA] Processing message: QA_REQUEST
[2026-02-23T10:22:43.814Z] [INFO] 
🧐 [QA] -> @TASK_EXECUTOR: "Взял твой код на проверку. Сейчас посмотрим, что ты там написал..."
[2026-02-23T10:22:43.814Z] [INFO] [QA] Verifying task cmlz0zdle00pn4ym72g818086
[2026-02-23T10:22:59.475Z] [INFO] 
📨 [QA] -> @TEAMLEAD: Отправил QA_RESPONSE (Task: cmlz0zdle00pn4ym72g818086)
[2026-02-23T10:22:59.490Z] [INFO] 
✅ [QA] -> @TEAMLEAD: "Проверил, всё работает как часы. Апрув."
[2026-02-23T10:22:59.498Z] [INFO] [QA] Task cmlz0zdle00pn4ym72g818086 verification result: DONE
[2026-02-23T10:22:59.499Z] [INFO] [AHP] QA agent completed
[2026-02-23T10:22:59.503Z] [INFO] [QA] Message processed: QA_REQUEST
[2026-02-23T10:23:00.503Z] [INFO] [AHP] Iteration 4/500
[2026-02-23T10:23:00.527Z] [INFO] [AHP] Found 1 pending/processing messages
[2026-02-23T10:23:00.529Z] [INFO] [AHP] Active agents: TEAMLEAD
[2026-02-23T10:23:00.530Z] [INFO] [AHP] Creating agent for role: TEAMLEAD
[2026-02-23T10:23:00.530Z] [INFO] [AHP] Running TEAMLEAD agent...
[2026-02-23T10:23:00.537Z] [INFO] [TEAMLEAD] Processing 1 messages
[2026-02-23T10:23:00.552Z] [INFO] [TEAMLEAD] Processing message: QA_RESPONSE
[2026-02-23T10:23:00.557Z] [INFO] [TeamLead] QA result for task cmlz0zdle00pn4ym72g818086: DONE
[2026-02-23T10:23:00.558Z] [INFO] 
🎉 [TEAMLEAD] -> @ALL: "Отличная работа! QA принял задачу. Иду за следующей..."
[2026-02-23T10:23:00.558Z] [INFO] [TeamLead] Finding next task after cmlz0zdle00pn4ym72g818086
[2026-02-23T10:23:00.559Z] [INFO] 
🏆 [TEAMLEAD] -> @ALL: "Господа, мы закончили проект! Всем спасибо, расходимся."
[2026-02-23T10:23:00.559Z] [INFO] [TeamLead] No more TODO tasks found
[2026-02-23T10:23:00.560Z] [INFO] [AHP] TEAMLEAD agent completed
[2026-02-23T10:23:00.564Z] [INFO] [TEAMLEAD] Message processed: QA_RESPONSE
[2026-02-23T10:23:01.575Z] [INFO] [AHP] Iteration 5/500
[2026-02-23T10:23:01.607Z] [INFO] [AHP] Session stopping: No more tasks to process
[2026-02-23T10:23:01.608Z] [INFO] [AHP] Finalizing session. Reason: No more tasks to process
