[2026-02-23T14:51:02.685Z] [INFO] [AHP] Dispatcher started
[2026-02-23T14:51:02.741Z] [INFO] [AHP] Initialized workspace: /app/projects/cmlzamgn7000111yi0lej45c2
[2026-02-23T14:51:02.756Z] [INFO] [AHP] Iteration 1/500
[2026-02-23T14:51:02.811Z] [INFO] [AHP] Found 0 pending/processing messages
[2026-02-23T14:51:02.813Z] [INFO] [AHP] No pending messages, finding next task...
[2026-02-23T14:51:02.827Z] [INFO] [AHP] Found next task: cmlzamwsi000a11yiaigfyt8l
[2026-02-23T14:51:02.831Z] [INFO] 
📨 [TEAMLEAD] -> @TASK_EXECUTOR: Отправил TASK_REQUEST (Task: cmlzamwsi000a11yiaigfyt8l)
[2026-02-23T14:51:02.835Z] [INFO] [AHP] Created TASK_REQUEST for task cmlzamwsi000a11yiaigfyt8l
[2026-02-23T14:51:02.838Z] [INFO] [AHP] Iteration 2/500
[2026-02-23T14:51:02.848Z] [INFO] [AHP] Found 1 pending/processing messages
[2026-02-23T14:51:02.849Z] [INFO] [AHP] Active agents: TASK_EXECUTOR
[2026-02-23T14:51:02.850Z] [INFO] [AHP] Creating agent for role: TASK_EXECUTOR
[2026-02-23T14:51:02.851Z] [INFO] [AHP] Running TASK_EXECUTOR agent...
[2026-02-23T14:51:02.864Z] [INFO] [TASK_EXECUTOR] Processing 1 messages
[2026-02-23T14:51:02.867Z] [INFO] [TASK_EXECUTOR] Processing message: TASK_REQUEST
[2026-02-23T14:51:02.868Z] [INFO] [TASK_EXECUTOR] Processing task: cmlzamwsi000a11yiaigfyt8l
[2026-02-23T14:51:02.877Z] [INFO] 
👷 [TASK_EXECUTOR] -> @TEAM: "Принял задачу 'Реализовать статическую HTML страницу 'Hello World''. Ушел генерировать план и кодить."
[2026-02-23T14:51:02.878Z] [INFO] [TASK_EXECUTOR] Generating detailed prompt for task cmlzamwsi000a11yiaigfyt8l...
[2026-02-23T14:51:11.831Z] [INFO] [TASK_EXECUTOR] Generating execution plan for task: Реализовать статическую HTML страницу 'Hello World'
[2026-02-23T14:51:16.460Z] [INFO] [TASK_EXECUTOR] Plan generated. 2 steps to perform.
[2026-02-23T14:51:16.462Z] [INFO] [TASK_EXECUTOR] 🧠 The project is starting from scratch. I need to create the `index.html` file with the standard HTML5 structure and the required content 'привет мир' inside an <h1> tag.
[2026-02-23T14:51:16.463Z] [INFO] [TASK_EXECUTOR] 🛠️ Executing: writeFile
[2026-02-23T14:51:16.463Z] [INFO] [TASK_EXECUTOR] ✅ writeFile completed
[2026-02-23T14:51:16.463Z] [INFO] [TASK_EXECUTOR] 🔍 Verification phase: running automatedCheck and artifact checks...
[2026-02-23T14:51:16.464Z] [INFO] [TASK_EXECUTOR][Verification] Running: cat << 'AI_VERIFY_SCRIPT_END_7f3a' > .ai-temp-check.sh
if [ -f index.html ]; then grep -q '<h1>привет мир</h1>' index.html && echo 'OK' || exit 1; else exit 1; fi
AI_VERIFY_SCRIPT_END_7f3a
sh .ai-temp-check.sh
[2026-02-23T14:51:16.498Z] [INFO] [TASK_EXECUTOR][Verification] Running: ls -la "index.html"
[2026-02-23T14:51:16.501Z] [INFO] [TASK_EXECUTOR][Verification] Running: head -n 200 "index.html"
[2026-02-23T14:51:16.504Z] [INFO] 
📨 [TASK_EXECUTOR] -> @QA: Отправил QA_REQUEST (Task: cmlzamwsi000a11yiaigfyt8l)
[2026-02-23T14:51:16.507Z] [INFO] [TASK_EXECUTOR] Created report comment for task cmlzamwsi000a11yiaigfyt8l
[2026-02-23T14:51:16.507Z] [INFO] 
📤 [TASK_EXECUTOR] -> @QA: "Я закончил писать код. Отправил тебе на ревью (QA_REQUEST)."
[2026-02-23T14:51:16.510Z] [INFO] [TASK_EXECUTOR] Sent QA_REQUEST for task cmlzamwsi000a11yiaigfyt8l
[2026-02-23T14:51:16.511Z] [INFO] [AHP] TASK_EXECUTOR agent completed
[2026-02-23T14:51:16.512Z] [INFO] [TASK_EXECUTOR] Message processed: TASK_REQUEST
[2026-02-23T14:51:17.542Z] [INFO] [AHP] Iteration 3/500
[2026-02-23T14:51:17.584Z] [INFO] [AHP] Found 1 pending/processing messages
[2026-02-23T14:51:17.586Z] [INFO] [AHP] Active agents: QA
[2026-02-23T14:51:17.586Z] [INFO] [AHP] Creating agent for role: QA
[2026-02-23T14:51:17.588Z] [INFO] [AHP] Running QA agent...
[2026-02-23T14:51:17.607Z] [INFO] [QA] Processing 1 messages
[2026-02-23T14:51:17.620Z] [INFO] [QA] Processing message: QA_REQUEST
[2026-02-23T14:51:17.621Z] [INFO] 
🧐 [QA] -> @TASK_EXECUTOR: "Взял твой код на проверку. Сейчас посмотрим, что ты там написал..."
[2026-02-23T14:51:17.621Z] [INFO] [QA] Verifying task cmlzamwsi000a11yiaigfyt8l
[2026-02-23T14:51:33.150Z] [INFO] 
📨 [QA] -> @TEAMLEAD: Отправил QA_RESPONSE (Task: cmlzamwsi000a11yiaigfyt8l)
[2026-02-23T14:51:33.156Z] [INFO] 
✅ [QA] -> @TEAMLEAD: "Проверил, всё работает как часы. Апрув."
[2026-02-23T14:51:33.158Z] [INFO] [QA] Task cmlzamwsi000a11yiaigfyt8l verification result: DONE
[2026-02-23T14:51:33.159Z] [INFO] [AHP] QA agent completed
[2026-02-23T14:51:33.161Z] [INFO] [QA] Message processed: QA_REQUEST
[2026-02-23T14:51:34.192Z] [INFO] [AHP] Iteration 4/500
[2026-02-23T14:51:34.201Z] [INFO] [AHP] Found 1 pending/processing messages
[2026-02-23T14:51:34.202Z] [INFO] [AHP] Active agents: TEAMLEAD
[2026-02-23T14:51:34.202Z] [INFO] [AHP] Creating agent for role: TEAMLEAD
[2026-02-23T14:51:34.202Z] [INFO] [AHP] Running TEAMLEAD agent...
[2026-02-23T14:51:34.213Z] [INFO] [TEAMLEAD] Processing 1 messages
[2026-02-23T14:51:34.229Z] [INFO] [TEAMLEAD] Processing message: QA_RESPONSE
[2026-02-23T14:51:34.230Z] [INFO] [TeamLead] QA result for task cmlzamwsi000a11yiaigfyt8l: DONE
[2026-02-23T14:51:34.231Z] [INFO] 
🎉 [TEAMLEAD] -> @ALL: "Отличная работа! QA принял задачу. Иду за следующей..."
[2026-02-23T14:51:34.231Z] [INFO] [TeamLead] Finding next task after cmlzamwsi000a11yiaigfyt8l
[2026-02-23T14:51:34.245Z] [INFO] [TeamLead] No more TODO tasks found
[2026-02-23T14:51:34.247Z] [INFO] [AHP] TEAMLEAD agent completed
[2026-02-23T14:51:34.253Z] [INFO] 
🏆 [TEAMLEAD] -> @ALL: "Господа, мы закончили проект! Всем спасибо, расходимся."
[2026-02-23T14:51:34.254Z] [INFO] [TEAMLEAD] Message processed: QA_RESPONSE
[2026-02-23T14:51:35.259Z] [INFO] [AHP] Iteration 5/500
[2026-02-23T14:51:35.276Z] [INFO] [AHP] Session stopping: No more tasks to process
[2026-02-23T14:51:35.277Z] [INFO] [AHP] Finalizing session. Reason: No more tasks to process
