[2026-02-23T10:27:58.827Z] [INFO] [AHP] Dispatcher started
[2026-02-23T10:27:58.984Z] [INFO] [AHP] Initialized workspace: /app/projects/cmlz16xb7010b4ym7emt1eg3w
[2026-02-23T10:27:59.018Z] [INFO] [AHP] Iteration 1/500
[2026-02-23T10:27:59.031Z] [INFO] [AHP] Found 0 pending/processing messages
[2026-02-23T10:27:59.031Z] [INFO] [AHP] No pending messages, finding next task...
[2026-02-23T10:27:59.041Z] [INFO] [AHP] Found next task: cmlz17y5s010k4ym7aany65ms
[2026-02-23T10:27:59.048Z] [INFO] 
📨 [TEAMLEAD] -> @TASK_EXECUTOR: Отправил TASK_REQUEST (Task: cmlz17y5s010k4ym7aany65ms)
[2026-02-23T10:27:59.054Z] [INFO] [AHP] Created TASK_REQUEST for task cmlz17y5s010k4ym7aany65ms
[2026-02-23T10:27:59.061Z] [INFO] [AHP] Iteration 2/500
[2026-02-23T10:27:59.106Z] [INFO] [AHP] Found 1 pending/processing messages
[2026-02-23T10:27:59.106Z] [INFO] [AHP] Active agents: TASK_EXECUTOR
[2026-02-23T10:27:59.107Z] [INFO] [AHP] Creating agent for role: TASK_EXECUTOR
[2026-02-23T10:27:59.107Z] [INFO] [AHP] Running TASK_EXECUTOR agent...
[2026-02-23T10:27:59.114Z] [INFO] [TASK_EXECUTOR] Processing 1 messages
[2026-02-23T10:27:59.121Z] [INFO] [TASK_EXECUTOR] Processing message: TASK_REQUEST
[2026-02-23T10:27:59.121Z] [INFO] [TASK_EXECUTOR] Processing task: cmlz17y5s010k4ym7aany65ms
[2026-02-23T10:27:59.126Z] [INFO] [TASK_EXECUTOR] Generating detailed prompt for task cmlz17y5s010k4ym7aany65ms...
[2026-02-23T10:27:59.128Z] [INFO] 
👷 [TASK_EXECUTOR] -> @TEAM: "Принял задачу 'Initialize Node.js project and configure dependencies'. Ушел генерировать план и кодить."
[2026-02-23T10:28:11.479Z] [INFO] [TASK_EXECUTOR] Generating execution plan for task: Initialize Node.js project and configure dependencies
[2026-02-23T10:28:20.452Z] [INFO] [TASK_EXECUTOR] 🧠 Initialize the Node.js project by creating a package.json file using npm init.
[2026-02-23T10:28:20.456Z] [INFO] [TASK_EXECUTOR] 🛠️ Executing: executeCommand
[2026-02-23T10:28:20.610Z] [INFO] [TASK_EXECUTOR] Plan generated. 14 steps to perform.
[2026-02-23T10:28:21.482Z] [INFO] [TASK_EXECUTOR] ✅ executeCommand completed
[2026-02-23T10:28:21.483Z] [INFO] [TASK_EXECUTOR] 🧠 Install the production dependencies (express, zod) as specified in the instructions.
[2026-02-23T10:28:21.483Z] [INFO] [TASK_EXECUTOR] 🛠️ Executing: executeCommand
[2026-02-23T10:28:31.890Z] [INFO] [TASK_EXECUTOR] ✅ executeCommand completed
[2026-02-23T10:28:31.891Z] [INFO] [TASK_EXECUTOR] 🧠 Install development dependencies (TypeScript compiler and type definitions) as specified.
[2026-02-23T10:28:31.892Z] [INFO] [TASK_EXECUTOR] 🛠️ Executing: executeCommand
[2026-02-23T10:28:42.515Z] [INFO] [TASK_EXECUTOR] ✅ executeCommand completed
[2026-02-23T10:28:42.516Z] [INFO] [TASK_EXECUTOR] 🧠 Create the tsconfig.json file to configure TypeScript for strict mode and ES modules (NodeNext).
[2026-02-23T10:28:42.516Z] [INFO] [TASK_EXECUTOR] 🛠️ Executing: writeFile
[2026-02-23T10:28:42.637Z] [INFO] [TASK_EXECUTOR] ✅ writeFile completed
[2026-02-23T10:28:42.638Z] [INFO] [TASK_EXECUTOR] 🧠 Create the entry point file src/index.ts with the Express server setup.
[2026-02-23T10:28:42.638Z] [INFO] [TASK_EXECUTOR] 🛠️ Executing: writeFile
[2026-02-23T10:28:42.674Z] [INFO] [TASK_EXECUTOR] ✅ writeFile completed
[2026-02-23T10:28:42.675Z] [INFO] [TASK_EXECUTOR] 🧠 Read the current package.json to add the necessary build and start scripts.
[2026-02-23T10:28:42.675Z] [INFO] [TASK_EXECUTOR] 🛠️ Executing: readFile
[2026-02-23T10:28:42.693Z] [INFO] [TASK_EXECUTOR] ✅ readFile completed
[2026-02-23T10:28:42.693Z] [INFO] [TASK_EXECUTOR] 🧠 Update package.json with the build, start, and dev scripts as requested.
[2026-02-23T10:28:42.694Z] [INFO] [TASK_EXECUTOR] 🛠️ Executing: writeFile
[2026-02-23T10:28:42.744Z] [INFO] [TASK_EXECUTOR] ✅ writeFile completed
[2026-02-23T10:28:42.745Z] [INFO] [TASK_EXECUTOR] 🔍 Verification phase: running automatedCheck and artifact checks...
[2026-02-23T10:28:42.745Z] [INFO] [TASK_EXECUTOR][Verification] Running: cat << 'AI_VERIFY_SCRIPT_END_7f3a' > .ai-temp-check.sh
npm run build && node dist/index.js
AI_VERIFY_SCRIPT_END_7f3a
sh .ai-temp-check.sh
[2026-02-23T10:28:47.081Z] [INFO] [TASK_EXECUTOR][Verification] Running: ls -la "package.json"
[2026-02-23T10:28:47.132Z] [INFO] [TASK_EXECUTOR][Verification] Running: head -n 200 "package.json"
[2026-02-23T10:28:47.164Z] [INFO] [TASK_EXECUTOR][Verification] Running: ls -la "package-lock.json"
[2026-02-23T10:28:47.200Z] [INFO] [TASK_EXECUTOR][Verification] Running: head -n 200 "package-lock.json"
[2026-02-23T10:28:47.225Z] [INFO] [TASK_EXECUTOR][Verification] Running: ls -la "tsconfig.json"
[2026-02-23T10:28:47.262Z] [INFO] [TASK_EXECUTOR][Verification] Running: head -n 200 "tsconfig.json"
[2026-02-23T10:28:47.289Z] [INFO] [TASK_EXECUTOR][Verification] Running: ls -la "src/index.ts"
[2026-02-23T10:28:47.396Z] [INFO] [TASK_EXECUTOR][Verification] Running: head -n 200 "src/index.ts"
[2026-02-23T10:28:47.414Z] [INFO] 
📨 [TASK_EXECUTOR] -> @QA: Отправил QA_REQUEST (Task: cmlz17y5s010k4ym7aany65ms)
[2026-02-23T10:28:47.428Z] [INFO] [TASK_EXECUTOR] Created report comment for task cmlz17y5s010k4ym7aany65ms
[2026-02-23T10:28:47.429Z] [INFO] 
📤 [TASK_EXECUTOR] -> @QA: "Я закончил писать код. Отправил тебе на ревью (QA_REQUEST)."
[2026-02-23T10:28:47.439Z] [INFO] [TASK_EXECUTOR] Sent QA_REQUEST for task cmlz17y5s010k4ym7aany65ms
[2026-02-23T10:28:47.440Z] [INFO] [AHP] TASK_EXECUTOR agent completed
[2026-02-23T10:28:47.443Z] [INFO] [TASK_EXECUTOR] Message processed: TASK_REQUEST
[2026-02-23T10:28:48.472Z] [INFO] [AHP] Iteration 3/500
[2026-02-23T10:28:48.535Z] [INFO] [AHP] Found 1 pending/processing messages
[2026-02-23T10:28:48.535Z] [INFO] [AHP] Active agents: QA
[2026-02-23T10:28:48.536Z] [INFO] [AHP] Creating agent for role: QA
[2026-02-23T10:28:48.536Z] [INFO] [AHP] Running QA agent...
[2026-02-23T10:28:48.575Z] [INFO] [QA] Processing 1 messages
[2026-02-23T10:28:48.592Z] [INFO] [QA] Processing message: QA_REQUEST
[2026-02-23T10:28:48.592Z] [INFO] 
🧐 [QA] -> @TASK_EXECUTOR: "Взял твой код на проверку. Сейчас посмотрим, что ты там написал..."
[2026-02-23T10:28:48.592Z] [INFO] [QA] Verifying task cmlz17y5s010k4ym7aany65ms
[2026-02-23T10:29:02.097Z] [INFO] 
📨 [QA] -> @TEAMLEAD: Отправил QA_RESPONSE (Task: cmlz17y5s010k4ym7aany65ms)
[2026-02-23T10:29:02.104Z] [INFO] 
✅ [QA] -> @TEAMLEAD: "Проверил, всё работает как часы. Апрув."
[2026-02-23T10:29:02.122Z] [INFO] [QA] Task cmlz17y5s010k4ym7aany65ms verification result: DONE
[2026-02-23T10:29:02.125Z] [INFO] [AHP] QA agent completed
[2026-02-23T10:29:02.134Z] [INFO] [QA] Message processed: QA_REQUEST
[2026-02-23T10:29:03.273Z] [INFO] [AHP] Iteration 4/500
[2026-02-23T10:29:03.298Z] [INFO] [AHP] Found 1 pending/processing messages
[2026-02-23T10:29:03.299Z] [INFO] [AHP] Active agents: TEAMLEAD
[2026-02-23T10:29:03.299Z] [INFO] [AHP] Creating agent for role: TEAMLEAD
[2026-02-23T10:29:03.299Z] [INFO] [AHP] Running TEAMLEAD agent...
[2026-02-23T10:29:03.309Z] [INFO] [TEAMLEAD] Processing 1 messages
[2026-02-23T10:29:03.695Z] [INFO] [TEAMLEAD] Processing message: QA_RESPONSE
[2026-02-23T10:29:03.696Z] [INFO] [TeamLead] QA result for task cmlz17y5s010k4ym7aany65ms: DONE
[2026-02-23T10:29:03.696Z] [INFO] 
🎉 [TEAMLEAD] -> @ALL: "Отличная работа! QA принял задачу. Иду за следующей..."
[2026-02-23T10:29:03.697Z] [INFO] [TeamLead] Finding next task after cmlz17y5s010k4ym7aany65ms
[2026-02-23T10:29:03.803Z] [INFO] 
📨 [TEAMLEAD] -> @BACKEND: Отправил TASK_REQUEST (Task: cmlz17y5s010m4ym7p1trb385)
[2026-02-23T10:29:03.916Z] [INFO] [TeamLead] Triggering next task: Implement Data Access Layer with fs/promises (cmlz17y5s010m4ym7p1trb385)
[2026-02-23T10:29:03.927Z] [INFO] [AHP] TEAMLEAD agent completed
[2026-02-23T10:29:03.935Z] [INFO] [TEAMLEAD] Message processed: QA_RESPONSE
[2026-02-23T10:29:04.943Z] [INFO] [AHP] Iteration 5/500
[2026-02-23T10:29:04.966Z] [INFO] [AHP] Found 1 pending/processing messages
[2026-02-23T10:29:04.966Z] [INFO] [AHP] Active agents: BACKEND
[2026-02-23T10:29:04.967Z] [INFO] [AHP] Creating agent for role: BACKEND
[2026-02-23T10:29:04.967Z] [INFO] [AHP] Running BACKEND agent...
[2026-02-23T10:29:05.034Z] [INFO] [BACKEND] Processing 1 messages
[2026-02-23T10:29:05.044Z] [INFO] [BACKEND] Processing message: TASK_REQUEST
[2026-02-23T10:29:05.045Z] [INFO] [BACKEND] Processing task: cmlz17y5s010m4ym7p1trb385
[2026-02-23T10:29:05.056Z] [INFO] 
👷 [TASK_EXECUTOR] -> @TEAM: "Принял задачу 'Implement Data Access Layer with fs/promises'. Ушел генерировать план и кодить."
[2026-02-23T10:29:05.057Z] [INFO] [BACKEND] Generating detailed prompt for task cmlz17y5s010m4ym7p1trb385...
[2026-02-23T10:29:30.604Z] [INFO] [BACKEND] Generating execution plan for task: Implement Data Access Layer with fs/promises
[2026-02-23T10:30:35.152Z] [INFO] [BACKEND] Plan generated. 4 steps to perform.
[2026-02-23T10:30:35.153Z] [INFO] [BACKEND] 🧠 First, I need to check the current project structure to see if 'src' and 'src/services' directories exist, or if I need to create them via the write tool implicitly.
[2026-02-23T10:30:35.153Z] [INFO] [BACKEND] 🛠️ Executing: executeCommand
[2026-02-23T10:30:35.171Z] [INFO] [BACKEND] ✅ executeCommand completed
[2026-02-23T10:30:35.173Z] [INFO] [BACKEND] 🧠 I will create the Data Access Layer file at 'src/services/storageService.ts' with the complete implementation using fs/promises, including path resolution, error handling for file creation, and read/write functions.
[2026-02-23T10:30:35.173Z] [INFO] [BACKEND] 🛠️ Executing: writeFile
[2026-02-23T10:30:35.249Z] [INFO] [BACKEND] ✅ writeFile completed
[2026-02-23T10:30:35.249Z] [INFO] [BACKEND] 🔍 Verification phase: running automatedCheck and artifact checks...
[2026-02-23T10:30:35.250Z] [INFO] [BACKEND][Verification] Running: cat << 'AI_VERIFY_SCRIPT_END_7f3a' > .ai-temp-check.sh
node -e "require('./dist/services/storageService.js').then(...)"
AI_VERIFY_SCRIPT_END_7f3a
sh .ai-temp-check.sh
[2026-02-23T10:30:35.370Z] [INFO] [BACKEND][Verification] Running: ls -la "src/services/storageService.ts"
[2026-02-23T10:30:35.662Z] [INFO] [BACKEND][Verification] Running: head -n 200 "src/services/storageService.ts"
[2026-02-23T10:30:35.719Z] [INFO] [BACKEND][Verification] Running: ls -la "books.json"
[2026-02-23T10:30:35.824Z] [INFO] [BACKEND][Verification] Running: head -n 200 "books.json"
[2026-02-23T10:30:35.966Z] [INFO] 
📨 [BACKEND] -> @QA: Отправил QA_REQUEST (Task: cmlz17y5s010m4ym7p1trb385)
[2026-02-23T10:30:35.987Z] [INFO] [BACKEND] Created report comment for task cmlz17y5s010m4ym7p1trb385
[2026-02-23T10:30:35.987Z] [INFO] 
📤 [TASK_EXECUTOR] -> @QA: "Я закончил писать код. Отправил тебе на ревью (QA_REQUEST)."
[2026-02-23T10:30:36.012Z] [INFO] [BACKEND] Sent QA_REQUEST for task cmlz17y5s010m4ym7p1trb385
[2026-02-23T10:30:36.015Z] [INFO] [AHP] BACKEND agent completed
[2026-02-23T10:30:36.038Z] [INFO] [BACKEND] Message processed: TASK_REQUEST
[2026-02-23T10:30:37.044Z] [INFO] [AHP] Iteration 6/500
[2026-02-23T10:30:37.090Z] [INFO] [AHP] Found 1 pending/processing messages
[2026-02-23T10:30:37.091Z] [INFO] [AHP] Active agents: QA
[2026-02-23T10:30:37.091Z] [INFO] [AHP] Creating agent for role: QA
[2026-02-23T10:30:37.091Z] [INFO] [AHP] Running QA agent...
[2026-02-23T10:30:37.099Z] [INFO] [QA] Processing 1 messages
[2026-02-23T10:30:37.107Z] [INFO] [QA] Processing message: QA_REQUEST
[2026-02-23T10:30:37.108Z] [INFO] 
🧐 [QA] -> @TASK_EXECUTOR: "Взял твой код на проверку. Сейчас посмотрим, что ты там написал..."
[2026-02-23T10:30:37.108Z] [INFO] [QA] Verifying task cmlz17y5s010m4ym7p1trb385
[2026-02-23T10:31:37.005Z] [INFO] 
📨 [QA] -> @TEAMLEAD: Отправил QA_RESPONSE (Task: cmlz17y5s010m4ym7p1trb385)
[2026-02-23T10:31:37.091Z] [INFO] 
🛑 [QA] -> @TEAMLEAD: "Код не прошел проверку! Причина: Verification Failed. Missing evidence for:

[Artifacts] books.json - The ls -la command shows 'ls: books.json: No such file or directory'. The file does not exist. Although the code includes logic to …. Возвращаю."
[2026-02-23T10:31:37.105Z] [INFO] [QA] Task cmlz17y5s010m4ym7p1trb385 verification result: REJECTED
[2026-02-23T10:31:37.106Z] [INFO] [AHP] QA agent completed
[2026-02-23T10:31:37.114Z] [INFO] [QA] Message processed: QA_REQUEST
[2026-02-23T10:31:38.166Z] [INFO] [AHP] Iteration 7/500
[2026-02-23T10:31:38.422Z] [INFO] [AHP] Found 1 pending/processing messages
[2026-02-23T10:31:38.422Z] [INFO] [AHP] Active agents: TEAMLEAD
[2026-02-23T10:31:38.423Z] [INFO] [AHP] Creating agent for role: TEAMLEAD
[2026-02-23T10:31:38.423Z] [INFO] [AHP] Running TEAMLEAD agent...
[2026-02-23T10:31:38.429Z] [INFO] [TEAMLEAD] Processing 1 messages
[2026-02-23T10:31:38.434Z] [INFO] [TEAMLEAD] Processing message: QA_RESPONSE
[2026-02-23T10:31:38.435Z] [INFO] [TeamLead] QA result for task cmlz17y5s010m4ym7p1trb385: REJECTED
[2026-02-23T10:31:38.570Z] [INFO] 
⚠️ [TEAMLEAD] -> @TASK_EXECUTOR: "QA завернул твой код. Я создал баг-тикет. Бросай всё и иди чинить!"
[2026-02-23T10:31:38.570Z] [INFO] [TeamLead] Created fixing ticket for rejected task cmlz17y5s010m4ym7p1trb385
[2026-02-23T10:31:38.571Z] [INFO] [AHP] TEAMLEAD agent completed
[2026-02-23T10:31:38.581Z] [INFO] [TEAMLEAD] Message processed: QA_RESPONSE
[2026-02-23T10:31:39.721Z] [INFO] [AHP] Iteration 8/500
[2026-02-23T10:31:39.732Z] [INFO] [AHP] Found 0 pending/processing messages
[2026-02-23T10:31:39.733Z] [INFO] [AHP] No pending messages, finding next task...
[2026-02-23T10:31:39.737Z] [INFO] [AHP] Found next ticket: cmlz1e7yh01ew4ym7tmcnjjxp
[2026-02-23T10:31:39.967Z] [INFO] 
📨 [TEAMLEAD] -> @BACKEND: Отправил TICKET_REQUEST (Task: —)
[2026-02-23T10:31:40.071Z] [INFO] [AHP] Created TICKET_REQUEST for ticket cmlz1e7yh01ew4ym7tmcnjjxp
[2026-02-23T10:31:40.119Z] [INFO] [AHP] Iteration 9/500
[2026-02-23T10:31:40.171Z] [INFO] [AHP] Found 1 pending/processing messages
[2026-02-23T10:31:40.171Z] [INFO] [AHP] Active agents: BACKEND
[2026-02-23T10:31:40.172Z] [INFO] [AHP] Creating agent for role: BACKEND
[2026-02-23T10:31:40.172Z] [INFO] [AHP] Running BACKEND agent...
[2026-02-23T10:31:40.181Z] [INFO] [BACKEND] Processing 1 messages
[2026-02-23T10:31:40.191Z] [INFO] [BACKEND] Processing message: TICKET_REQUEST
[2026-02-23T10:31:40.191Z] [INFO] [BACKEND] Processing ticket: cmlz1e7yh01ew4ym7tmcnjjxp
[2026-02-23T10:31:40.203Z] [INFO] 
🔧 [TASK_EXECUTOR] -> @QA: "Вижу твои замечания по тикету. Извиняюсь, сейчас всё исправлю."
[2026-02-23T10:31:40.204Z] [INFO] [BACKEND] Regenerating prompt for task cmlz17y5s010m4ym7p1trb385 based on ticket cmlz1e7yh01ew4ym7tmcnjjxp...
[2026-02-23T10:32:00.667Z] [INFO] [BACKEND] Generating execution plan for ticket cmlz1e7yh01ew4ym7tmcnjjxp (task: Implement Data Access Layer with fs/promises)
[2026-02-23T10:32:13.217Z] [INFO] [BACKEND] Ticket plan generated. 14 steps to perform.
[2026-02-23T10:32:13.218Z] [INFO] [BACKEND] 🧠 First, I need to check the current project structure to see if the src directory exists and understand the project layout.
[2026-02-23T10:32:13.218Z] [INFO] [BACKEND] 🛠️ Executing: readFile
[2026-02-23T10:32:13.228Z] [INFO] [BACKEND] 🛠️ Executing: writeFile
[2026-02-23T10:32:13.232Z] [INFO] [BACKEND] ✅ readFile completed
[2026-02-23T10:32:13.235Z] [INFO] [BACKEND] 🧠 Since the prompt requires TypeScript and fs/promises, and QA demands proof of file creation, I will write a temporary validation script first to execute the logic and verify the file creation behavior.
[2026-02-23T10:32:13.239Z] [INFO] [BACKEND] ✅ writeFile completed
[2026-02-23T10:32:13.244Z] [INFO] [BACKEND] 🧠 I need to check if a tsconfig.json exists to understand how to run the TypeScript file. If not, I might need to use ts-node or check the scripts in package.json.
[2026-02-23T10:32:13.248Z] [INFO] [BACKEND] 🛠️ Executing: readFile
[2026-02-23T10:32:13.258Z] [INFO] [BACKEND] ✅ readFile completed
[2026-02-23T10:32:13.259Z] [INFO] [BACKEND] 🧠 I will create a temporary script (test-creation.ts) in the root directory. This script will import the service and call getBooks() to trigger the file creation logic. Then I will run it to prove books.json is created with [].
[2026-02-23T10:32:13.260Z] [INFO] [BACKEND] 🛠️ Executing: writeFile
[2026-02-23T10:32:13.330Z] [INFO] [BACKEND] ✅ writeFile completed
[2026-02-23T10:32:13.331Z] [INFO] [BACKEND] 🧠 Now I will execute the test script using npx ts-node to verify the file creation logic works as required by QA.
[2026-02-23T10:32:13.332Z] [INFO] [BACKEND] 🛠️ Executing: executeCommand
[2026-02-23T10:32:28.203Z] [INFO] [BACKEND] ✅ executeCommand completed
[2026-02-23T10:32:28.203Z] [INFO] [BACKEND] 🧠 After execution, I will read the books.json file to provide proof that it was created and contains the correct empty array structure.
[2026-02-23T10:32:28.203Z] [INFO] [BACKEND] 🛠️ Executing: readFile
[2026-02-23T10:32:28.280Z] [INFO] [BACKEND] ✅ readFile completed
[2026-02-23T10:32:28.280Z] [INFO] [BACKEND] 🧠 Finally, I will clean up the temporary test file since it was only needed for verification.
[2026-02-23T10:32:28.280Z] [INFO] [BACKEND] 🛠️ Executing: executeCommand
[2026-02-23T10:32:28.306Z] [INFO] [BACKEND] ✅ executeCommand completed
[2026-02-23T10:32:28.306Z] [INFO] [BACKEND] 🔍 Verification phase (ticket run: artifact checks only)...
[2026-02-23T10:32:28.306Z] [INFO] [BACKEND][Verification] Running: ls -la "src/services/storageService.ts"
[2026-02-23T10:32:28.347Z] [INFO] [BACKEND][Verification] Running: head -n 200 "src/services/storageService.ts"
[2026-02-23T10:32:28.374Z] [INFO] [BACKEND][Verification] Running: ls -la "books.json"
[2026-02-23T10:32:28.423Z] [INFO] [BACKEND][Verification] Running: head -n 200 "books.json"
[2026-02-23T10:32:28.432Z] [INFO] 
📨 [BACKEND] -> @QA: Отправил QA_REQUEST (Task: cmlz17y5s010m4ym7p1trb385)
[2026-02-23T10:32:28.440Z] [INFO] [BACKEND] Created report comment for ticket cmlz1e7yh01ew4ym7tmcnjjxp
[2026-02-23T10:32:28.441Z] [INFO] 
📤 [TASK_EXECUTOR] -> @QA: "Я закончил писать код. Отправил тебе на ревью (QA_REQUEST)."
[2026-02-23T10:32:28.451Z] [INFO] [BACKEND] Sent QA_REQUEST for ticket cmlz1e7yh01ew4ym7tmcnjjxp (task cmlz17y5s010m4ym7p1trb385); ticket status will be set by QA result
[2026-02-23T10:32:28.452Z] [INFO] [AHP] BACKEND agent completed
[2026-02-23T10:32:28.456Z] [INFO] [BACKEND] Message processed: TICKET_REQUEST
[2026-02-23T10:32:29.541Z] [INFO] [AHP] Iteration 10/500
[2026-02-23T10:32:29.561Z] [INFO] [AHP] Found 1 pending/processing messages
[2026-02-23T10:32:29.562Z] [INFO] [AHP] Active agents: QA
[2026-02-23T10:32:29.562Z] [INFO] [AHP] Creating agent for role: QA
[2026-02-23T10:32:29.562Z] [INFO] [AHP] Running QA agent...
[2026-02-23T10:32:29.577Z] [INFO] [QA] Processing 1 messages
[2026-02-23T10:32:29.585Z] [INFO] [QA] Processing message: QA_REQUEST
[2026-02-23T10:32:29.585Z] [INFO] 
🧐 [QA] -> @TASK_EXECUTOR: "Взял твой код на проверку. Сейчас посмотрим, что ты там написал..."
[2026-02-23T10:32:29.585Z] [INFO] [QA] Verifying task cmlz17y5s010m4ym7p1trb385 (ticket cmlz1e7yh01ew4ym7tmcnjjxp)
[2026-02-23T10:32:45.581Z] [INFO] 
📨 [QA] -> @TEAMLEAD: Отправил QA_RESPONSE (Task: cmlz17y5s010m4ym7p1trb385)
[2026-02-23T10:32:45.589Z] [INFO] 
✅ [QA] -> @TEAMLEAD: "Проверил, всё работает как часы. Апрув."
[2026-02-23T10:32:45.612Z] [INFO] [QA] Task cmlz17y5s010m4ym7p1trb385 verification result: DONE
[2026-02-23T10:32:45.614Z] [INFO] [AHP] QA agent completed
[2026-02-23T10:32:45.616Z] [INFO] [QA] Message processed: QA_REQUEST
[2026-02-23T10:32:46.671Z] [INFO] [AHP] Iteration 11/500
[2026-02-23T10:32:46.750Z] [INFO] [AHP] Found 1 pending/processing messages
[2026-02-23T10:32:46.750Z] [INFO] [AHP] Active agents: TEAMLEAD
[2026-02-23T10:32:46.751Z] [INFO] [AHP] Creating agent for role: TEAMLEAD
[2026-02-23T10:32:46.751Z] [INFO] [AHP] Running TEAMLEAD agent...
[2026-02-23T10:32:46.781Z] [INFO] [TEAMLEAD] Processing 1 messages
[2026-02-23T10:32:46.802Z] [INFO] [TEAMLEAD] Processing message: QA_RESPONSE
[2026-02-23T10:32:46.803Z] [INFO] [TeamLead] QA result for task cmlz17y5s010m4ym7p1trb385: DONE (ticket cmlz1e7yh01ew4ym7tmcnjjxp)
[2026-02-23T10:32:46.819Z] [INFO] 
🎉 [TEAMLEAD] -> @ALL: "Отличная работа! QA принял задачу. Иду за следующей..."
[2026-02-23T10:32:46.820Z] [INFO] [TeamLead] Updated ticket cmlz1e7yh01ew4ym7tmcnjjxp status to DONE (from QA)
[2026-02-23T10:32:46.821Z] [INFO] [AHP] TEAMLEAD agent completed
[2026-02-23T10:32:46.826Z] [INFO] [TEAMLEAD] Message processed: QA_RESPONSE
[2026-02-23T10:32:47.854Z] [INFO] [AHP] Iteration 12/500
[2026-02-23T10:32:47.882Z] [INFO] [AHP] Found 0 pending/processing messages
[2026-02-23T10:32:47.882Z] [INFO] [AHP] No pending messages, finding next task...
[2026-02-23T10:32:47.892Z] [INFO] [AHP] Found next task: cmlz17y5s010o4ym7p92ndtgw
[2026-02-23T10:32:47.896Z] [INFO] 
📨 [TEAMLEAD] -> @BACKEND: Отправил TASK_REQUEST (Task: cmlz17y5s010o4ym7p92ndtgw)
[2026-02-23T10:32:47.903Z] [INFO] [AHP] Created TASK_REQUEST for task cmlz17y5s010o4ym7p92ndtgw
[2026-02-23T10:32:47.906Z] [INFO] [AHP] Iteration 13/500
[2026-02-23T10:32:47.915Z] [INFO] [AHP] Found 1 pending/processing messages
[2026-02-23T10:32:47.915Z] [INFO] [AHP] Active agents: BACKEND
[2026-02-23T10:32:47.916Z] [INFO] [AHP] Creating agent for role: BACKEND
[2026-02-23T10:32:47.916Z] [INFO] [AHP] Running BACKEND agent...
[2026-02-23T10:32:47.956Z] [INFO] [BACKEND] Processing 1 messages
[2026-02-23T10:32:47.961Z] [INFO] [BACKEND] Processing task: cmlz17y5s010o4ym7p92ndtgw
[2026-02-23T10:32:47.963Z] [INFO] [BACKEND] Processing message: TASK_REQUEST
[2026-02-23T10:32:47.968Z] [INFO] 
👷 [TASK_EXECUTOR] -> @TEAM: "Принял задачу 'Implement API Routes and Validation with Zod'. Ушел генерировать план и кодить."
[2026-02-23T10:32:47.969Z] [INFO] [BACKEND] Generating detailed prompt for task cmlz17y5s010o4ym7p92ndtgw...
[2026-02-23T10:32:59.795Z] [INFO] [BACKEND] Generating execution plan for task: Implement API Routes and Validation with Zod
[2026-02-23T10:33:12.095Z] [INFO] [BACKEND] Plan generated. 10 steps to perform.
[2026-02-23T10:33:12.096Z] [INFO] [BACKEND] 🧠 I need to understand the existing DAL interface to ensure I call the correct functions in the routes. I will read the bookService file.
[2026-02-23T10:33:12.096Z] [INFO] [BACKEND] 🛠️ Executing: readFile
[2026-02-23T10:33:12.104Z] [INFO] [BACKEND] ✅ readFile completed
[2026-02-23T10:33:12.104Z] [INFO] [BACKEND] 🧠 I need to see the current state of the entry point to know where to mount the new routes and what middleware is already configured.
[2026-02-23T10:33:12.105Z] [INFO] [BACKEND] 🛠️ Executing: readFile
[2026-02-23T10:33:12.292Z] [INFO] [BACKEND] ✅ readFile completed
[2026-02-23T10:33:12.293Z] [INFO] [BACKEND] 🧠 Now I will create the validation schema file using Zod as requested.
[2026-02-23T10:33:12.294Z] [INFO] [BACKEND] 🛠️ Executing: writeFile
[2026-02-23T10:33:12.347Z] [INFO] [BACKEND] ✅ writeFile completed
[2026-02-23T10:33:12.351Z] [INFO] [BACKEND] 🧠 I will now implement the router file, importing the validator and the DAL service to handle GET, POST, and DELETE requests.
[2026-02-23T10:33:12.351Z] [INFO] [BACKEND] 🛠️ Executing: writeFile
[2026-02-23T10:33:12.432Z] [INFO] [BACKEND] ✅ writeFile completed
[2026-02-23T10:33:12.433Z] [INFO] [BACKEND] 🧠 Finally, I will update the main index.ts file to import the router, ensure JSON middleware is active, and mount the routes at '/books'.
[2026-02-23T10:33:12.434Z] [INFO] [BACKEND] 🛠️ Executing: writeFile
[2026-02-23T10:33:12.506Z] [INFO] [BACKEND] ✅ writeFile completed
[2026-02-23T10:33:12.506Z] [INFO] [BACKEND] 🔍 Verification phase: running automatedCheck and artifact checks...
[2026-02-23T10:33:12.507Z] [INFO] [BACKEND][Verification] Running: cat << 'AI_VERIFY_SCRIPT_END_7f3a' > .ai-temp-check.sh
npm run build && npm start (background) && sleep 2 && curl http://localhost:3000/books
AI_VERIFY_SCRIPT_END_7f3a
sh .ai-temp-check.sh
[2026-02-23T10:33:12.611Z] [INFO] [BACKEND][Verification] Running: ls -la "src/routes/bookRoutes.ts"
[2026-02-23T10:33:12.664Z] [INFO] [BACKEND][Verification] Running: head -n 200 "src/routes/bookRoutes.ts"
[2026-02-23T10:33:12.665Z] [INFO] [BACKEND][Verification] Running: ls -la "src/index.ts"
[2026-02-23T10:33:12.696Z] [INFO] [BACKEND][Verification] Running: head -n 200 "src/index.ts"
[2026-02-23T10:33:12.707Z] [INFO] 
📨 [BACKEND] -> @QA: Отправил QA_REQUEST (Task: cmlz17y5s010o4ym7p92ndtgw)
[2026-02-23T10:33:12.715Z] [INFO] [BACKEND] Created report comment for task cmlz17y5s010o4ym7p92ndtgw
[2026-02-23T10:33:12.717Z] [INFO] 
📤 [TASK_EXECUTOR] -> @QA: "Я закончил писать код. Отправил тебе на ревью (QA_REQUEST)."
[2026-02-23T10:33:12.726Z] [INFO] [BACKEND] Sent QA_REQUEST for task cmlz17y5s010o4ym7p92ndtgw
[2026-02-23T10:33:12.730Z] [INFO] [AHP] BACKEND agent completed
[2026-02-23T10:33:12.734Z] [INFO] [BACKEND] Message processed: TASK_REQUEST
[2026-02-23T10:33:13.762Z] [INFO] [AHP] Iteration 14/500
[2026-02-23T10:33:13.798Z] [INFO] [AHP] Found 1 pending/processing messages
[2026-02-23T10:33:13.799Z] [INFO] [AHP] Active agents: QA
[2026-02-23T10:33:13.800Z] [INFO] [AHP] Creating agent for role: QA
[2026-02-23T10:33:13.800Z] [INFO] [AHP] Running QA agent...
[2026-02-23T10:33:13.812Z] [INFO] [QA] Processing 1 messages
[2026-02-23T10:33:13.824Z] [INFO] [QA] Processing message: QA_REQUEST
[2026-02-23T10:33:13.825Z] [INFO] 
🧐 [QA] -> @TASK_EXECUTOR: "Взял твой код на проверку. Сейчас посмотрим, что ты там написал..."
[2026-02-23T10:33:13.825Z] [INFO] [QA] Verifying task cmlz17y5s010o4ym7p92ndtgw
[2026-02-23T10:33:58.538Z] [INFO] 
📨 [QA] -> @TEAMLEAD: Отправил QA_RESPONSE (Task: cmlz17y5s010o4ym7p92ndtgw)
[2026-02-23T10:33:58.652Z] [INFO] 
🛑 [QA] -> @TEAMLEAD: "Код не прошел проверку! Причина: Verification Failed. Missing evidence for: [automatedCheck] The automated check command failed with a syntax error: '.ai-temp-check.sh: line 1: syntax error: unexpected "("'. The command 'npm start (b…. Возвращаю."
[2026-02-23T10:33:58.907Z] [INFO] [QA] Task cmlz17y5s010o4ym7p92ndtgw verification result: REJECTED
[2026-02-23T10:33:58.915Z] [INFO] [AHP] QA agent completed
[2026-02-23T10:33:58.995Z] [INFO] [QA] Message processed: QA_REQUEST
[2026-02-23T10:34:01.436Z] [INFO] [AHP] Iteration 15/500
[2026-02-23T10:34:01.713Z] [INFO] [AHP] Found 1 pending/processing messages
[2026-02-23T10:34:01.715Z] [INFO] [AHP] Active agents: TEAMLEAD
[2026-02-23T10:34:01.717Z] [INFO] [AHP] Creating agent for role: TEAMLEAD
[2026-02-23T10:34:01.718Z] [INFO] [AHP] Running TEAMLEAD agent...
[2026-02-23T10:34:02.114Z] [INFO] [TEAMLEAD] Processing 1 messages
[2026-02-23T10:34:02.200Z] [INFO] [TEAMLEAD] Processing message: QA_RESPONSE
[2026-02-23T10:34:02.216Z] [INFO] [TeamLead] QA result for task cmlz17y5s010o4ym7p92ndtgw: REJECTED
[2026-02-23T10:34:02.458Z] [INFO] 
⚠️ [TEAMLEAD] -> @TASK_EXECUTOR: "QA завернул твой код. Я создал баг-тикет. Бросай всё и иди чинить!"
[2026-02-23T10:34:02.461Z] [INFO] [TeamLead] Created fixing ticket for rejected task cmlz17y5s010o4ym7p92ndtgw
[2026-02-23T10:34:02.466Z] [INFO] [AHP] TEAMLEAD agent completed
[2026-02-23T10:34:02.541Z] [INFO] [TEAMLEAD] Message processed: QA_RESPONSE
[2026-02-23T10:34:03.587Z] [INFO] [AHP] Iteration 16/500
[2026-02-23T10:34:03.642Z] [INFO] [AHP] Found 0 pending/processing messages
[2026-02-23T10:34:03.643Z] [INFO] [AHP] No pending messages, finding next task...
[2026-02-23T10:34:03.646Z] [INFO] [AHP] Found next ticket: cmlz1haya01p64ym75sjxbkmm
[2026-02-23T10:34:03.657Z] [INFO] 
📨 [TEAMLEAD] -> @BACKEND: Отправил TICKET_REQUEST (Task: —)
[2026-02-23T10:34:03.661Z] [INFO] [AHP] Created TICKET_REQUEST for ticket cmlz1haya01p64ym75sjxbkmm
[2026-02-23T10:34:03.664Z] [INFO] [AHP] Iteration 17/500
[2026-02-23T10:34:03.677Z] [INFO] [AHP] Found 1 pending/processing messages
[2026-02-23T10:34:03.677Z] [INFO] [AHP] Active agents: BACKEND
[2026-02-23T10:34:03.678Z] [INFO] [AHP] Creating agent for role: BACKEND
[2026-02-23T10:34:03.678Z] [INFO] [AHP] Running BACKEND agent...
[2026-02-23T10:34:03.683Z] [INFO] [BACKEND] Processing 1 messages
[2026-02-23T10:34:03.688Z] [INFO] [BACKEND] Processing message: TICKET_REQUEST
[2026-02-23T10:34:03.688Z] [INFO] [BACKEND] Processing ticket: cmlz1haya01p64ym75sjxbkmm
[2026-02-23T10:34:03.698Z] [INFO] 
🔧 [TASK_EXECUTOR] -> @QA: "Вижу твои замечания по тикету. Извиняюсь, сейчас всё исправлю."
[2026-02-23T10:34:03.698Z] [INFO] [BACKEND] Regenerating prompt for task cmlz17y5s010o4ym7p92ndtgw based on ticket cmlz1haya01p64ym75sjxbkmm...
[2026-02-23T10:34:35.219Z] [INFO] [BACKEND] Generating execution plan for ticket cmlz1haya01p64ym75sjxbkmm (task: Implement API Routes and Validation with Zod)
[2026-02-23T10:34:49.164Z] [INFO] [BACKEND] Ticket plan generated. 14 steps to perform.
[2026-02-23T10:34:49.167Z] [INFO] [BACKEND] 🧠 I need to understand the current project structure and check if the Data Access Layer (bookService) already exists as mentioned in the instructions.
[2026-02-23T10:34:49.168Z] [INFO] [BACKEND] 🛠️ Executing: readFile
[2026-02-23T10:34:49.258Z] [INFO] [BACKEND] 🛠️ Executing: executeCommand
[2026-02-23T10:34:49.274Z] [INFO] [BACKEND] ✅ readFile completed
[2026-02-23T10:34:49.279Z] [INFO] [BACKEND] 🧠 Checking if the 'src' directory exists and what files are present to determine if bookService.ts exists.
[2026-02-23T10:34:49.323Z] [INFO] [BACKEND] ✅ executeCommand completed
[2026-02-23T10:34:49.326Z] [INFO] [BACKEND] 🧠 I need to check if bookService.ts exists to import readBooks and writeBooks functions. If not, I will need to create it.
[2026-02-23T10:34:49.327Z] [INFO] [BACKEND] 🛠️ Executing: readFile
[2026-02-23T10:34:49.353Z] [INFO] [BACKEND] ✅ readFile completed
[2026-02-23T10:34:49.354Z] [INFO] [BACKEND] 🧠 Creating the bookRoutes.ts file with Zod validation and the CRUD endpoints (GET, POST, DELETE). I'll assume the service exists or handle the fallback by creating it next if needed.
[2026-02-23T10:34:49.354Z] [INFO] [BACKEND] 🛠️ Executing: writeFile
[2026-02-23T10:34:49.408Z] [INFO] [BACKEND] ✅ writeFile completed
[2026-02-23T10:34:49.409Z] [INFO] [BACKEND] 🧠 Creating the main entry point src/index.ts which sets up Express, middleware, and connects the routes. This also ensures the server starts correctly on the specified port.
[2026-02-23T10:34:49.409Z] [INFO] [BACKEND] 🛠️ Executing: writeFile
[2026-02-23T10:34:49.451Z] [INFO] [BACKEND] ✅ writeFile completed
[2026-02-23T10:34:49.452Z] [INFO] [BACKEND] 🧠 Verifying the 'start' script in package.json to ensure it runs the correct command (ts-node or tsx). If it's missing or incorrect, I need to fix it to avoid the QA failure mentioned in the prompt.
[2026-02-23T10:34:49.452Z] [INFO] [BACKEND] 🛠️ Executing: readFile
[2026-02-23T10:34:49.512Z] [INFO] [BACKEND] ✅ readFile completed
[2026-02-23T10:34:49.512Z] [INFO] [BACKEND] 🧠 Attempting to start the server using 'npm start' to verify there are no syntax errors and the application launches correctly.
[2026-02-23T10:34:49.512Z] [INFO] [BACKEND] 🛠️ Executing: executeCommand
[2026-02-23T10:34:50.876Z] [INFO] [BACKEND] ✅ executeCommand completed
[2026-02-23T10:34:50.877Z] [INFO] [BACKEND] 🔍 Verification phase (ticket run: artifact checks only)...
[2026-02-23T10:34:50.877Z] [INFO] [BACKEND][Verification] Running: ls -la "src/routes/bookRoutes.ts"
[2026-02-23T10:34:50.916Z] [INFO] [BACKEND][Verification] Running: head -n 200 "src/routes/bookRoutes.ts"
[2026-02-23T10:34:50.963Z] [INFO] [BACKEND][Verification] Running: ls -la "src/index.ts"
[2026-02-23T10:34:51.008Z] [INFO] [BACKEND][Verification] Running: head -n 200 "src/index.ts"
[2026-02-23T10:34:51.020Z] [INFO] 
📨 [BACKEND] -> @QA: Отправил QA_REQUEST (Task: cmlz17y5s010o4ym7p92ndtgw)
[2026-02-23T10:34:51.041Z] [INFO] [BACKEND] Created report comment for ticket cmlz1haya01p64ym75sjxbkmm
[2026-02-23T10:34:51.043Z] [INFO] 
📤 [TASK_EXECUTOR] -> @QA: "Я закончил писать код. Отправил тебе на ревью (QA_REQUEST)."
[2026-02-23T10:34:51.077Z] [INFO] [BACKEND] Sent QA_REQUEST for ticket cmlz1haya01p64ym75sjxbkmm (task cmlz17y5s010o4ym7p92ndtgw); ticket status will be set by QA result
[2026-02-23T10:34:51.079Z] [INFO] [AHP] BACKEND agent completed
[2026-02-23T10:34:51.090Z] [INFO] [BACKEND] Message processed: TICKET_REQUEST
[2026-02-23T10:34:52.164Z] [INFO] [AHP] Iteration 18/500
[2026-02-23T10:34:52.214Z] [INFO] [AHP] Found 1 pending/processing messages
[2026-02-23T10:34:52.216Z] [INFO] [AHP] Active agents: QA
[2026-02-23T10:34:52.216Z] [INFO] [AHP] Creating agent for role: QA
[2026-02-23T10:34:52.217Z] [INFO] [AHP] Running QA agent...
[2026-02-23T10:34:52.226Z] [INFO] [QA] Processing 1 messages
[2026-02-23T10:34:52.235Z] [INFO] [QA] Processing message: QA_REQUEST
[2026-02-23T10:34:52.238Z] [INFO] 
🧐 [QA] -> @TASK_EXECUTOR: "Взял твой код на проверку. Сейчас посмотрим, что ты там написал..."
[2026-02-23T10:34:52.243Z] [INFO] [QA] Verifying task cmlz17y5s010o4ym7p92ndtgw (ticket cmlz1haya01p64ym75sjxbkmm)
[2026-02-23T10:35:06.768Z] [INFO] 
📨 [QA] -> @TEAMLEAD: Отправил QA_RESPONSE (Task: cmlz17y5s010o4ym7p92ndtgw)
[2026-02-23T10:35:07.242Z] [INFO] 
✅ [QA] -> @TEAMLEAD: "Проверил, всё работает как часы. Апрув."
[2026-02-23T10:35:07.358Z] [INFO] [QA] Task cmlz17y5s010o4ym7p92ndtgw verification result: DONE
[2026-02-23T10:35:07.365Z] [INFO] [AHP] QA agent completed
[2026-02-23T10:35:07.586Z] [INFO] [QA] Message processed: QA_REQUEST
[2026-02-23T10:35:08.485Z] [INFO] [AHP] Iteration 19/500
[2026-02-23T10:35:08.562Z] [INFO] [AHP] Found 1 pending/processing messages
[2026-02-23T10:35:08.564Z] [INFO] [AHP] Active agents: TEAMLEAD
[2026-02-23T10:35:08.565Z] [INFO] [AHP] Creating agent for role: TEAMLEAD
[2026-02-23T10:35:08.568Z] [INFO] [AHP] Running TEAMLEAD agent...
[2026-02-23T10:35:08.607Z] [INFO] [TEAMLEAD] Processing 1 messages
[2026-02-23T10:35:08.618Z] [INFO] [TEAMLEAD] Processing message: QA_RESPONSE
[2026-02-23T10:35:08.618Z] [INFO] [TeamLead] QA result for task cmlz17y5s010o4ym7p92ndtgw: DONE (ticket cmlz1haya01p64ym75sjxbkmm)
[2026-02-23T10:35:08.626Z] [INFO] 
🎉 [TEAMLEAD] -> @ALL: "Отличная работа! QA принял задачу. Иду за следующей..."
[2026-02-23T10:35:08.626Z] [INFO] [TeamLead] Updated ticket cmlz1haya01p64ym75sjxbkmm status to DONE (from QA)
[2026-02-23T10:35:08.627Z] [INFO] [AHP] TEAMLEAD agent completed
[2026-02-23T10:35:08.637Z] [INFO] [TEAMLEAD] Message processed: QA_RESPONSE
[2026-02-23T10:35:09.630Z] [INFO] [AHP] Iteration 20/500
[2026-02-23T10:35:09.725Z] [INFO] [AHP] Session stopping: No more tasks to process
[2026-02-23T10:35:09.726Z] [INFO] [AHP] Finalizing session. Reason: No more tasks to process
