[2026-02-22T18:50:56.968Z] [INFO] [AHP] Dispatcher started
[2026-02-22T18:50:57.140Z] [INFO] [AHP] Initialized workspace: /app/projects/cmly3kuo20001pfrfhm0tuxo9
[2026-02-22T18:50:57.155Z] [INFO] [AHP] Iteration 1/500
[2026-02-22T18:50:57.181Z] [INFO] [AHP] Found 0 pending/processing messages
[2026-02-22T18:50:57.182Z] [INFO] [AHP] No pending messages, finding next task...
[2026-02-22T18:50:57.191Z] [INFO] [AHP] Found next task: cmly3rbng000apfrf2kpg8l3r
[2026-02-22T18:50:57.203Z] [INFO] [AHP] Created TASK_REQUEST for task cmly3rbng000apfrf2kpg8l3r
[2026-02-22T18:50:57.207Z] [INFO] [AHP] Iteration 2/500
[2026-02-22T18:50:57.216Z] [INFO] [AHP] Found 1 pending/processing messages
[2026-02-22T18:50:57.217Z] [INFO] [AHP] Active agents: TASK_EXECUTOR
[2026-02-22T18:50:57.218Z] [INFO] [AHP] Creating agent for role: TASK_EXECUTOR
[2026-02-22T18:50:57.219Z] [INFO] [AHP] Running TASK_EXECUTOR agent...
[2026-02-22T18:50:57.227Z] [INFO] [TASK_EXECUTOR] Processing 1 messages
[2026-02-22T18:50:57.238Z] [INFO] [TASK_EXECUTOR] Processing message: TASK_REQUEST
[2026-02-22T18:50:57.239Z] [INFO] [TASK_EXECUTOR] Processing task: cmly3rbng000apfrf2kpg8l3r
[2026-02-22T18:50:57.248Z] [INFO] [TASK_EXECUTOR] Generating detailed prompt for task cmly3rbng000apfrf2kpg8l3r...
[2026-02-22T18:51:13.172Z] [INFO] [TASK_EXECUTOR] Generating execution plan for task: Инициализация проекта и интеграция стека
[2026-02-22T18:51:20.410Z] [INFO] [TASK_EXECUTOR] Plan generated. 2 steps to perform.
[2026-02-22T18:51:20.415Z] [INFO] [TASK_EXECUTOR] 🧠 Since this is a project initialization task and no files exist yet, I need to create the single `index.html` file that serves as the entire application structure.
[2026-02-22T18:51:20.418Z] [INFO] [TASK_EXECUTOR] 🛠️ Executing: writeFile
[2026-02-22T18:51:20.468Z] [INFO] [TASK_EXECUTOR] 🔍 Verification phase: running automatedCheck and artifact checks...
[2026-02-22T18:51:20.474Z] [INFO] [TASK_EXECUTOR][Verification] Running: cat << 'AI_VERIFY_SCRIPT_END_7f3a' > .ai-temp-check.sh
npx html-validate index.html
AI_VERIFY_SCRIPT_END_7f3a
sh .ai-temp-check.sh
[2026-02-22T18:51:20.477Z] [INFO] [TASK_EXECUTOR] ✅ writeFile completed
[2026-02-22T18:52:30.270Z] [INFO] [TASK_EXECUTOR][Verification] Running: ls -la "index.html"
[2026-02-22T18:52:30.331Z] [INFO] [TASK_EXECUTOR][Verification] Running: head -n 200 "index.html"
[2026-02-22T18:52:30.464Z] [INFO] [TASK_EXECUTOR] Created report comment for task cmly3rbng000apfrf2kpg8l3r
[2026-02-22T18:52:30.521Z] [INFO] [TASK_EXECUTOR] Sent QA_REQUEST for task cmly3rbng000apfrf2kpg8l3r
[2026-02-22T18:52:30.525Z] [INFO] [AHP] TASK_EXECUTOR agent completed
[2026-02-22T18:52:30.583Z] [INFO] [TASK_EXECUTOR] Message processed: TASK_REQUEST
[2026-02-22T18:52:31.676Z] [INFO] [AHP] Iteration 3/500
[2026-02-22T18:52:31.770Z] [INFO] [AHP] Found 1 pending/processing messages
[2026-02-22T18:52:31.777Z] [INFO] [AHP] Active agents: QA
[2026-02-22T18:52:31.786Z] [INFO] [AHP] Creating agent for role: QA
[2026-02-22T18:52:31.790Z] [INFO] [AHP] Running QA agent...
[2026-02-22T18:52:31.998Z] [INFO] [QA] Processing 1 messages
[2026-02-22T18:52:32.001Z] [INFO] [QA] Processing message: QA_REQUEST
[2026-02-22T18:52:32.003Z] [INFO] [QA] Verifying task cmly3rbng000apfrf2kpg8l3r
[2026-02-22T18:52:59.594Z] [INFO] [QA] Task cmly3rbng000apfrf2kpg8l3r verification result: REJECTED
[2026-02-22T18:52:59.601Z] [INFO] [AHP] QA agent completed
[2026-02-22T18:52:59.622Z] [INFO] [QA] Message processed: QA_REQUEST
[2026-02-22T18:53:00.675Z] [INFO] [AHP] Iteration 4/500
[2026-02-22T18:53:00.743Z] [INFO] [AHP] Found 1 pending/processing messages
[2026-02-22T18:53:00.746Z] [INFO] [AHP] Active agents: TEAMLEAD
[2026-02-22T18:53:00.748Z] [INFO] [AHP] Creating agent for role: TEAMLEAD
[2026-02-22T18:53:00.750Z] [INFO] [AHP] Running TEAMLEAD agent...
[2026-02-22T18:53:00.895Z] [INFO] [TEAMLEAD] Processing 1 messages
[2026-02-22T18:53:00.961Z] [INFO] [TEAMLEAD] Processing message: QA_RESPONSE
[2026-02-22T18:53:00.965Z] [INFO] [TeamLead] QA result for task cmly3rbng000apfrf2kpg8l3r: REJECTED
[2026-02-22T18:53:01.091Z] [INFO] [TeamLead] Created fixing ticket for rejected task cmly3rbng000apfrf2kpg8l3r
[2026-02-22T18:53:01.101Z] [INFO] [AHP] TEAMLEAD agent completed
[2026-02-22T18:53:01.130Z] [INFO] [TEAMLEAD] Message processed: QA_RESPONSE
[2026-02-22T18:53:02.160Z] [INFO] [AHP] Iteration 5/500
[2026-02-22T18:53:02.569Z] [INFO] [AHP] Found 0 pending/processing messages
[2026-02-22T18:53:02.575Z] [INFO] [AHP] No pending messages, finding next task...
[2026-02-22T18:53:02.613Z] [INFO] [AHP] Found next ticket: cmly3v557008spfrflu35avc1
[2026-02-22T18:53:02.707Z] [INFO] [AHP] Created TICKET_REQUEST for ticket cmly3v557008spfrflu35avc1
[2026-02-22T18:53:02.730Z] [INFO] [AHP] Iteration 6/500
[2026-02-22T18:53:02.776Z] [INFO] [AHP] Found 1 pending/processing messages
[2026-02-22T18:53:02.779Z] [INFO] [AHP] Active agents: TASK_EXECUTOR
[2026-02-22T18:53:02.782Z] [INFO] [AHP] Creating agent for role: TASK_EXECUTOR
[2026-02-22T18:53:02.786Z] [INFO] [AHP] Running TASK_EXECUTOR agent...
[2026-02-22T18:53:02.899Z] [INFO] [TASK_EXECUTOR] Processing 1 messages
[2026-02-22T18:53:02.985Z] [INFO] [TASK_EXECUTOR] Processing message: TICKET_REQUEST
[2026-02-22T18:53:02.992Z] [INFO] [TASK_EXECUTOR] Processing ticket: cmly3v557008spfrflu35avc1
[2026-02-22T18:53:03.102Z] [INFO] [TASK_EXECUTOR] Regenerating prompt for task cmly3rbng000apfrf2kpg8l3r based on ticket cmly3v557008spfrflu35avc1...
[2026-02-22T18:53:18.514Z] [INFO] [TASK_EXECUTOR] Generating execution plan for ticket cmly3v557008spfrflu35avc1 (task: Инициализация проекта и интеграция стека)
[2026-02-22T18:53:32.980Z] [INFO] [TASK_EXECUTOR] Ticket plan generated. 6 steps to perform.
[2026-02-22T18:53:32.986Z] [INFO] [TASK_EXECUTOR] 🧠 First, I need to examine the current state of the index.html file to identify the specific lines with trailing whitespace and unescaped ampersands mentioned in the QA report.
[2026-02-22T18:53:32.990Z] [INFO] [TASK_EXECUTOR] 🛠️ Executing: readFile
[2026-02-22T18:53:33.114Z] [INFO] [TASK_EXECUTOR] ✅ readFile completed
[2026-02-22T18:53:33.116Z] [INFO] [TASK_EXECUTOR] 🧠 I will now overwrite index.html with the corrected version. I will ensure all unescaped ampersands in CDN URLs are replaced with &amp;, and all trailing whitespace is removed from lines 7, 10, 37, and 48, as well as the rest of the file.
[2026-02-22T18:53:33.118Z] [INFO] [TASK_EXECUTOR] 🛠️ Executing: writeFile
[2026-02-22T18:53:33.121Z] [INFO] [TASK_EXECUTOR] ✅ writeFile completed
[2026-02-22T18:53:33.123Z] [INFO] [TASK_EXECUTOR] 🧠 Now I will run the validation tool to confirm that all errors have been fixed and the file passes the QA check.
[2026-02-22T18:53:33.125Z] [INFO] [TASK_EXECUTOR] 🛠️ Executing: executeCommand
[2026-02-22T18:53:57.491Z] [INFO] [TASK_EXECUTOR] ✅ executeCommand completed
[2026-02-22T18:53:57.508Z] [INFO] [TASK_EXECUTOR] 🔍 Verification phase (ticket run: artifact checks only)...
[2026-02-22T18:53:57.523Z] [INFO] [TASK_EXECUTOR][Verification] Running: ls -la "index.html"
[2026-02-22T18:53:58.284Z] [INFO] [TASK_EXECUTOR][Verification] Running: head -n 200 "index.html"
[2026-02-22T18:54:00.223Z] [INFO] [TASK_EXECUTOR] Created report comment for ticket cmly3v557008spfrflu35avc1
[2026-02-22T18:54:00.334Z] [INFO] [TASK_EXECUTOR] Sent QA_REQUEST for ticket cmly3v557008spfrflu35avc1 (task cmly3rbng000apfrf2kpg8l3r); ticket status will be set by QA result
[2026-02-22T18:54:00.354Z] [INFO] [AHP] TASK_EXECUTOR agent completed
[2026-02-22T18:54:00.439Z] [INFO] [TASK_EXECUTOR] Message processed: TICKET_REQUEST
[2026-02-22T18:54:03.003Z] [INFO] [AHP] Iteration 7/500
[2026-02-22T18:54:03.060Z] [INFO] [AHP] Found 1 pending/processing messages
[2026-02-22T18:54:03.065Z] [INFO] [AHP] Active agents: QA
[2026-02-22T18:54:03.066Z] [INFO] [AHP] Creating agent for role: QA
[2026-02-22T18:54:03.241Z] [INFO] [AHP] Running QA agent...
[2026-02-22T18:54:03.274Z] [INFO] [QA] Processing 1 messages
[2026-02-22T18:54:03.303Z] [INFO] [QA] Processing message: QA_REQUEST
[2026-02-22T18:54:03.304Z] [INFO] [QA] Verifying task cmly3rbng000apfrf2kpg8l3r (ticket cmly3v557008spfrflu35avc1)
[2026-02-22T18:54:44.263Z] [INFO] [QA] Task cmly3rbng000apfrf2kpg8l3r verification result: DONE
[2026-02-22T18:54:44.279Z] [INFO] [AHP] QA agent completed
[2026-02-22T18:54:47.868Z] [INFO] [QA] Message processed: QA_REQUEST
[2026-02-22T18:54:47.992Z] [INFO] [AHP] Iteration 8/500
[2026-02-22T18:54:48.151Z] [INFO] [AHP] Found 1 pending/processing messages
[2026-02-22T18:54:48.154Z] [INFO] [AHP] Active agents: TEAMLEAD
[2026-02-22T18:54:48.156Z] [INFO] [AHP] Creating agent for role: TEAMLEAD
[2026-02-22T18:54:48.161Z] [INFO] [AHP] Running TEAMLEAD agent...
[2026-02-22T18:54:48.229Z] [INFO] [TEAMLEAD] Processing 1 messages
[2026-02-22T18:54:48.275Z] [INFO] [TEAMLEAD] Processing message: QA_RESPONSE
[2026-02-22T18:54:48.287Z] [INFO] [TeamLead] QA result for task cmly3rbng000apfrf2kpg8l3r: DONE (ticket cmly3v557008spfrflu35avc1)
[2026-02-22T18:54:48.425Z] [INFO] [TeamLead] Updated ticket cmly3v557008spfrflu35avc1 status to DONE (from QA)
[2026-02-22T18:54:48.428Z] [INFO] [AHP] TEAMLEAD agent completed
[2026-02-22T18:54:48.477Z] [INFO] [TEAMLEAD] Message processed: QA_RESPONSE
[2026-02-22T18:54:49.745Z] [INFO] [AHP] Iteration 9/500
[2026-02-22T18:54:49.791Z] [INFO] [AHP] Found 0 pending/processing messages
[2026-02-22T18:54:49.794Z] [INFO] [AHP] No pending messages, finding next task...
[2026-02-22T18:54:49.827Z] [INFO] [AHP] Found next task: cmly3rbng000cpfrf7znntqjo
[2026-02-22T18:54:49.854Z] [INFO] [AHP] Created TASK_REQUEST for task cmly3rbng000cpfrf7znntqjo
[2026-02-22T18:54:49.859Z] [INFO] [AHP] Iteration 10/500
[2026-02-22T18:54:50.118Z] [INFO] [AHP] Found 1 pending/processing messages
[2026-02-22T18:54:50.120Z] [INFO] [AHP] Active agents: TASK_EXECUTOR
[2026-02-22T18:54:50.121Z] [INFO] [AHP] Creating agent for role: TASK_EXECUTOR
[2026-02-22T18:54:50.122Z] [INFO] [AHP] Running TASK_EXECUTOR agent...
[2026-02-22T18:54:50.158Z] [INFO] [TASK_EXECUTOR] Processing 1 messages
[2026-02-22T18:54:50.171Z] [INFO] [TASK_EXECUTOR] Processing message: TASK_REQUEST
[2026-02-22T18:54:50.173Z] [INFO] [TASK_EXECUTOR] Processing task: cmly3rbng000cpfrf7znntqjo
[2026-02-22T18:54:50.216Z] [INFO] [TASK_EXECUTOR] Generating detailed prompt for task cmly3rbng000cpfrf7znntqjo...
[2026-02-22T18:55:06.368Z] [INFO] [TASK_EXECUTOR] Generating execution plan for task: Реализация модели данных и LocalStorage Service
[2026-02-22T18:55:30.419Z] [INFO] [TASK_EXECUTOR] Plan generated. 6 steps to perform.
[2026-02-22T18:55:30.424Z] [INFO] [TASK_EXECUTOR] 🧠 First, I need to examine the current project structure to understand the existing HTML setup and where to place the new store file. The previous task mentioned 'Project initialization and stack integration' was completed.
[2026-02-22T18:55:30.427Z] [INFO] [TASK_EXECUTOR] 🛠️ Executing: readFile
[2026-02-22T18:55:30.660Z] [INFO] [TASK_EXECUTOR] ✅ readFile completed
[2026-02-22T18:55:30.666Z] [INFO] [TASK_EXECUTOR] 🧠 After reading the index.html, I will create the 'store.js' file with the complete implementation of the Alpine.js store, including JSDoc type definitions, the task data model, CRUD operations, LocalStorage persistence with error handling, and helper methods for Kanban and Calendar views.
[2026-02-22T18:55:30.668Z] [INFO] [TASK_EXECUTOR] 🛠️ Executing: writeFile
[2026-02-22T18:55:31.659Z] [INFO] [TASK_EXECUTOR] ✅ writeFile completed
[2026-02-22T18:55:31.665Z] [INFO] [TASK_EXECUTOR] 🧠 Now I need to update the index.html to include a reference to the new store.js file. I will read the file content again to ensure I preserve the existing structure while adding the script tag.
[2026-02-22T18:55:31.667Z] [INFO] [TASK_EXECUTOR] 🛠️ Executing: writeFile
[2026-02-22T18:55:32.201Z] [INFO] [TASK_EXECUTOR] ✅ writeFile completed
[2026-02-22T18:55:32.210Z] [INFO] [TASK_EXECUTOR] 🔍 Verification phase: running automatedCheck and artifact checks...
[2026-02-22T18:55:32.214Z] [INFO] [TASK_EXECUTOR][Verification] Running: cat << 'AI_VERIFY_SCRIPT_END_7f3a' > .ai-temp-check.sh
node -e "require('./index.html')" || echo 'Check script tags presence'
AI_VERIFY_SCRIPT_END_7f3a
sh .ai-temp-check.sh
[2026-02-22T18:55:33.253Z] [INFO] [TASK_EXECUTOR][Verification] Running: ls -la "index.html"
[2026-02-22T18:55:33.776Z] [INFO] [TASK_EXECUTOR][Verification] Running: head -n 200 "index.html"
[2026-02-22T18:55:34.015Z] [INFO] [TASK_EXECUTOR] Created report comment for task cmly3rbng000cpfrf7znntqjo
[2026-02-22T18:55:34.086Z] [INFO] [TASK_EXECUTOR] Sent QA_REQUEST for task cmly3rbng000cpfrf7znntqjo
[2026-02-22T18:55:34.098Z] [INFO] [AHP] TASK_EXECUTOR agent completed
[2026-02-22T18:55:34.161Z] [INFO] [TASK_EXECUTOR] Message processed: TASK_REQUEST
[2026-02-22T18:55:35.543Z] [INFO] [AHP] Iteration 11/500
[2026-02-22T18:55:35.745Z] [INFO] [AHP] Found 1 pending/processing messages
[2026-02-22T18:55:35.746Z] [INFO] [AHP] Active agents: QA
[2026-02-22T18:55:35.749Z] [INFO] [AHP] Creating agent for role: QA
[2026-02-22T18:55:35.751Z] [INFO] [AHP] Running QA agent...
[2026-02-22T18:55:35.929Z] [INFO] [QA] Processing 1 messages
[2026-02-22T18:55:35.985Z] [INFO] [QA] Processing message: QA_REQUEST
[2026-02-22T18:55:35.988Z] [INFO] [QA] Verifying task cmly3rbng000cpfrf7znntqjo
[2026-02-22T18:56:25.578Z] [INFO] [QA] Task cmly3rbng000cpfrf7znntqjo verification result: REJECTED
[2026-02-22T18:56:25.619Z] [INFO] [AHP] QA agent completed
[2026-02-22T18:56:25.644Z] [INFO] [QA] Message processed: QA_REQUEST
[2026-02-22T18:56:27.094Z] [INFO] [AHP] Iteration 12/500
[2026-02-22T18:56:27.339Z] [INFO] [AHP] Found 1 pending/processing messages
[2026-02-22T18:56:27.340Z] [INFO] [AHP] Active agents: TEAMLEAD
[2026-02-22T18:56:27.341Z] [INFO] [AHP] Creating agent for role: TEAMLEAD
[2026-02-22T18:56:27.342Z] [INFO] [AHP] Running TEAMLEAD agent...
[2026-02-22T18:56:27.451Z] [INFO] [TEAMLEAD] Processing 1 messages
[2026-02-22T18:56:27.503Z] [INFO] [TEAMLEAD] Processing message: QA_RESPONSE
[2026-02-22T18:56:27.504Z] [INFO] [TeamLead] QA result for task cmly3rbng000cpfrf7znntqjo: REJECTED
[2026-02-22T18:56:27.555Z] [INFO] [TeamLead] Created fixing ticket for rejected task cmly3rbng000cpfrf7znntqjo
[2026-02-22T18:56:27.558Z] [INFO] [AHP] TEAMLEAD agent completed
[2026-02-22T18:56:27.577Z] [INFO] [TEAMLEAD] Message processed: QA_RESPONSE
[2026-02-22T18:56:28.657Z] [INFO] [AHP] Iteration 13/500
[2026-02-22T18:56:28.926Z] [INFO] [AHP] Found 0 pending/processing messages
[2026-02-22T18:56:28.941Z] [INFO] [AHP] No pending messages, finding next task...
[2026-02-22T18:56:28.969Z] [INFO] [AHP] Found next ticket: cmly3zkho00e4pfrfq8g9gawk
[2026-02-22T18:56:29.045Z] [INFO] [AHP] Created TICKET_REQUEST for ticket cmly3zkho00e4pfrfq8g9gawk
[2026-02-22T18:56:29.070Z] [INFO] [AHP] Iteration 14/500
[2026-02-22T18:56:29.154Z] [INFO] [AHP] Found 1 pending/processing messages
[2026-02-22T18:56:29.156Z] [INFO] [AHP] Active agents: TASK_EXECUTOR
[2026-02-22T18:56:29.156Z] [INFO] [AHP] Creating agent for role: TASK_EXECUTOR
[2026-02-22T18:56:29.157Z] [INFO] [AHP] Running TASK_EXECUTOR agent...
[2026-02-22T18:56:29.257Z] [INFO] [TASK_EXECUTOR] Processing 1 messages
[2026-02-22T18:56:29.315Z] [INFO] [TASK_EXECUTOR] Processing message: TICKET_REQUEST
[2026-02-22T18:56:29.319Z] [INFO] [TASK_EXECUTOR] Processing ticket: cmly3zkho00e4pfrfq8g9gawk
[2026-02-22T18:56:29.404Z] [INFO] [TASK_EXECUTOR] Regenerating prompt for task cmly3rbng000cpfrf7znntqjo based on ticket cmly3zkho00e4pfrfq8g9gawk...
[2026-02-22T18:56:51.620Z] [INFO] [TASK_EXECUTOR] Generating execution plan for ticket cmly3zkho00e4pfrfq8g9gawk (task: Реализация модели данных и LocalStorage Service)
[2026-02-22T18:57:02.397Z] [INFO] [TASK_EXECUTOR] Ticket plan generated. 6 steps to perform.
[2026-02-22T18:57:02.403Z] [INFO] [TASK_EXECUTOR] 🧠 I need to understand the current state of the project, specifically the structure of index.html, to ensure the new store.js file integrates correctly (CDN links, existing script tags, and placement).
[2026-02-22T18:57:02.406Z] [INFO] [TASK_EXECUTOR] 🛠️ Executing: readFile
[2026-02-22T18:57:02.527Z] [INFO] [TASK_EXECUTOR] ✅ readFile completed
[2026-02-22T18:57:02.530Z] [INFO] [TASK_EXECUTOR] 🧠 Based on the instructions and project state, I will create the store.js file. This file will implement the Alpine.js data store with the Task data model, LocalStorage persistence, and CRUD methods (add, update, delete) as specified.
[2026-02-22T18:57:02.542Z] [INFO] [TASK_EXECUTOR] 🛠️ Executing: writeFile
[2026-02-22T18:57:03.561Z] [INFO] [TASK_EXECUTOR] ✅ writeFile completed
[2026-02-22T18:57:03.563Z] [INFO] [TASK_EXECUTOR] 🧠 Now I will update index.html to include the new store.js script. I must ensure it is placed after the Alpine.js CDN script to allow the 'alpine:init' event listener to work correctly.
[2026-02-22T18:57:03.564Z] [INFO] [TASK_EXECUTOR] 🛠️ Executing: writeFile
[2026-02-22T18:57:23.941Z] [INFO] [TASK_EXECUTOR] ✅ writeFile completed
[2026-02-22T18:57:23.954Z] [INFO] [TASK_EXECUTOR] 🔍 Verification phase (ticket run: artifact checks only)...
[2026-02-22T18:57:23.960Z] [INFO] [TASK_EXECUTOR][Verification] Running: ls -la "index.html"
[2026-02-22T18:57:26.126Z] [INFO] [TASK_EXECUTOR][Verification] Running: head -n 200 "index.html"
[2026-02-22T18:57:29.085Z] [INFO] [TASK_EXECUTOR] Created report comment for ticket cmly3zkho00e4pfrfq8g9gawk
[2026-02-22T18:57:30.283Z] [INFO] [TASK_EXECUTOR] Sent QA_REQUEST for ticket cmly3zkho00e4pfrfq8g9gawk (task cmly3rbng000cpfrf7znntqjo); ticket status will be set by QA result
[2026-02-22T18:57:30.286Z] [INFO] [AHP] TASK_EXECUTOR agent completed
[2026-02-22T18:57:30.442Z] [INFO] [TASK_EXECUTOR] Message processed: TICKET_REQUEST
[2026-02-22T18:57:31.429Z] [INFO] [AHP] Iteration 15/500
[2026-02-22T18:57:31.692Z] [INFO] [AHP] Found 1 pending/processing messages
[2026-02-22T18:57:31.693Z] [INFO] [AHP] Active agents: QA
[2026-02-22T18:57:31.695Z] [INFO] [AHP] Creating agent for role: QA
[2026-02-22T18:57:31.696Z] [INFO] [AHP] Running QA agent...
[2026-02-22T18:57:34.610Z] [INFO] [QA] Processing 1 messages
[2026-02-22T18:57:35.503Z] [INFO] [QA] Processing message: QA_REQUEST
[2026-02-22T18:57:35.504Z] [INFO] [QA] Verifying task cmly3rbng000cpfrf7znntqjo (ticket cmly3zkho00e4pfrfq8g9gawk)
[2026-02-22T18:58:06.579Z] [INFO] [QA] Task cmly3rbng000cpfrf7znntqjo verification result: REJECTED
[2026-02-22T18:58:06.582Z] [INFO] [AHP] QA agent completed
[2026-02-22T18:58:06.763Z] [INFO] [QA] Message processed: QA_REQUEST
[2026-02-22T18:58:08.429Z] [INFO] [AHP] Iteration 16/500
[2026-02-22T18:58:08.602Z] [INFO] [AHP] Found 1 pending/processing messages
[2026-02-22T18:58:08.604Z] [INFO] [AHP] Active agents: TEAMLEAD
[2026-02-22T18:58:08.605Z] [INFO] [AHP] Creating agent for role: TEAMLEAD
[2026-02-22T18:58:08.606Z] [INFO] [AHP] Running TEAMLEAD agent...
[2026-02-22T18:58:08.642Z] [INFO] [TEAMLEAD] Processing 1 messages
[2026-02-22T18:58:08.665Z] [INFO] [TEAMLEAD] Processing message: QA_RESPONSE
[2026-02-22T18:58:08.669Z] [INFO] [TeamLead] QA result for task cmly3rbng000cpfrf7znntqjo: REJECTED (ticket cmly3zkho00e4pfrfq8g9gawk)
[2026-02-22T18:58:08.703Z] [INFO] [TeamLead] Updated ticket cmly3zkho00e4pfrfq8g9gawk status to REJECTED (from QA)
[2026-02-22T18:58:08.705Z] [INFO] [AHP] TEAMLEAD agent completed
[2026-02-22T18:58:08.731Z] [INFO] [TEAMLEAD] Message processed: QA_RESPONSE
[2026-02-22T18:58:09.718Z] [INFO] [AHP] Iteration 17/500
[2026-02-22T18:58:09.769Z] [INFO] [AHP] Found 0 pending/processing messages
[2026-02-22T18:58:09.770Z] [INFO] [AHP] No pending messages, finding next task...
[2026-02-22T18:58:09.812Z] [INFO] [AHP] Found next task: cmly3rbng000epfrfcvfwdkkt
[2026-02-22T18:58:09.837Z] [INFO] [AHP] Created TASK_REQUEST for task cmly3rbng000epfrfcvfwdkkt
[2026-02-22T18:58:09.844Z] [INFO] [AHP] Iteration 18/500
[2026-02-22T18:58:09.873Z] [INFO] [AHP] Found 1 pending/processing messages
[2026-02-22T18:58:09.874Z] [INFO] [AHP] Active agents: TASK_EXECUTOR
[2026-02-22T18:58:09.875Z] [INFO] [AHP] Creating agent for role: TASK_EXECUTOR
[2026-02-22T18:58:09.876Z] [INFO] [AHP] Running TASK_EXECUTOR agent...
[2026-02-22T18:58:09.890Z] [INFO] [TASK_EXECUTOR] Processing 1 messages
[2026-02-22T18:58:09.956Z] [INFO] [TASK_EXECUTOR] Processing message: TASK_REQUEST
[2026-02-22T18:58:09.958Z] [INFO] [TASK_EXECUTOR] Processing task: cmly3rbng000epfrfcvfwdkkt
[2026-02-22T18:58:09.970Z] [INFO] [TASK_EXECUTOR] Generating detailed prompt for task cmly3rbng000epfrfcvfwdkkt...
[2026-02-22T18:58:48.231Z] [INFO] [TASK_EXECUTOR] Generating execution plan for task: Реализация UI: Kanban Board и Calendar View
[2026-02-22T18:59:32.512Z] [INFO] [TASK_EXECUTOR] Plan generated. 4 steps to perform.
[2026-02-22T18:59:32.515Z] [INFO] [TASK_EXECUTOR] 🧠 I need to read the existing index.html file to understand the current structure before overwriting it with the new full implementation.
[2026-02-22T18:59:32.516Z] [INFO] [TASK_EXECUTOR] 🛠️ Executing: readFile
[2026-02-22T18:59:32.540Z] [INFO] [TASK_EXECUTOR] ✅ readFile completed
[2026-02-22T18:59:32.541Z] [INFO] [TASK_EXECUTOR] 🧠 I will now write the complete index.html file. This includes the Alpine.js logic for state management (tasks, drag-and-drop), the LocalStorage persistence, the Kanban board UI with drag-and-drop capabilities, the Calendar view with date generation logic, and the Modal form for adding new tasks.
[2026-02-22T18:59:32.542Z] [INFO] [TASK_EXECUTOR] 🛠️ Executing: writeFile
[2026-02-22T18:59:32.612Z] [INFO] [TASK_EXECUTOR] ✅ writeFile completed
[2026-02-22T18:59:32.613Z] [INFO] [TASK_EXECUTOR] 🔍 Verification phase: running automatedCheck and artifact checks...
[2026-02-22T18:59:32.613Z] [INFO] [TASK_EXECUTOR][Verification] Running: ls -la "index.html"
[2026-02-22T18:59:32.614Z] [INFO] [TASK_EXECUTOR][Verification] Running: head -n 200 "index.html"
[2026-02-22T18:59:32.629Z] [INFO] [TASK_EXECUTOR] Created report comment for task cmly3rbng000epfrfcvfwdkkt
[2026-02-22T18:59:32.644Z] [INFO] [TASK_EXECUTOR] Sent QA_REQUEST for task cmly3rbng000epfrfcvfwdkkt
[2026-02-22T18:59:32.649Z] [INFO] [AHP] TASK_EXECUTOR agent completed
[2026-02-22T18:59:32.805Z] [INFO] [TASK_EXECUTOR] Message processed: TASK_REQUEST
[2026-02-22T18:59:33.773Z] [INFO] [AHP] Iteration 19/500
[2026-02-22T18:59:33.922Z] [INFO] [AHP] Found 1 pending/processing messages
[2026-02-22T18:59:33.925Z] [INFO] [AHP] Active agents: QA
[2026-02-22T18:59:33.926Z] [INFO] [AHP] Creating agent for role: QA
[2026-02-22T18:59:33.927Z] [INFO] [AHP] Running QA agent...
[2026-02-22T18:59:34.004Z] [INFO] [QA] Processing 1 messages
[2026-02-22T18:59:34.026Z] [INFO] [QA] Processing message: QA_REQUEST
[2026-02-22T18:59:34.027Z] [INFO] [QA] Verifying task cmly3rbng000epfrfcvfwdkkt
[2026-02-22T18:59:43.610Z] [INFO] [QA] Task cmly3rbng000epfrfcvfwdkkt verification result: DONE
[2026-02-22T18:59:43.613Z] [INFO] [AHP] QA agent completed
[2026-02-22T18:59:43.653Z] [INFO] [QA] Message processed: QA_REQUEST
[2026-02-22T18:59:44.740Z] [INFO] [AHP] Iteration 20/500
[2026-02-22T18:59:44.944Z] [INFO] [AHP] Found 1 pending/processing messages
[2026-02-22T18:59:44.949Z] [INFO] [AHP] Active agents: TEAMLEAD
[2026-02-22T18:59:44.953Z] [INFO] [AHP] Creating agent for role: TEAMLEAD
[2026-02-22T18:59:44.955Z] [INFO] [AHP] Running TEAMLEAD agent...
[2026-02-22T18:59:45.183Z] [INFO] [TEAMLEAD] Processing 1 messages
[2026-02-22T18:59:45.215Z] [INFO] [TEAMLEAD] Processing message: QA_RESPONSE
[2026-02-22T18:59:45.216Z] [INFO] [TeamLead] QA result for task cmly3rbng000epfrfcvfwdkkt: DONE
[2026-02-22T18:59:45.218Z] [INFO] [TeamLead] Finding next task after cmly3rbng000epfrfcvfwdkkt
[2026-02-22T18:59:45.296Z] [INFO] [TeamLead] No more TODO tasks found
[2026-02-22T18:59:45.308Z] [INFO] [AHP] TEAMLEAD agent completed
[2026-02-22T18:59:45.424Z] [INFO] [TEAMLEAD] Message processed: QA_RESPONSE
[2026-02-22T18:59:46.421Z] [INFO] [AHP] Iteration 21/500
[2026-02-22T18:59:46.878Z] [INFO] [AHP] Session stopping: No more tasks to process
[2026-02-22T18:59:46.880Z] [INFO] [AHP] Finalizing session. Reason: No more tasks to process
