[2026-02-23T08:45:11.163Z] [INFO] [AHP] Dispatcher started
[2026-02-23T08:45:11.314Z] [INFO] [AHP] Initialized workspace: /app/projects/cmlyxigqb00hmk6rtb098n9im
[2026-02-23T08:45:11.322Z] [INFO] [AHP] Iteration 1/500
[2026-02-23T08:45:11.383Z] [INFO] [AHP] Found 0 pending/processing messages
[2026-02-23T08:45:11.383Z] [INFO] [AHP] No pending messages, finding next task...
[2026-02-23T08:45:11.390Z] [INFO] [AHP] Found next task: cmlyxj18k00hvk6rtl6upxl9e
[2026-02-23T08:45:11.397Z] [INFO] 
📨 [TEAMLEAD] -> @TASK_EXECUTOR: Отправил TASK_REQUEST (Task: cmlyxj18k00hvk6rtl6upxl9e)
[2026-02-23T08:45:11.403Z] [INFO] [AHP] Created TASK_REQUEST for task cmlyxj18k00hvk6rtl6upxl9e
[2026-02-23T08:45:11.406Z] [INFO] [AHP] Iteration 2/500
[2026-02-23T08:45:11.411Z] [INFO] [AHP] Found 1 pending/processing messages
[2026-02-23T08:45:11.411Z] [INFO] [AHP] Active agents: TASK_EXECUTOR
[2026-02-23T08:45:11.412Z] [INFO] [AHP] Creating agent for role: TASK_EXECUTOR
[2026-02-23T08:45:11.412Z] [INFO] [AHP] Running TASK_EXECUTOR agent...
[2026-02-23T08:45:11.418Z] [INFO] [TASK_EXECUTOR] Processing 1 messages
[2026-02-23T08:45:11.428Z] [INFO] [TASK_EXECUTOR] Processing message: TASK_REQUEST
[2026-02-23T08:45:11.429Z] [INFO] [TASK_EXECUTOR] Processing task: cmlyxj18k00hvk6rtl6upxl9e
[2026-02-23T08:45:11.432Z] [INFO] [TASK_EXECUTOR] Generating detailed prompt for task cmlyxj18k00hvk6rtl6upxl9e...
[2026-02-23T08:45:11.433Z] [INFO] 
👷 [TASK_EXECUTOR] -> @TEAM: "Принял задачу 'Реализовать консольную утилиту погоды'. Ушел генерировать план и кодить."
[2026-02-23T08:45:33.730Z] [INFO] [TASK_EXECUTOR] Generating execution plan for task: Реализовать консольную утилиту погоды
[2026-02-23T08:45:56.518Z] [INFO] [TASK_EXECUTOR] Plan generated. 8 steps to perform.
[2026-02-23T08:45:56.519Z] [INFO] [TASK_EXECUTOR] 🧠 Initialize the Node.js project using npm to generate the package.json file.
[2026-02-23T08:45:56.520Z] [INFO] [TASK_EXECUTOR] 🛠️ Executing: executeCommand
[2026-02-23T08:45:57.206Z] [INFO] [TASK_EXECUTOR] ✅ executeCommand completed
[2026-02-23T08:45:57.207Z] [INFO] [TASK_EXECUTOR] 🧠 Read the generated package.json to update it with the correct entry point and ensure it meets the project requirements.
[2026-02-23T08:45:57.207Z] [INFO] [TASK_EXECUTOR] 🛠️ Executing: readFile
[2026-02-23T08:45:57.217Z] [INFO] [TASK_EXECUTOR] ✅ readFile completed
[2026-02-23T08:45:57.217Z] [INFO] [TASK_EXECUTOR] 🧠 Update package.json to set 'main' to 'index.js' and remove any unnecessary dependencies, ensuring it uses CommonJS by default (no 'type': 'module').
[2026-02-23T08:45:57.217Z] [INFO] [TASK_EXECUTOR] 🛠️ Executing: writeFile
[2026-02-23T08:45:57.271Z] [INFO] [TASK_EXECUTOR] ✅ writeFile completed
[2026-02-23T08:45:57.272Z] [INFO] [TASK_EXECUTOR] 🧠 Create the index.js file with the complete logic for fetching weather data using the native 'https' and 'readline' modules, including error handling and formatted output.
[2026-02-23T08:45:57.272Z] [INFO] [TASK_EXECUTOR] 🛠️ Executing: writeFile
[2026-02-23T08:45:57.314Z] [INFO] [TASK_EXECUTOR] ✅ writeFile completed
[2026-02-23T08:45:57.315Z] [INFO] [TASK_EXECUTOR] 🔍 Verification phase: running automatedCheck and artifact checks...
[2026-02-23T08:45:57.315Z] [INFO] [TASK_EXECUTOR][Verification] Running: cat << 'AI_VERIFY_SCRIPT_END_7f3a' > .ai-temp-check.sh
node index.js Moscow
AI_VERIFY_SCRIPT_END_7f3a
sh .ai-temp-check.sh
[2026-02-23T08:47:57.588Z] [INFO] [TASK_EXECUTOR][Verification] Running: ls -la "package.json"
[2026-02-23T08:47:57.644Z] [INFO] [TASK_EXECUTOR][Verification] Running: head -n 200 "package.json"
[2026-02-23T08:47:57.709Z] [INFO] [TASK_EXECUTOR][Verification] Running: ls -la "index.js"
[2026-02-23T08:47:57.797Z] [INFO] [TASK_EXECUTOR][Verification] Running: head -n 200 "index.js"
[2026-02-23T08:47:57.842Z] [INFO] 
📨 [TASK_EXECUTOR] -> @QA: Отправил QA_REQUEST (Task: cmlyxj18k00hvk6rtl6upxl9e)
[2026-02-23T08:47:57.856Z] [INFO] [TASK_EXECUTOR] Created report comment for task cmlyxj18k00hvk6rtl6upxl9e
[2026-02-23T08:47:57.859Z] [INFO] 
📤 [TASK_EXECUTOR] -> @QA: "Я закончил писать код. Отправил тебе на ревью (QA_REQUEST)."
[2026-02-23T08:47:57.877Z] [INFO] [TASK_EXECUTOR] Sent QA_REQUEST for task cmlyxj18k00hvk6rtl6upxl9e
[2026-02-23T08:47:57.878Z] [INFO] [AHP] TASK_EXECUTOR agent completed
[2026-02-23T08:47:57.882Z] [INFO] [TASK_EXECUTOR] Message processed: TASK_REQUEST
[2026-02-23T08:47:58.942Z] [INFO] [AHP] Iteration 3/500
[2026-02-23T08:47:59.086Z] [INFO] [AHP] Found 1 pending/processing messages
[2026-02-23T08:47:59.087Z] [INFO] [AHP] Active agents: QA
[2026-02-23T08:47:59.087Z] [INFO] [AHP] Creating agent for role: QA
[2026-02-23T08:47:59.090Z] [INFO] [AHP] Running QA agent...
[2026-02-23T08:47:59.112Z] [INFO] [QA] Processing 1 messages
[2026-02-23T08:47:59.134Z] [INFO] 
🧐 [QA] -> @TASK_EXECUTOR: "Взял твой код на проверку. Сейчас посмотрим, что ты там написал..."
[2026-02-23T08:47:59.147Z] [INFO] [QA] Verifying task cmlyxj18k00hvk6rtl6upxl9e
[2026-02-23T08:47:59.159Z] [INFO] [QA] Processing message: QA_REQUEST
[2026-02-23T08:48:38.759Z] [INFO] 
📨 [QA] -> @TEAMLEAD: Отправил QA_RESPONSE (Task: cmlyxj18k00hvk6rtl6upxl9e)
[2026-02-23T08:48:38.795Z] [INFO] 
🛑 [QA] -> @TEAMLEAD: "Код не прошел проверку! Причина: Verification Failed. Missing evidence for: [automatedCheck] The command 'node index.js Moscow' failed because the implementation uses interactive readline input instead of accepting command-line argum…. Возвращаю."
[2026-02-23T08:48:38.801Z] [INFO] [QA] Task cmlyxj18k00hvk6rtl6upxl9e verification result: REJECTED
[2026-02-23T08:48:38.805Z] [INFO] [AHP] QA agent completed
[2026-02-23T08:48:38.808Z] [INFO] [QA] Message processed: QA_REQUEST
[2026-02-23T08:48:39.987Z] [INFO] [AHP] Iteration 4/500
[2026-02-23T08:48:40.039Z] [INFO] [AHP] Found 1 pending/processing messages
[2026-02-23T08:48:40.048Z] [INFO] [AHP] Active agents: TEAMLEAD
[2026-02-23T08:48:40.055Z] [INFO] [AHP] Creating agent for role: TEAMLEAD
[2026-02-23T08:48:40.061Z] [INFO] [AHP] Running TEAMLEAD agent...
[2026-02-23T08:48:40.100Z] [INFO] [TEAMLEAD] Processing 1 messages
[2026-02-23T08:48:40.143Z] [INFO] [TEAMLEAD] Processing message: QA_RESPONSE
[2026-02-23T08:48:40.144Z] [INFO] [TeamLead] QA result for task cmlyxj18k00hvk6rtl6upxl9e: REJECTED
[2026-02-23T08:48:40.164Z] [INFO] 
⚠️ [TEAMLEAD] -> @TASK_EXECUTOR: "QA завернул твой код. Я создал баг-тикет. Бросай всё и иди чинить!"
[2026-02-23T08:48:40.164Z] [INFO] [TeamLead] Created fixing ticket for rejected task cmlyxj18k00hvk6rtl6upxl9e
[2026-02-23T08:48:40.165Z] [INFO] [AHP] TEAMLEAD agent completed
[2026-02-23T08:48:40.172Z] [INFO] [TEAMLEAD] Message processed: QA_RESPONSE
[2026-02-23T08:48:41.172Z] [INFO] [AHP] Iteration 5/500
[2026-02-23T08:48:41.384Z] [INFO] [AHP] Found 0 pending/processing messages
[2026-02-23T08:48:41.385Z] [INFO] [AHP] No pending messages, finding next task...
[2026-02-23T08:48:41.390Z] [INFO] [AHP] Found next ticket: cmlyxpsre00rhk6rtln54talw
[2026-02-23T08:48:41.405Z] [INFO] 
📨 [TEAMLEAD] -> @TASK_EXECUTOR: Отправил TICKET_REQUEST (Task: —)
[2026-02-23T08:48:41.412Z] [INFO] [AHP] Created TICKET_REQUEST for ticket cmlyxpsre00rhk6rtln54talw
[2026-02-23T08:48:41.422Z] [INFO] [AHP] Iteration 6/500
[2026-02-23T08:48:41.446Z] [INFO] [AHP] Found 1 pending/processing messages
[2026-02-23T08:48:41.446Z] [INFO] [AHP] Active agents: TASK_EXECUTOR
[2026-02-23T08:48:41.446Z] [INFO] [AHP] Creating agent for role: TASK_EXECUTOR
[2026-02-23T08:48:41.447Z] [INFO] [AHP] Running TASK_EXECUTOR agent...
[2026-02-23T08:48:41.474Z] [INFO] [TASK_EXECUTOR] Processing 1 messages
[2026-02-23T08:48:41.484Z] [INFO] [TASK_EXECUTOR] Processing message: TICKET_REQUEST
[2026-02-23T08:48:41.485Z] [INFO] [TASK_EXECUTOR] Processing ticket: cmlyxpsre00rhk6rtln54talw
[2026-02-23T08:48:41.512Z] [INFO] 
🔧 [TASK_EXECUTOR] -> @QA: "Вижу твои замечания по тикету. Извиняюсь, сейчас всё исправлю."
[2026-02-23T08:48:41.513Z] [INFO] [TASK_EXECUTOR] Regenerating prompt for task cmlyxj18k00hvk6rtl6upxl9e based on ticket cmlyxpsre00rhk6rtln54talw...
[2026-02-23T08:48:55.495Z] [INFO] [TASK_EXECUTOR] Generating execution plan for ticket cmlyxpsre00rhk6rtln54talw (task: Реализовать консольную утилиту погоды)
[2026-02-23T08:49:04.143Z] [INFO] [TASK_EXECUTOR] Ticket plan generated. 8 steps to perform.
[2026-02-23T08:49:04.144Z] [INFO] [TASK_EXECUTOR] 🧠 Initialize a new Node.js project by running npm init -y to generate the package.json file.
[2026-02-23T08:49:04.144Z] [INFO] [TASK_EXECUTOR] 🛠️ Executing: executeCommand
[2026-02-23T08:49:04.609Z] [INFO] [TASK_EXECUTOR] ✅ executeCommand completed
[2026-02-23T08:49:04.610Z] [INFO] [TASK_EXECUTOR] 🧠 Read the generated package.json to prepare for modification.
[2026-02-23T08:49:04.610Z] [INFO] [TASK_EXECUTOR] 🛠️ Executing: readFile
[2026-02-23T08:49:04.639Z] [INFO] [TASK_EXECUTOR] ✅ readFile completed
[2026-02-23T08:49:04.645Z] [INFO] [TASK_EXECUTOR] 🧠 Update package.json to add 'type': 'module' for ES Module support.
[2026-02-23T08:49:04.652Z] [INFO] [TASK_EXECUTOR] 🛠️ Executing: writeFile
[2026-02-23T08:49:04.685Z] [INFO] [TASK_EXECUTOR] ✅ writeFile completed
[2026-02-23T08:49:04.691Z] [INFO] [TASK_EXECUTOR] 🧠 Create the main application file index.js with CLI argument parsing, API request logic using native https module, and error handling.
[2026-02-23T08:49:04.693Z] [INFO] [TASK_EXECUTOR] 🛠️ Executing: writeFile
[2026-02-23T08:49:04.768Z] [INFO] [TASK_EXECUTOR] ✅ writeFile completed
[2026-02-23T08:49:04.770Z] [INFO] [TASK_EXECUTOR] 🔍 Verification phase (ticket run: artifact checks only)...
[2026-02-23T08:49:04.771Z] [INFO] [TASK_EXECUTOR][Verification] Running: ls -la "package.json"
[2026-02-23T08:49:04.772Z] [INFO] [TASK_EXECUTOR][Verification] Running: head -n 200 "package.json"
[2026-02-23T08:49:04.804Z] [INFO] [TASK_EXECUTOR][Verification] Running: ls -la "index.js"
[2026-02-23T08:49:04.832Z] [INFO] [TASK_EXECUTOR][Verification] Running: head -n 200 "index.js"
[2026-02-23T08:49:04.844Z] [INFO] 
📨 [TASK_EXECUTOR] -> @QA: Отправил QA_REQUEST (Task: cmlyxj18k00hvk6rtl6upxl9e)
[2026-02-23T08:49:04.853Z] [INFO] [TASK_EXECUTOR] Created report comment for ticket cmlyxpsre00rhk6rtln54talw
[2026-02-23T08:49:04.854Z] [INFO] 
📤 [TASK_EXECUTOR] -> @QA: "Я закончил писать код. Отправил тебе на ревью (QA_REQUEST)."
[2026-02-23T08:49:04.866Z] [INFO] [TASK_EXECUTOR] Sent QA_REQUEST for ticket cmlyxpsre00rhk6rtln54talw (task cmlyxj18k00hvk6rtl6upxl9e); ticket status will be set by QA result
[2026-02-23T08:49:04.867Z] [INFO] [AHP] TASK_EXECUTOR agent completed
[2026-02-23T08:49:04.876Z] [INFO] [TASK_EXECUTOR] Message processed: TICKET_REQUEST
[2026-02-23T08:49:05.982Z] [INFO] [AHP] Iteration 7/500
[2026-02-23T08:49:06.060Z] [INFO] [AHP] Found 1 pending/processing messages
[2026-02-23T08:49:06.061Z] [INFO] [AHP] Active agents: QA
[2026-02-23T08:49:06.065Z] [INFO] [AHP] Creating agent for role: QA
[2026-02-23T08:49:06.067Z] [INFO] [AHP] Running QA agent...
[2026-02-23T08:49:06.097Z] [INFO] [QA] Processing 1 messages
[2026-02-23T08:49:06.184Z] [INFO] [QA] Processing message: QA_REQUEST
[2026-02-23T08:49:06.186Z] [INFO] 
🧐 [QA] -> @TASK_EXECUTOR: "Взял твой код на проверку. Сейчас посмотрим, что ты там написал..."
[2026-02-23T08:49:06.188Z] [INFO] [QA] Verifying task cmlyxj18k00hvk6rtl6upxl9e (ticket cmlyxpsre00rhk6rtln54talw)
[2026-02-23T08:49:17.392Z] [INFO] 
📨 [QA] -> @TEAMLEAD: Отправил QA_RESPONSE (Task: cmlyxj18k00hvk6rtl6upxl9e)
[2026-02-23T08:49:17.397Z] [INFO] 
✅ [QA] -> @TEAMLEAD: "Проверил, всё работает как часы. Апрув."
[2026-02-23T08:49:17.401Z] [INFO] [QA] Task cmlyxj18k00hvk6rtl6upxl9e verification result: DONE
[2026-02-23T08:49:17.402Z] [INFO] [AHP] QA agent completed
[2026-02-23T08:49:17.404Z] [INFO] [QA] Message processed: QA_REQUEST
[2026-02-23T08:49:18.413Z] [INFO] [AHP] Iteration 8/500
[2026-02-23T08:49:18.514Z] [INFO] [AHP] Found 1 pending/processing messages
[2026-02-23T08:49:18.522Z] [INFO] [AHP] Active agents: TEAMLEAD
[2026-02-23T08:49:18.524Z] [INFO] [AHP] Creating agent for role: TEAMLEAD
[2026-02-23T08:49:18.529Z] [INFO] [AHP] Running TEAMLEAD agent...
[2026-02-23T08:49:18.548Z] [INFO] [TEAMLEAD] Processing 1 messages
[2026-02-23T08:49:18.558Z] [INFO] [TEAMLEAD] Processing message: QA_RESPONSE
[2026-02-23T08:49:18.558Z] [INFO] [TeamLead] QA result for task cmlyxj18k00hvk6rtl6upxl9e: DONE (ticket cmlyxpsre00rhk6rtln54talw)
[2026-02-23T08:49:18.571Z] [INFO] 
🎉 [TEAMLEAD] -> @ALL: "Отличная работа! QA принял задачу. Иду за следующей..."
[2026-02-23T08:49:18.572Z] [INFO] [TeamLead] Updated ticket cmlyxpsre00rhk6rtln54talw status to DONE (from QA)
[2026-02-23T08:49:18.572Z] [INFO] [AHP] TEAMLEAD agent completed
[2026-02-23T08:49:18.580Z] [INFO] [TEAMLEAD] Message processed: QA_RESPONSE
[2026-02-23T08:49:19.600Z] [INFO] [AHP] Iteration 9/500
[2026-02-23T08:49:19.659Z] [INFO] [AHP] Session stopping: No more tasks to process
[2026-02-23T08:49:19.665Z] [INFO] [AHP] Finalizing session. Reason: No more tasks to process
