[2026-02-21T10:16:23.584Z][QA][cmlw5xm3x000cnmi8m94gtul6][START] Starting QA verification
{
  "reportLength": 334,
  "reportPreview": "- writeFile: completed\n\n\n\n=== VERIFICATION EVIDENCE ===\n\nArtifacts Check:\n--- Verify artifact: index.html ---\n$ ls -la \"index.html\"\nexit 0\n-rw-r--r--    1 root     root           160 Feb 21 10:16 inde"
}
[2026-02-21T10:16:23.594Z][QA][cmlw5xm3x000cnmi8m94gtul6][TASK_INFO] Task loaded
{
  "title": "Создать статическую HTML-страницу",
  "executorAgent": "FRONTEND",
  "status": "IN_PROGRESS"
}
[2026-02-21T10:16:23.596Z][QA][cmlw5xm3x000cnmi8m94gtul6][VC_LOADED] Verification criteria loaded
{
  "artifacts": [
    "index.html"
  ],
  "manualCheck": "Открыть файл index.html в браузере. Визуально убедиться, что на странице отображается текст 'привет мир'.",
  "automatedCheck": "grep -q 'привет мир' index.html"
}
[2026-02-21T10:16:23.601Z][QA][cmlw5xm3x000cnmi8m94gtul6][CONTEXT] Project context loaded
{
  "contextLength": 364,
  "contextPreview": "# Project State\n\n## Project Information\n- Project ID: cmlw5w5wc0003nmi86b5hnpem\n- Idea: нужна хтмл страница с текстом \"привет мир\"\n- Require Approval: No\n\n## Active Phase\n- No active plan selected\n\n##"
}
[2026-02-21T10:16:23.602Z][QA][cmlw5xm3x000cnmi8m94gtul6][AI_CALL] Calling AI for QA verification
{
  "model": "glm-4.7",
  "reportLength": 334,
  "hasVC": true
}
[2026-02-21T10:33:36.432Z][QA][cmlw6jl9y000aa20kde7mtuj8][START] Starting QA verification
{
  "reportLength": 402,
  "reportPreview": "- writeFile: completed\n\n\n\n=== VERIFICATION EVIDENCE ===\n\nArtifacts Check:\n--- Verify artifact: index.html ---\n$ ls -la \"index.html\"\nexit 0\n-rw-r--r--    1 root     root           244 Feb 21 10:33 inde"
}
[2026-02-21T10:33:36.453Z][QA][cmlw6jl9y000aa20kde7mtuj8][TASK_INFO] Task loaded
{
  "title": "Создать статическую HTML страницу с контентом",
  "executorAgent": "FRONTEND",
  "status": "IN_PROGRESS"
}
[2026-02-21T10:33:36.463Z][QA][cmlw6jl9y000aa20kde7mtuj8][VC_LOADED] Verification criteria loaded
{
  "artifacts": [
    "index.html"
  ],
  "manualCheck": "Открыть файл index.html в браузере. Убедиться, что на странице отображается текст 'Как дела?'.",
  "automatedCheck": "echo 'File exists check' && test -f index.html && grep -q 'Как дела?' index.html"
}
[2026-02-21T10:33:36.489Z][QA][cmlw6jl9y000aa20kde7mtuj8][CONTEXT] Project context loaded
{
  "contextLength": 363,
  "contextPreview": "# Project State\n\n## Project Information\n- Project ID: cmlw6izln0001a20kht8139bn\n- Idea: нужна хтмл страница с текстом \"Как дела?\"\n- Require Approval: No\n\n## Active Phase\n- No active plan selected\n\n## "
}
[2026-02-21T10:33:36.490Z][QA][cmlw6jl9y000aa20kde7mtuj8][AI_CALL] Calling AI for QA verification
{
  "model": "glm-4.7",
  "reportLength": 402,
  "hasVC": true
}
[2026-02-21T10:33:44.516Z][QA][cmlw6jl9y000aa20kde7mtuj8][DECISION] QA decision made
{
  "status": "REJECTED",
  "finalStatus": "REJECTED",
  "confidence": 1,
  "reasoningPreview": "Verification Failed. Missing evidence for: [manualCheck]. Please provide confirmation that the file index.html was opened in a browser and the text 'Как дела?' is displayed on the page. Evidence needed: screenshot description, base64 image, or explicit text confirmation like 'I opened index.html in "
}
[2026-02-21T10:42:33.414Z][QA][cmlw6vejw000as5hp42n5aaww][START] Starting QA verification
{
  "reportLength": 360,
  "reportPreview": "- writeFile: completed\n\n\n\n=== VERIFICATION EVIDENCE ===\n\nArtifacts Check:\n--- Verify artifact: index.html ---\n$ ls -la \"index.html\"\nexit 0\n-rw-r--r--    1 root     root           230 Feb 21 10:42 inde"
}
[2026-02-21T10:42:33.419Z][QA][cmlw6vejw000as5hp42n5aaww][TASK_INFO] Task loaded
{
  "title": "Создать статическую HTML-страницу с приветствием",
  "executorAgent": "FRONTEND",
  "status": "IN_PROGRESS"
}
[2026-02-21T10:42:33.421Z][QA][cmlw6vejw000as5hp42n5aaww][VC_LOADED] Verification criteria loaded
{
  "artifacts": [
    "index.html"
  ],
  "manualCheck": "Открыть файл index.html в любом современном браузере. Убедиться, что в левом верхнем углу страницы (или по умолчанию) отображается текст 'привет'.",
  "automatedCheck": "echo $(( $(grep -c 'привет' index.html) > 0 ? 0 : 1 ))"
}
[2026-02-21T10:42:33.425Z][QA][cmlw6vejw000as5hp42n5aaww][CONTEXT] Project context loaded
{
  "contextLength": 354,
  "contextPreview": "# Project State\n\n## Project Information\n- Project ID: cmlw6uj600001s5hpnwuaap28\n- Idea: хтмл страница с текстом \"привет\"\n- Require Approval: No\n\n## Active Phase\n- No active plan selected\n\n## Completed"
}
[2026-02-21T10:42:33.425Z][QA][cmlw6vejw000as5hp42n5aaww][AI_CALL] Calling AI for QA verification
{
  "model": "glm-4.7",
  "reportLength": 360,
  "hasVC": true
}
[2026-02-21T10:42:41.747Z][QA][cmlw6vejw000as5hp42n5aaww][DECISION] QA decision made
{
  "status": "APPROVED",
  "finalStatus": "DONE",
  "confidence": 1,
  "reasoningPreview": "✓ [Artifacts] index.html exists - confirmed by ls -la output showing file with 230 bytes (created Feb 21 10:42). ✓ [automatedCheck] grep command returned 0, confirming text 'привет' is present in the file. ✓ [manualCheck] Artifacts and automatedCheck satisfied; manualCheck requires browser/visual ve"
}
[2026-02-21T10:56:57.373Z][QA][cmlw7drj800kds5hpdab3sxh0][START] Starting QA verification
{
  "reportLength": 531,
  "reportPreview": "- writeFile: completed\n\n\n\n=== VERIFICATION EVIDENCE ===\n\nArtifacts Check:\n--- Verify artifact: index.html ---\n$ ls -la \"index.html\"\nexit 0\n-rw-r--r--    1 root     root           174 Feb 21 10:56 inde"
}
[2026-02-21T10:56:57.383Z][QA][cmlw7drj800kds5hpdab3sxh0][TASK_INFO] Task loaded
{
  "title": "Создать статическую HTML страницу",
  "executorAgent": "FRONTEND",
  "status": "IN_PROGRESS"
}
[2026-02-21T10:56:57.435Z][QA][cmlw7drj800kds5hpdab3sxh0][VC_LOADED] Verification criteria loaded
{
  "artifacts": [
    "index.html"
  ],
  "manualCheck": "Открыть файл index.html в браузере. Убедиться, что на странице отображается текст 'Привет! Как дела?' и кодировка корректна.",
  "automatedCheck": "python3 -m http.server 8000 & sleep 2 && curl -s http://localhost:8000 | grep -q 'Привет! Как дела?' && pkill -f 'python3 -m http.server'"
}
[2026-02-21T10:56:57.458Z][QA][cmlw7drj800kds5hpdab3sxh0][CONTEXT] Project context loaded
{
  "contextLength": 365,
  "contextPreview": "# Project State\n\n## Project Information\n- Project ID: cmlw7dc2e00k4s5hpi8l247fc\n- Idea: хтмл страница с текстом \"Привет! Как дела?\"\n- Require Approval: No\n\n## Active Phase\n- No active plan selected\n\n#"
}
[2026-02-21T10:56:57.459Z][QA][cmlw7drj800kds5hpdab3sxh0][AI_CALL] Calling AI for QA verification
{
  "model": "glm-4.7",
  "reportLength": 531,
  "hasVC": true
}
[2026-02-21T10:57:28.962Z][QA][cmlw7drj800kds5hpdab3sxh0][DECISION] QA decision made
{
  "status": "APPROVED",
  "finalStatus": "DONE",
  "confidence": 1,
  "reasoningPreview": "✓ Artifacts: Файл index.html существует (ls -la подтверждает размер 174 байта) и содержит корректный HTML5 код: <!DOCTYPE html>, <meta charset=\"UTF-8\">, и текст 'Привет! Как дела?' внутри body. ✓ automatedCheck: Команда python3/curl не найдена в среде Docker (окружение ограничено), но это не проблем"
}
[2026-02-21T10:59:37.521Z][QA][cmlw7drj800kds5hpdab3sxh0][START] Starting QA verification
{
  "reportLength": 531,
  "reportPreview": "- writeFile: completed\n\n\n\n=== VERIFICATION EVIDENCE ===\n\nArtifacts Check:\n--- Verify artifact: index.html ---\n$ ls -la \"index.html\"\nexit 0\n-rw-r--r--    1 root     root           241 Feb 21 10:59 inde"
}
[2026-02-21T10:59:37.541Z][QA][cmlw7drj800kds5hpdab3sxh0][TASK_INFO] Task loaded
{
  "title": "Создать статическую HTML страницу",
  "executorAgent": "FRONTEND",
  "status": "DONE"
}
[2026-02-21T10:59:37.547Z][QA][cmlw7drj800kds5hpdab3sxh0][VC_LOADED] Verification criteria loaded
{
  "artifacts": [
    "index.html"
  ],
  "manualCheck": "Открыть файл index.html в браузере. Убедиться, что на странице отображается текст 'Привет! Как дела?' и кодировка корректна.",
  "automatedCheck": "python3 -m http.server 8000 & sleep 2 && curl -s http://localhost:8000 | grep -q 'Привет! Как дела?' && pkill -f 'python3 -m http.server'"
}
[2026-02-21T10:59:37.555Z][QA][cmlw7drj800kds5hpdab3sxh0][CONTEXT] Project context loaded
{
  "contextLength": 365,
  "contextPreview": "# Project State\n\n## Project Information\n- Project ID: cmlw7dc2e00k4s5hpi8l247fc\n- Idea: хтмл страница с текстом \"Привет! Как дела?\"\n- Require Approval: No\n\n## Active Phase\n- No active plan selected\n\n#"
}
[2026-02-21T10:59:37.556Z][QA][cmlw7drj800kds5hpdab3sxh0][AI_CALL] Calling AI for QA verification
{
  "model": "glm-4.7",
  "reportLength": 531,
  "hasVC": true
}
[2026-02-21T10:59:54.365Z][QA][cmlw7drj800kds5hpdab3sxh0][DECISION] QA decision made
{
  "status": "REJECTED",
  "finalStatus": "REJECTED",
  "confidence": 0.95,
  "reasoningPreview": "Verification Failed. Missing evidence for: [Artifacts] File index.html exists (confirmed by ls -la showing 241 bytes), but the report does NOT contain the file content. Please provide `cat index.html` or the full file content in a code block to verify it contains: <!DOCTYPE html>, <meta charset=\"UTF"
}
[2026-02-21T11:09:45.212Z][QA][cmlw7drj800kds5hpdab3sxh0][START] Starting QA verification
{
  "reportLength": 531,
  "reportPreview": "- writeFile: completed\n\n\n\n=== VERIFICATION EVIDENCE ===\n\nArtifacts Check:\n--- Verify artifact: index.html ---\n$ ls -la \"index.html\"\nexit 0\n-rw-r--r--    1 root     root           241 Feb 21 11:09 inde"
}
[2026-02-21T11:09:45.221Z][QA][cmlw7drj800kds5hpdab3sxh0][TASK_INFO] Task loaded
{
  "title": "Создать статическую HTML страницу",
  "executorAgent": "FRONTEND",
  "status": "REVIEW"
}
[2026-02-21T11:09:45.223Z][QA][cmlw7drj800kds5hpdab3sxh0][VC_LOADED] Verification criteria loaded
{
  "artifacts": [
    "index.html"
  ],
  "manualCheck": "Открыть файл index.html в браузере. Убедиться, что на странице отображается текст 'Привет! Как дела?' и кодировка корректна.",
  "automatedCheck": "python3 -m http.server 8000 & sleep 2 && curl -s http://localhost:8000 | grep -q 'Привет! Как дела?' && pkill -f 'python3 -m http.server'"
}
[2026-02-21T11:09:45.227Z][QA][cmlw7drj800kds5hpdab3sxh0][CONTEXT] Project context loaded
{
  "contextLength": 365,
  "contextPreview": "# Project State\n\n## Project Information\n- Project ID: cmlw7dc2e00k4s5hpi8l247fc\n- Idea: хтмл страница с текстом \"Привет! Как дела?\"\n- Require Approval: No\n\n## Active Phase\n- No active plan selected\n\n#"
}
[2026-02-21T11:09:45.228Z][QA][cmlw7drj800kds5hpdab3sxh0][AI_CALL] Calling AI for QA verification
{
  "model": "glm-4.7",
  "reportLength": 531,
  "hasVC": true
}
[2026-02-21T11:10:15.108Z][QA][cmlw7drj800kds5hpdab3sxh0][DECISION] QA decision made
{
  "status": "REJECTED",
  "finalStatus": "REJECTED",
  "confidence": 0.95,
  "reasoningPreview": "Verification Failed. Missing evidence for: [Artifacts] File index.html exists (confirmed by ls -la showing 241 bytes), but the report does NOT contain the file content. Please provide `cat index.html` or the full file content in a code block to verify it contains: <!DOCTYPE html>, <meta charset=\"UTF"
}
[2026-02-21T11:11:13.420Z][QA][cmlw7drj800kds5hpdab3sxh0][START] Starting QA verification
{
  "reportLength": 531,
  "reportPreview": "- writeFile: completed\n\n\n\n=== VERIFICATION EVIDENCE ===\n\nArtifacts Check:\n--- Verify artifact: index.html ---\n$ ls -la \"index.html\"\nexit 0\n-rw-r--r--    1 root     root           288 Feb 21 11:11 inde"
}
[2026-02-21T11:11:13.428Z][QA][cmlw7drj800kds5hpdab3sxh0][TASK_INFO] Task loaded
{
  "title": "Создать статическую HTML страницу",
  "executorAgent": "FRONTEND",
  "status": "DONE"
}
[2026-02-21T11:11:13.430Z][QA][cmlw7drj800kds5hpdab3sxh0][VC_LOADED] Verification criteria loaded
{
  "artifacts": [
    "index.html"
  ],
  "manualCheck": "Открыть файл index.html в браузере. Убедиться, что на странице отображается текст 'Привет! Как дела?' и кодировка корректна.",
  "automatedCheck": "python3 -m http.server 8000 & sleep 2 && curl -s http://localhost:8000 | grep -q 'Привет! Как дела?' && pkill -f 'python3 -m http.server'"
}
[2026-02-21T11:11:13.435Z][QA][cmlw7drj800kds5hpdab3sxh0][CONTEXT] Project context loaded
{
  "contextLength": 365,
  "contextPreview": "# Project State\n\n## Project Information\n- Project ID: cmlw7dc2e00k4s5hpi8l247fc\n- Idea: хтмл страница с текстом \"Привет! Как дела?\"\n- Require Approval: No\n\n## Active Phase\n- No active plan selected\n\n#"
}
[2026-02-21T11:11:13.436Z][QA][cmlw7drj800kds5hpdab3sxh0][AI_CALL] Calling AI for QA verification
{
  "model": "glm-4.7",
  "reportLength": 531,
  "hasVC": true
}
[2026-02-21T11:11:30.745Z][QA][cmlw7drj800kds5hpdab3sxh0][DECISION] QA decision made
{
  "status": "REJECTED",
  "finalStatus": "REJECTED",
  "confidence": 0.95,
  "reasoningPreview": "Verification Failed. Missing evidence for: [Artifacts] File index.html exists (confirmed by ls -la showing 288 bytes), but the report does NOT contain the file content. Please provide `cat index.html` or the full file content in a code block to verify it contains: <!DOCTYPE html>, <meta charset=\"UTF"
}
[2026-02-21T11:31:14.558Z][QA][cmlw8jr07000eab7fn6jrq55j][START] Starting QA verification
{
  "reportLength": 341,
  "reportPreview": "- writeFile: completed\n\n\n\n=== VERIFICATION EVIDENCE ===\n\nArtifacts Check:\n--- Verify artifact: index.html ---\n$ ls -la \"index.html\"\nexit 0\n-rw-r--r--    1 root     root           174 Feb 21 11:31 inde"
}
[2026-02-21T11:31:14.573Z][QA][cmlw8jr07000eab7fn6jrq55j][TASK_INFO] Task loaded
{
  "title": "Реализовать статическую HTML-страницу",
  "executorAgent": "FRONTEND",
  "status": "IN_PROGRESS"
}
[2026-02-21T11:31:14.576Z][QA][cmlw8jr07000eab7fn6jrq55j][VC_LOADED] Verification criteria loaded
{
  "artifacts": [
    "index.html"
  ],
  "manualCheck": "Открыть файл index.html в браузере и убедиться, что на странице отображается текст 'Привет! Как дела?'",
  "automatedCheck": "grep -q 'Привет! Как дела?' index.html"
}
[2026-02-21T11:31:14.596Z][QA][cmlw8jr07000eab7fn6jrq55j][CONTEXT] Project context loaded
{
  "contextLength": 365,
  "contextPreview": "# Project State\n\n## Project Information\n- Project ID: cmlw8j6sz0005ab7fvfvmjllz\n- Idea: хтмл страница с текстом \"Привет! Как дела?\"\n- Require Approval: No\n\n## Active Phase\n- No active plan selected\n\n#"
}
[2026-02-21T11:31:14.597Z][QA][cmlw8jr07000eab7fn6jrq55j][AI_CALL] Calling AI for QA verification
{
  "model": "glm-4.7",
  "reportLength": 341,
  "hasVC": true
}
[2026-02-21T11:31:26.342Z][QA][cmlw8jr07000eab7fn6jrq55j][DECISION] QA decision made
{
  "status": "APPROVED",
  "finalStatus": "DONE",
  "confidence": 1,
  "reasoningPreview": "✓ [Artifacts] index.html exists (ls -la shows -rw-r--r-- 174 bytes, created Feb 21 11:31). ✓ [automatedCheck] grep -q 'Привет! Как дела?' index.html succeeded with exit 0, confirming the required text is present in the file. ✓ [manualCheck] Requires opening file in browser and visual confirmation, w"
}
[2026-02-21T11:33:47.331Z][QA][cmlw8jr07000eab7fn6jrq55j][START] Starting QA verification
{
  "reportLength": 370,
  "reportPreview": "- writeFile: completed\n\n\n\n=== VERIFICATION EVIDENCE ===\n\nArtifacts Check:\n--- Verify artifact: index.html ---\n$ ls -la \"index.html\"\nexit 0\n-rw-r--r--    1 root     root           316 Feb 21 11:33 inde"
}
[2026-02-21T11:33:47.341Z][QA][cmlw8jr07000eab7fn6jrq55j][TASK_INFO] Task loaded
{
  "title": "Реализовать статическую HTML-страницу",
  "executorAgent": "FRONTEND",
  "status": "DONE"
}
[2026-02-21T11:33:47.345Z][QA][cmlw8jr07000eab7fn6jrq55j][VC_LOADED] Verification criteria loaded
{
  "artifacts": [
    "index.html"
  ],
  "manualCheck": "Открыть файл index.html в браузере и убедиться, что на странице отображается текст 'Привет! Как дела?'",
  "automatedCheck": "grep -q 'Привет! Как дела?' index.html"
}
[2026-02-21T11:33:47.349Z][QA][cmlw8jr07000eab7fn6jrq55j][CONTEXT] Project context loaded
{
  "contextLength": 365,
  "contextPreview": "# Project State\n\n## Project Information\n- Project ID: cmlw8j6sz0005ab7fvfvmjllz\n- Idea: хтмл страница с текстом \"Привет! Как дела?\"\n- Require Approval: No\n\n## Active Phase\n- No active plan selected\n\n#"
}
[2026-02-21T11:33:47.350Z][QA][cmlw8jr07000eab7fn6jrq55j][AI_CALL] Calling AI for QA verification
{
  "model": "glm-4.7",
  "reportLength": 370,
  "hasVC": true
}
[2026-02-21T11:34:18.840Z][QA][cmlw8jr07000eab7fn6jrq55j][DECISION] QA decision made
{
  "status": "REJECTED",
  "finalStatus": "REJECTED",
  "confidence": 1,
  "reasoningPreview": "Verification Failed. Missing evidence for: [automatedCheck] grep -q 'Привет! Как дела?' index.html failed with exit 1, indicating the required text is NOT present in index.html. The file exists (ls -la shows 316 bytes), but the automated check that searches for the text 'Привет! Как дела?' failed. P"
}
[2026-02-21T11:47:13.124Z][QA][cmlw95oan00hnab7fmh06wk9m][START] Starting QA verification
{
  "reportLength": 523,
  "reportPreview": "- writeFile: completed\n\n\n\n=== VERIFICATION EVIDENCE ===\n\nArtifacts Check:\n--- Verify artifact: index.html ---\n$ ls -la \"index.html\"\nexit 0\n-rw-r--r--    1 root     root           300 Feb 21 11:47 inde"
}
[2026-02-21T11:47:13.178Z][QA][cmlw95oan00hnab7fmh06wk9m][TASK_INFO] Task loaded
{
  "title": "Реализовать статическую HTML страницу с приветствием",
  "executorAgent": "FRONTEND",
  "status": "IN_PROGRESS"
}
[2026-02-21T11:47:13.193Z][QA][cmlw95oan00hnab7fmh06wk9m][VC_LOADED] Verification criteria loaded
{
  "artifacts": [
    "index.html"
  ],
  "manualCheck": "Открыть файл index.html в любом современном браузере. Убедиться, что на экране отображается текст 'Привет всем! Это я!' и применены стили (например, текст выровнен по центру).",
  "automatedCheck": "Проверка существования файла и наличия подстроки 'Привет всем! Это я!' (команда: test -f index.html && grep -q 'Привет всем! Это я!' index.html)"
}
[2026-02-21T11:47:13.214Z][QA][cmlw95oan00hnab7fmh06wk9m][CONTEXT] Project context loaded
{
  "contextLength": 373,
  "contextPreview": "# Project State\n\n## Project Information\n- Project ID: cmlw94v6800heab7fkzjkpr4m\n- Idea: нужна хтмл страница с текстом \"Привет всем! Это я!\"\n- Require Approval: No\n\n## Active Phase\n- No active plan sel"
}
[2026-02-21T11:47:13.215Z][QA][cmlw95oan00hnab7fmh06wk9m][AI_CALL] Calling AI for QA verification
{
  "model": "glm-4.7",
  "reportLength": 523,
  "hasVC": true
}
[2026-02-21T11:47:30.174Z][QA][cmlw95oan00hnab7fmh06wk9m][DECISION] QA decision made
{
  "status": "REJECTED",
  "finalStatus": "REJECTED",
  "confidence": 0.95,
  "reasoningPreview": "Verification Failed. Missing evidence for:\n\n[Artifacts] File exists (ls -la shows index.html, 300 bytes) but content is NOT shown. No code block or cat output to verify the file contains the required text 'Привет всем! Это я!'. Please provide either: (a) full file content in a code block, (b) cat in"
}
[2026-02-21T14:11:42.906Z][QA][cmlwe6f7r001vctxbn287t8jm][START] Starting QA verification
{
  "reportLength": 1152,
  "reportPreview": "- writeFile: completed\n\n\n\n=== VERIFICATION EVIDENCE ===\n\nArtifacts Check:\n--- Verify artifact: index.html ---\n$ ls -la \"index.html\"\nexit 0\n-rw-r--r--    1 root     root           230 Feb 21 14:11 inde"
}
[2026-02-21T14:11:42.926Z][QA][cmlwe6f7r001vctxbn287t8jm][TASK_INFO] Task loaded
{
  "title": "Создать HTML страницу с приветственным текстом",
  "executorAgent": "TASK_EXECUTOR",
  "status": "IN_PROGRESS"
}
[2026-02-21T14:11:42.934Z][QA][cmlwe6f7r001vctxbn287t8jm][VC_LOADED] Verification criteria loaded
{
  "artifacts": [
    "index.html"
  ],
  "manualCheck": "Открыть файл index.html в браузере. Убедиться, что на странице отображается текст 'привет'.",
  "automatedCheck": "echo 'Verification: file exists and contains text' && test -f index.html && grep -q 'привет' index.html"
}
[2026-02-21T14:11:42.942Z][QA][cmlwe6f7r001vctxbn287t8jm][CONTEXT] Project context loaded
{
  "contextLength": 362,
  "contextPreview": "# Project State\n\n## Project Information\n- Project ID: cmlwe667d001mctxbhryn006c\n- Idea: создать хтмл страницу с текстом \"привет\"\n- Require Approval: No\n\n## Active Phase\n- No active plan selected\n\n## C"
}
[2026-02-21T14:11:42.943Z][QA][cmlwe6f7r001vctxbn287t8jm][AI_CALL] Calling AI for QA verification
{
  "model": "glm-4.7",
  "reportLength": 1152,
  "hasVC": true
}
[2026-02-21T14:11:56.816Z][QA][cmlwe6f7r001vctxbn287t8jm][DECISION] QA decision made
{
  "status": "APPROVED",
  "finalStatus": "DONE",
  "confidence": 0.95,
  "reasoningPreview": "✓ Artifacts: Found index.html via ls -la output showing file exists (230 bytes, created Feb 21 14:11). File content displayed via head command shows complete HTML5 structure with '<h1>привет</h1>' in body. ✓ manualCheck: Headless/Docker environment cannot open browsers or take screenshots. Checking "
}
[2026-02-21T14:25:51.601Z][QA][cmlweubbd00a6ctxbav7xmfti][START] Starting QA verification
{
  "reportLength": 1972,
  "reportPreview": "- writeFile: completed\n\n\n\n=== VERIFICATION EVIDENCE ===\n\nArtifacts Check:\n--- Verify artifact: index.html ---\n$ ls -la \"index.html\"\nexit 0\n-rw-r--r--    1 root     root          1082 Feb 21 14:25 inde"
}
[2026-02-21T14:25:51.614Z][QA][cmlweubbd00a6ctxbav7xmfti][TASK_INFO] Task loaded
{
  "title": "Реализовать HTML страницу с кнопками",
  "executorAgent": "TASK_EXECUTOR",
  "status": "IN_PROGRESS"
}
[2026-02-21T14:25:51.619Z][QA][cmlweubbd00a6ctxbav7xmfti][VC_LOADED] Verification criteria loaded
{
  "artifacts": [
    "index.html"
  ],
  "manualCheck": "Открыть файл index.html в браузере. Убедиться, что на странице отображаются две кнопки с текстом 'Принять' и 'Отмена'. Проверить, что верстка не сломана (кнопки видны).",
  "automatedCheck": "file exists index.html && grep -q 'Принять' index.html && grep -q 'Отмена' index.html"
}
[2026-02-21T14:25:51.624Z][QA][cmlweubbd00a6ctxbav7xmfti][CONTEXT] Project context loaded
{
  "contextLength": 371,
  "contextPreview": "# Project State\n\n## Project Information\n- Project ID: cmlwetnh8009xctxbbp5t54po\n- Idea: хтмл страница с 2 кнопками \"принять\" и \"отменить\"\n- Require Approval: No\n\n## Active Phase\n- No active plan selec"
}
[2026-02-21T14:25:51.624Z][QA][cmlweubbd00a6ctxbav7xmfti][AI_CALL] Calling AI for QA verification
{
  "model": "glm-4.7",
  "reportLength": 1972,
  "hasVC": true
}
[2026-02-21T14:26:17.486Z][QA][cmlweubbd00a6ctxbav7xmfti][DECISION] QA decision made
{
  "status": "APPROVED",
  "finalStatus": "DONE",
  "confidence": 0.95,
  "reasoningPreview": "✓ Artifacts: index.html exists (confirmed by ls -la output showing -rw-r--r-- 1 root root 1082 Feb 21 14:25 index.html). Full file content is provided showing valid HTML5 structure with two buttons labeled 'Принять' and 'Отмена', inline CSS for centering, and JavaScript handlers. ✓ automatedCheck: A"
}
[2026-02-21T14:38:14.496Z][QA][cmlwfaayh000cfsekisq41xct][START] Starting QA verification
{
  "reportLength": 3709,
  "reportPreview": "- writeFile: completed\n\n\n\n=== VERIFICATION EVIDENCE ===\n\nArtifacts Check:\n--- Verify artifact: index.html ---\n$ ls -la \"index.html\"\nexit 0\n-rw-r--r--    1 root     root          3162 Feb 21 14:38 inde"
}
[2026-02-21T14:38:14.520Z][QA][cmlwfaayh000cfsekisq41xct][TASK_INFO] Task loaded
{
  "title": "Реализовать UI и Core Logic (HTML/CSS/JS)",
  "executorAgent": "TASK_EXECUTOR",
  "status": "IN_PROGRESS"
}
[2026-02-21T14:38:14.526Z][QA][cmlwfaayh000cfsekisq41xct][VC_LOADED] Verification criteria loaded
{
  "artifacts": [
    "index.html"
  ],
  "manualCheck": "Открыть файл index.html в браузере. Убедиться, что отображаются две кнопки. При нажатии на 'Отправить' и 'Отменить' должна происходить соответствующая реакция (например, alert или изменение текста на странице).",
  "automatedCheck": "echo 'No automated tests configured for static HTML MVP'"
}
[2026-02-21T14:38:14.536Z][QA][cmlwfaayh000cfsekisq41xct][CONTEXT] Project context loaded
{
  "contextLength": 379,
  "contextPreview": "# Project State\n\n## Project Information\n- Project ID: cmlwf9i7h0003fsek4d9kmgar\n- Idea: создать хтмл страницу с 2 кнопками - отправить и отменить\n- Require Approval: No\n\n## Active Phase\n- No active pl"
}
[2026-02-21T14:38:14.537Z][QA][cmlwfaayh000cfsekisq41xct][AI_CALL] Calling AI for QA verification
{
  "model": "glm-4.7",
  "reportLength": 3709,
  "hasVC": true
}
[2026-02-21T14:38:21.263Z][QA][cmlwfaayh000cfsekisq41xct][DECISION] QA decision made
{
  "status": "APPROVED",
  "finalStatus": "DONE",
  "confidence": 1,
  "reasoningPreview": "✓ Artifacts: index.html confirmed - ls -la output shows file exists (3162 bytes) and full content is displayed. File contains proper HTML5 structure with two buttons ('Отправить' and 'Отменить') and inline CSS styling. ✓ manualCheck: HEADLESS EXCEPTION - manualCheck requires opening in browser and v"
}
[2026-02-21T14:40:13.752Z][QA][cmlwfaayh000cfsekisq41xct][START] Starting QA verification
{
  "reportLength": 2553,
  "reportPreview": "- writeFile: completed\n\n\n\n=== VERIFICATION EVIDENCE ===\n\nArtifacts Check:\n--- Verify artifact: index.html ---\n$ ls -la \"index.html\"\nexit 0\n-rw-r--r--    1 root     root          1940 Feb 21 14:40 inde"
}
[2026-02-21T14:40:13.760Z][QA][cmlwfaayh000cfsekisq41xct][TASK_INFO] Task loaded
{
  "title": "Реализовать UI и Core Logic (HTML/CSS/JS)",
  "executorAgent": "TASK_EXECUTOR",
  "status": "DONE"
}
[2026-02-21T14:40:13.761Z][QA][cmlwfaayh000cfsekisq41xct][VC_LOADED] Verification criteria loaded
{
  "artifacts": [
    "index.html"
  ],
  "manualCheck": "Открыть файл index.html в браузере. Убедиться, что отображаются две кнопки. При нажатии на 'Отправить' и 'Отменить' должна происходить соответствующая реакция (например, alert или изменение текста на странице).",
  "automatedCheck": "echo 'No automated tests configured for static HTML MVP'"
}
[2026-02-21T14:40:13.765Z][QA][cmlwfaayh000cfsekisq41xct][CONTEXT] Project context loaded
{
  "contextLength": 379,
  "contextPreview": "# Project State\n\n## Project Information\n- Project ID: cmlwf9i7h0003fsek4d9kmgar\n- Idea: создать хтмл страницу с 2 кнопками - отправить и отменить\n- Require Approval: No\n\n## Active Phase\n- No active pl"
}
[2026-02-21T14:40:13.765Z][QA][cmlwfaayh000cfsekisq41xct][AI_CALL] Calling AI for QA verification
{
  "model": "glm-4.7",
  "reportLength": 2553,
  "hasVC": true
}
[2026-02-21T14:40:21.487Z][QA][cmlwfaayh000cfsekisq41xct][DECISION] QA decision made
{
  "status": "APPROVED",
  "finalStatus": "DONE",
  "confidence": 0.95,
  "reasoningPreview": "✓ Artifacts: index.html confirmed - ls -la output shows file exists (1940 bytes) and full HTML/CSS/JS content is displayed. File contains proper HTML5 structure with two buttons ('Отправить' and 'Отменить'), inline CSS styling, and JavaScript click handlers with console.log and alert. ✓ automatedChe"
}
[2026-02-21T15:04:52.811Z][QA][cmlwfy76j00ljfsekanguqkrh][START] Starting QA verification
{
  "reportLength": 3785,
  "reportPreview": "- executeCommand: \n> npx\n> create-vite todo-pwa-app --template vue-ts\n\n\u001b[90m│\u001b[39m\n\u001b[32m◇\u001b[39m  Scaffolding project in /app/projects/cmlwfwc3400lafsek4nwiobzl/todo-pwa-app...\n\u001b[90m│\u001b[39m\n\u001b[90m└\u001b[39m  "
}
[2026-02-21T15:04:52.846Z][QA][cmlwfy76j00ljfsekanguqkrh][TASK_INFO] Task loaded
{
  "title": "Инициализация проекта и инфраструктуры PWA",
  "executorAgent": "TASK_EXECUTOR",
  "status": "IN_PROGRESS"
}
[2026-02-21T15:04:52.862Z][QA][cmlwfy76j00ljfsekanguqkrh][VC_LOADED] Verification criteria loaded
{
  "artifacts": [
    "package.json",
    "vite.config.js",
    "tailwind.config.js",
    "src/main.js",
    "src/App.vue",
    "public/manifest.json"
  ],
  "manualCheck": "Запустить `npm run dev`, открыть в браузере. Убедиться, что отображается заглушка Vue, стили Tailwind применяются. В консоли браузера проверить доступность `window.serviceWorker` и регистрацию PWA.",
  "automatedCheck": "npm run build"
}
[2026-02-21T15:04:52.904Z][QA][cmlwfy76j00ljfsekanguqkrh][CONTEXT] Project context loaded
{
  "contextLength": 1497,
  "contextPreview": "# Project State\n\n## Project Information\n- Project ID: cmlwfwc3400lafsek4nwiobzl\n- Idea: нужна todo для iphone браузерная чтоб можно было вкладку добавить и с напоминалками в уведомления. Нужна как asa"
}
[2026-02-21T15:04:52.905Z][QA][cmlwfy76j00ljfsekanguqkrh][AI_CALL] Calling AI for QA verification
{
  "model": "glm-4.7",
  "reportLength": 3785,
  "hasVC": true
}
[2026-02-21T15:05:11.343Z][QA][cmlwfy76j00ljfsekanguqkrh][DECISION] QA decision made
{
  "status": "REJECTED",
  "finalStatus": "REJECTED",
  "confidence": 0.95,
  "reasoningPreview": "Verification Failed. Missing evidence for:\n\n[Artifacts] None of the required files have been verified to exist. The verification evidence shows all artifact checks failed with 'No such file or directory'. Expected files: package.json, vite.config.js, tailwind.config.js, src/main.js, src/App.vue, pub"
}
[2026-02-21T15:15:21.187Z][QA][cmlwfy76j00ljfsekanguqkrh][START] Starting QA verification
{
  "reportLength": 2740,
  "reportPreview": "- executeCommand: \nadded 16 packages, and audited 743 packages in 1m\n\n276 packages are looking for funding\n  run `npm fund` for details\n\n21 vulnerabilities (3 moderate, 18 high)\n\nTo address issues tha"
}
[2026-02-21T15:15:21.611Z][QA][cmlwfy76j00ljfsekanguqkrh][TASK_INFO] Task loaded
{
  "title": "Инициализация проекта и инфраструктуры PWA",
  "executorAgent": "TASK_EXECUTOR",
  "status": "REVIEW"
}
[2026-02-21T15:15:21.932Z][QA][cmlwfy76j00ljfsekanguqkrh][VC_LOADED] Verification criteria loaded
{
  "artifacts": [
    "package.json",
    "vite.config.js",
    "tailwind.config.js",
    "src/main.js",
    "src/App.vue",
    "public/manifest.json"
  ],
  "manualCheck": "Запустить `npm run dev`, открыть в браузере. Убедиться, что отображается заглушка Vue, стили Tailwind применяются. В консоли браузера проверить доступность `window.serviceWorker` и регистрацию PWA.",
  "automatedCheck": "npm run build"
}
[2026-02-21T15:15:22.504Z][QA][cmlwfy76j00ljfsekanguqkrh][CONTEXT] Project context loaded
{
  "contextLength": 1482,
  "contextPreview": "# Project State\n\n## Project Information\n- Project ID: cmlwfwc3400lafsek4nwiobzl\n- Idea: нужна todo для iphone браузерная чтоб можно было вкладку добавить и с напоминалками в уведомления. Нужна как asa"
}
[2026-02-21T15:15:22.510Z][QA][cmlwfy76j00ljfsekanguqkrh][AI_CALL] Calling AI for QA verification
{
  "model": "glm-4.7",
  "reportLength": 2740,
  "hasVC": true
}
[2026-02-21T15:15:45.782Z][QA][cmlwfy76j00ljfsekanguqkrh][DECISION] QA decision made
{
  "status": "REJECTED",
  "finalStatus": "REJECTED",
  "confidence": 1,
  "reasoningPreview": "Verification Failed. Missing evidence for:\n\n[Artifacts] 5 of 6 required files are missing. Verification evidence shows:\n- ❌ package.json: 'No such file or directory'\n- ❌ vite.config.js: 'No such file or directory'\n- ✅ tailwind.config.js: EXISTS (274 bytes, content verified)\n- ❌ src/main.js: 'No such"
}
