[2026-02-23T08:47:59.117Z][QA][cmlyxj18k00hvk6rtl6upxl9e][START] Starting QA verification
{
  "reportLength": 3715,
  "reportPreview": "- executeCommand: Wrote to /app/projects/cmlyxigqb00hmk6rtb098n9im/package.json:\n\n{\n  \"name\": \"cmlyxigqb00hmk6rtb098n9im\",\n  \"version\": \"1.0.0\",\n  \"main\": \"index.js\",\n  \"scripts\": {\n    \"test\": \"echo "
}
[2026-02-23T08:47:59.171Z][QA][cmlyxj18k00hvk6rtl6upxl9e][TASK_INFO] Task loaded
{
  "title": "Реализовать консольную утилиту погоды",
  "executorAgent": "TASK_EXECUTOR",
  "status": "IN_PROGRESS"
}
[2026-02-23T08:47:59.188Z][QA][cmlyxj18k00hvk6rtl6upxl9e][VC_LOADED] Verification criteria loaded
{
  "artifacts": [
    "package.json",
    "index.js"
  ],
  "manualCheck": "Запустить 'node index.js London' (или другой город) в терминале. Убедиться, что в консоль выводится актуальная информация о погоде без ошибок.",
  "automatedCheck": "node index.js Moscow"
}
[2026-02-23T08:47:59.287Z][QA][cmlyxj18k00hvk6rtl6upxl9e][CONTEXT] Project context loaded
{
  "contextLength": 526,
  "contextPreview": "# Project State\n\n## Project Information\n- Project ID: cmlyxigqb00hmk6rtb098n9im\n- Idea: Напиши консольную утилиту на Node.js (без фреймворков, просто index.js). Утилита должна скачивать данные о погод"
}
[2026-02-23T08:47:59.288Z][QA][cmlyxj18k00hvk6rtl6upxl9e][AI_CALL] Calling AI for QA verification
{
  "model": "glm-4.7",
  "reportLength": 3715,
  "hasVC": true
}
[2026-02-23T08:48:18.823Z][QA][cmlyxj18k00hvk6rtl6upxl9e][DECISION] QA decision made
{
  "status": "REJECTED",
  "finalStatus": "REJECTED",
  "confidence": 0.95,
  "reasoningPreview": "Verification Failed. Missing evidence for: [automatedCheck] The command 'node index.js Moscow' failed because the implementation uses interactive readline input instead of accepting command-line arguments as required by the task. The task specifically states: 'принимает аргумент командной строки (го"
}
[2026-02-23T08:49:06.101Z][QA][cmlyxj18k00hvk6rtl6upxl9e][START] Starting QA verification
{
  "reportLength": 2869,
  "reportPreview": "- executeCommand: Wrote to /app/projects/cmlyxigqb00hmk6rtb098n9im/package.json:\n\n{\n  \"name\": \"weather-cli-util\",\n  \"version\": \"1.0.0\",\n  \"description\": \"A simple console weather utility using native "
}
[2026-02-23T08:49:06.269Z][QA][cmlyxj18k00hvk6rtl6upxl9e][TASK_INFO] Task loaded
{
  "title": "Реализовать консольную утилиту погоды",
  "executorAgent": "TASK_EXECUTOR",
  "status": "REJECTED"
}
[2026-02-23T08:49:06.297Z][QA][cmlyxj18k00hvk6rtl6upxl9e][VC_LOADED] Verification criteria loaded
{
  "artifacts": [
    "package.json",
    "index.js"
  ],
  "manualCheck": "Запустить 'node index.js London' (или другой город) в терминале. Убедиться, что в консоль выводится актуальная информация о погоде без ошибок.",
  "automatedCheck": "node index.js Moscow"
}
[2026-02-23T08:49:06.407Z][QA][cmlyxj18k00hvk6rtl6upxl9e][CONTEXT] Project context loaded
{
  "contextLength": 526,
  "contextPreview": "# Project State\n\n## Project Information\n- Project ID: cmlyxigqb00hmk6rtb098n9im\n- Idea: Напиши консольную утилиту на Node.js (без фреймворков, просто index.js). Утилита должна скачивать данные о погод"
}
[2026-02-23T08:49:06.408Z][QA][cmlyxj18k00hvk6rtl6upxl9e][AI_CALL] Calling AI for QA verification
{
  "model": "glm-4.7",
  "reportLength": 2869,
  "hasVC": true
}
[2026-02-23T08:49:17.383Z][QA][cmlyxj18k00hvk6rtl6upxl9e][DECISION] QA decision made
{
  "status": "APPROVED",
  "finalStatus": "DONE",
  "confidence": 0.95,
  "reasoningPreview": "✓ Artifacts: Оба файла созданы и показаны в отчете. package.json (267 байт) и index.js (1363 байт) отображены с полным содержимым через ls -la и head -n 200. ✓ automatedCheck: Ticket run - automatedCheck был пропущен согласно правилу TICKET RUN EXCEPTION. ✓ manualCheck: Хотя предыдущий AI неверно ут"
}
[2026-02-23T09:26:27.870Z][QA][cmlyz08z2000a4ym70xtp8ehw][START] Starting QA verification
{
  "reportLength": 3338,
  "reportPreview": "- writeFile: completed\n- writeFile: completed\n- writeFile: completed\n\n\n\n=== VERIFICATION EVIDENCE ===\n\nArtifacts Check:\n--- Verify artifact: index.html ---\n$ ls -la \"index.html\"\nexit 0\n-rw-r--r--    1"
}
[2026-02-23T09:26:27.893Z][QA][cmlyz08z2000a4ym70xtp8ehw][TASK_INFO] Task loaded
{
  "title": "Инициализация проекта и верстка UI",
  "executorAgent": "TASK_EXECUTOR",
  "status": "IN_PROGRESS"
}
[2026-02-23T09:26:27.914Z][QA][cmlyz08z2000a4ym70xtp8ehw][VC_LOADED] Verification criteria loaded
{
  "artifacts": [
    "index.html",
    "style.css"
  ],
  "manualCheck": "Открыть index.html в браузере, убедиться в наличии поля ввода города и кнопки 'Найти'. Элементы должны быть визуально стилизованы.",
  "automatedCheck": "exit 0"
}
[2026-02-23T09:26:27.940Z][QA][cmlyz08z2000a4ym70xtp8ehw][CONTEXT] Project context loaded
{
  "contextLength": 392,
  "contextPreview": "# Project State\n\n## Project Information\n- Project ID: cmlyyz8fl00014ym7odows8aj\n- Idea: прогоноз погоды с бесплатным api и строкой поиска и красивой анимацией\n- Require Approval: No\n\n## Active Phase\n-"
}
[2026-02-23T09:26:27.940Z][QA][cmlyz08z2000a4ym70xtp8ehw][AI_CALL] Calling AI for QA verification
{
  "model": "glm-4.7",
  "reportLength": 3338,
  "hasVC": true
}
[2026-02-23T09:26:38.311Z][QA][cmlyz08z2000a4ym70xtp8ehw][DECISION] QA decision made
{
  "status": "REJECTED",
  "finalStatus": "REJECTED",
  "confidence": 1,
  "reasoningPreview": "Verification Failed. Missing evidence for: [Artifacts] The file 'style.css' does not exist. The verification report shows 'ls -la \"style.css\"' failed with error: 'ls: style.css: No such file or directory'. Note: The index.html file references 'styles.css' but the verification criteria explicitly req"
}
[2026-02-23T09:27:53.282Z][QA][cmlyz08z2000a4ym70xtp8ehw][START] Starting QA verification
{
  "reportLength": 4074,
  "reportPreview": "- writeFile: completed\n- writeFile: completed\n- writeFile: completed\n\n\n\n=== VERIFICATION EVIDENCE ===\n\nArtifacts Check:\n--- Verify artifact: index.html ---\n$ ls -la \"index.html\"\nexit 0\n-rw-r--r--    1"
}
[2026-02-23T09:27:53.293Z][QA][cmlyz08z2000a4ym70xtp8ehw][TASK_INFO] Task loaded
{
  "title": "Инициализация проекта и верстка UI",
  "executorAgent": "TASK_EXECUTOR",
  "status": "REJECTED"
}
[2026-02-23T09:27:53.318Z][QA][cmlyz08z2000a4ym70xtp8ehw][VC_LOADED] Verification criteria loaded
{
  "artifacts": [
    "index.html",
    "style.css"
  ],
  "manualCheck": "Открыть index.html в браузере, убедиться в наличии поля ввода города и кнопки 'Найти'. Элементы должны быть визуально стилизованы.",
  "automatedCheck": "exit 0"
}
[2026-02-23T09:27:53.325Z][QA][cmlyz08z2000a4ym70xtp8ehw][CONTEXT] Project context loaded
{
  "contextLength": 392,
  "contextPreview": "# Project State\n\n## Project Information\n- Project ID: cmlyyz8fl00014ym7odows8aj\n- Idea: прогоноз погоды с бесплатным api и строкой поиска и красивой анимацией\n- Require Approval: No\n\n## Active Phase\n-"
}
[2026-02-23T09:27:53.326Z][QA][cmlyz08z2000a4ym70xtp8ehw][AI_CALL] Calling AI for QA verification
{
  "model": "glm-4.7",
  "reportLength": 4074,
  "hasVC": true
}
[2026-02-23T09:28:05.768Z][QA][cmlyz08z2000a4ym70xtp8ehw][DECISION] QA decision made
{
  "status": "APPROVED",
  "finalStatus": "DONE",
  "confidence": 1,
  "reasoningPreview": "✓ Artifacts - index.html: ls -la output shows file exists (923 bytes, created Feb 23 09:27). Full file content provided showing HTML5 structure with search form containing city input (#city-input) and search button (text 'Поиск'). ✓ Artifacts - style.css: ls -la output shows file exists (2164 bytes,"
}
[2026-02-23T09:28:47.462Z][QA][cmlyz08z3000c4ym70b3slltx][START] Starting QA verification
{
  "reportLength": 1677,
  "reportPreview": "- readFile: completed\n- writeFile: completed\n- readFile: completed\n\n\n\n=== VERIFICATION EVIDENCE ===\n\nArtifacts Check:\n--- Verify artifact: script.js ---\n$ ls -la \"script.js\"\nexit 0\n-rw-r--r--    1 roo"
}
[2026-02-23T09:28:47.475Z][QA][cmlyz08z3000c4ym70b3slltx][TASK_INFO] Task loaded
{
  "title": "Интеграция Open-Meteo API и логика поиска",
  "executorAgent": "TASK_EXECUTOR",
  "status": "IN_PROGRESS"
}
[2026-02-23T09:28:47.480Z][QA][cmlyz08z3000c4ym70b3slltx][VC_LOADED] Verification criteria loaded
{
  "artifacts": [
    "script.js"
  ],
  "manualCheck": "Ввести валидный город (например, 'London'), нажать кнопку поиска. Убедиться, что на странице отображается актуальная температура и погодные условия.",
  "automatedCheck": "exit 0"
}
[2026-02-23T09:28:47.497Z][QA][cmlyz08z3000c4ym70b3slltx][CONTEXT] Project context loaded
{
  "contextLength": 392,
  "contextPreview": "# Project State\n\n## Project Information\n- Project ID: cmlyyz8fl00014ym7odows8aj\n- Idea: прогоноз погоды с бесплатным api и строкой поиска и красивой анимацией\n- Require Approval: No\n\n## Active Phase\n-"
}
[2026-02-23T09:28:47.499Z][QA][cmlyz08z3000c4ym70b3slltx][AI_CALL] Calling AI for QA verification
{
  "model": "glm-4.7",
  "reportLength": 1677,
  "hasVC": true
}
[2026-02-23T09:28:55.538Z][QA][cmlyz08z3000c4ym70b3slltx][DECISION] QA decision made
{
  "status": "REJECTED",
  "finalStatus": "REJECTED",
  "confidence": 0.95,
  "reasoningPreview": "Verification Failed. Missing evidence for: [manualCheck] The task requires implementing Open-Meteo API integration (Geocoding API for city search and Weather API for temperature, wind, humidity data) and inserting weather data into DOM. However, the script.js content shows only a placeholder comment"
}
[2026-02-23T09:30:06.559Z][QA][cmlyz08z3000c4ym70b3slltx][START] Starting QA verification
{
  "reportLength": 3839,
  "reportPreview": "- readFile: completed\n- readFile: completed\n- writeFile: completed\n\n\n\n=== VERIFICATION EVIDENCE ===\n\nArtifacts Check:\n--- Verify artifact: script.js ---\n$ ls -la \"script.js\"\nexit 0\n-rw-r--r--    1 roo"
}
[2026-02-23T09:30:06.571Z][QA][cmlyz08z3000c4ym70b3slltx][TASK_INFO] Task loaded
{
  "title": "Интеграция Open-Meteo API и логика поиска",
  "executorAgent": "TASK_EXECUTOR",
  "status": "REJECTED"
}
[2026-02-23T09:30:06.572Z][QA][cmlyz08z3000c4ym70b3slltx][VC_LOADED] Verification criteria loaded
{
  "artifacts": [
    "script.js"
  ],
  "manualCheck": "Ввести валидный город (например, 'London'), нажать кнопку поиска. Убедиться, что на странице отображается актуальная температура и погодные условия.",
  "automatedCheck": "exit 0"
}
[2026-02-23T09:30:06.581Z][QA][cmlyz08z3000c4ym70b3slltx][CONTEXT] Project context loaded
{
  "contextLength": 392,
  "contextPreview": "# Project State\n\n## Project Information\n- Project ID: cmlyyz8fl00014ym7odows8aj\n- Idea: прогоноз погоды с бесплатным api и строкой поиска и красивой анимацией\n- Require Approval: No\n\n## Active Phase\n-"
}
[2026-02-23T09:30:06.581Z][QA][cmlyz08z3000c4ym70b3slltx][AI_CALL] Calling AI for QA verification
{
  "model": "glm-4.7",
  "reportLength": 3839,
  "hasVC": true
}
[2026-02-23T09:30:20.276Z][QA][cmlyz08z3000c4ym70b3slltx][DECISION] QA decision made
{
  "status": "APPROVED",
  "finalStatus": "DONE",
  "confidence": 0.95,
  "reasoningPreview": "✓ Artifacts: script.js exists (ls -la shows -rw-r--r-- 3080 bytes) with full content provided. The code correctly implements Open-Meteo API integration: async getCoordinates() function fetches from Geocoding API, async fetchWeather() function fetches from Weather API, extracts temperature (temp), wi"
}
[2026-02-23T09:31:22.105Z][QA][cmlyz08z3000e4ym7zbdpupli][START] Starting QA verification
{
  "reportLength": 7810,
  "reportPreview": "- readFile: completed\n- readFile: completed\n- readFile: completed\n- writeFile: completed\n- writeFile: completed\n- writeFile: completed\n\n\n\n=== VERIFICATION EVIDENCE ===\n\nArtifacts Check:\n--- Verify art"
}
[2026-02-23T09:31:22.125Z][QA][cmlyz08z3000e4ym7zbdpupli][TASK_INFO] Task loaded
{
  "title": "Реализация CSS-анимаций и интерактивности",
  "executorAgent": "TASK_EXECUTOR",
  "status": "IN_PROGRESS"
}
[2026-02-23T09:31:22.131Z][QA][cmlyz08z3000e4ym7zbdpupli][VC_LOADED] Verification criteria loaded
{
  "artifacts": [
    "style.css",
    "script.js"
  ],
  "manualCheck": "Наблюдать за плавностью появления карточки при успешном поиске. Ввести несуществующий город и проверить отображение сообщения об ошибке.",
  "automatedCheck": "exit 0"
}
[2026-02-23T09:31:22.142Z][QA][cmlyz08z3000e4ym7zbdpupli][CONTEXT] Project context loaded
{
  "contextLength": 392,
  "contextPreview": "# Project State\n\n## Project Information\n- Project ID: cmlyyz8fl00014ym7odows8aj\n- Idea: прогоноз погоды с бесплатным api и строкой поиска и красивой анимацией\n- Require Approval: No\n\n## Active Phase\n-"
}
[2026-02-23T09:31:22.142Z][QA][cmlyz08z3000e4ym7zbdpupli][AI_CALL] Calling AI for QA verification
{
  "model": "glm-4.7",
  "reportLength": 7810,
  "hasVC": true
}
[2026-02-23T09:31:34.075Z][QA][cmlyz08z3000e4ym7zbdpupli][DECISION] QA decision made
{
  "status": "APPROVED",
  "finalStatus": "DONE",
  "confidence": 0.95,
  "reasoningPreview": "✓ Artifacts: style.css exists (ls -la shows 3145 bytes) and contains complete CSS with transitions/animations (loader spin animation, weather-card fade-in with translateY transition, error-message opacity transition). script.js exists (ls -la shows 3938 bytes) with full implementation including erro"
}
[2026-02-23T10:22:43.787Z][QA][cmlz0zdle00pn4ym72g818086][START] Starting QA verification
{
  "reportLength": 5410,
  "reportPreview": "- writeFile: completed\n- writeFile: completed\n- executeCommand: /bin/sh: python: not found\n\n- executeCommand: /bin/sh: python: not found\n\n- executeCommand: /bin/sh: python: not found\n\n\n\n\n=== VERIFICAT"
}
[2026-02-23T10:22:43.822Z][QA][cmlz0zdle00pn4ym72g818086][TASK_INFO] Task loaded
{
  "title": "Инициализация проекта и реализация парсера выражений",
  "executorAgent": "TASK_EXECUTOR",
  "status": "IN_PROGRESS"
}
[2026-02-23T10:22:43.829Z][QA][cmlz0zdle00pn4ym72g818086][VC_LOADED] Verification criteria loaded
{
  "artifacts": [
    "main.py",
    "requirements.txt"
  ],
  "manualCheck": "Запустить скрипт: python main.py '2 + 2 * 2'. Ожидаемый вывод: '6'. Проверить работу со скобками: python main.py '(2 + 2) * 2'. Ожидаемый вывод: '8'.",
  "automatedCheck": "python main.py '10 - 3 * 2' | grep '4'"
}
[2026-02-23T10:22:43.861Z][QA][cmlz0zdle00pn4ym72g818086][CONTEXT] Project context loaded
{
  "contextLength": 660,
  "contextPreview": "# Project State\n\n## Project Information\n- Project ID: cmlz0ycyz00pe4ym70sdxp0xv\n- Idea: Напиши CLI-калькулятор на Python (main.py). Он должен принимать математическое выражение строкой (например '2 + "
}
[2026-02-23T10:22:43.863Z][QA][cmlz0zdle00pn4ym72g818086][AI_CALL] Calling AI for QA verification
{
  "model": "glm-4.7",
  "reportLength": 5410,
  "hasVC": true
}
[2026-02-23T10:22:59.467Z][QA][cmlz0zdle00pn4ym72g818086][DECISION] QA decision made
{
  "status": "APPROVED",
  "finalStatus": "DONE",
  "confidence": 0.95,
  "reasoningPreview": "✓ Artifacts: main.py - ls -la output shows file exists (4862 bytes), full content provided showing complete implementation with tokenize(), shunting_yard(), evaluate_rpn() functions, and main() handling sys.argv[1]. requirements.txt - ls -la output shows file exists (74 bytes), content confirmed wit"
}
[2026-02-23T10:28:48.580Z][QA][cmlz17y5s010k4ym7aany65ms][START] Starting QA verification
{
  "reportLength": 10587,
  "reportPreview": "- executeCommand: Wrote to /app/projects/cmlz16xb7010b4ym7emt1eg3w/package.json:\n\n{\n  \"name\": \"cmlz16xb7010b4ym7emt1eg3w\",\n  \"version\": \"1.0.0\",\n  \"main\": \"index.js\",\n  \"scripts\": {\n    \"test\": \"echo "
}
[2026-02-23T10:28:48.601Z][QA][cmlz17y5s010k4ym7aany65ms][TASK_INFO] Task loaded
{
  "title": "Initialize Node.js project and configure dependencies",
  "executorAgent": "TASK_EXECUTOR",
  "status": "IN_PROGRESS"
}
[2026-02-23T10:28:48.608Z][QA][cmlz17y5s010k4ym7aany65ms][VC_LOADED] Verification criteria loaded
{
  "artifacts": [
    "package.json",
    "package-lock.json",
    "tsconfig.json",
    "src/index.ts"
  ],
  "manualCheck": "Run `npm start`, ensure server starts without errors and logs 'Server running on port 3000'",
  "automatedCheck": "npm run build && node dist/index.js"
}
[2026-02-23T10:28:48.622Z][QA][cmlz17y5s010k4ym7aany65ms][CONTEXT] Project context loaded
{
  "contextLength": 569,
  "contextPreview": "# Project State\n\n## Project Information\n- Project ID: cmlz16xb7010b4ym7emt1eg3w\n- Idea: Создай Node.js REST API сервер (Express) для управления списком 'Книг'. Должны быть роуты GET, POST, DELETE. Для"
}
[2026-02-23T10:28:48.623Z][QA][cmlz17y5s010k4ym7aany65ms][AI_CALL] Calling AI for QA verification
{
  "model": "glm-4.7",
  "reportLength": 10587,
  "hasVC": true
}
[2026-02-23T10:29:01.978Z][QA][cmlz17y5s010k4ym7aany65ms][DECISION] QA decision made
{
  "status": "APPROVED",
  "finalStatus": "DONE",
  "confidence": 1,
  "reasoningPreview": "✓ [Artifacts] All required files exist and have proper content:\n  - package.json: File exists (529 bytes) with proper scripts (build, start, dev) and dependencies (express, zod, typescript, @types/express, @types/node)\n  - package-lock.json: File exists (34139 bytes) confirming all dependencies inst"
}
[2026-02-23T10:30:37.100Z][QA][cmlz17y5s010m4ym7p1trb385][START] Starting QA verification
{
  "reportLength": 2881,
  "reportPreview": "- executeCommand: total 48\ndrwxr-xr-x   10 root     root           320 Feb 23 10:28 .\ndrwxr-xr-x   65 root     root          2080 Feb 23 10:25 ..\n-rw-r--r--    1 root     root            36 Feb 23 10:"
}
[2026-02-23T10:30:37.113Z][QA][cmlz17y5s010m4ym7p1trb385][TASK_INFO] Task loaded
{
  "title": "Implement Data Access Layer with fs/promises",
  "executorAgent": "BACKEND",
  "status": "TODO"
}
[2026-02-23T10:30:37.119Z][QA][cmlz17y5s010m4ym7p1trb385][VC_LOADED] Verification criteria loaded
{
  "artifacts": [
    "src/services/storageService.ts",
    "books.json"
  ],
  "manualCheck": "Verify that `books.json` exists in the root and contains `[]`. If code is manually imported and invoked, it should read/write JSON correctly.",
  "automatedCheck": "node -e \"require('./dist/services/storageService.js').then(...)\""
}
[2026-02-23T10:30:37.143Z][QA][cmlz17y5s010m4ym7p1trb385][CONTEXT] Project context loaded
{
  "contextLength": 569,
  "contextPreview": "# Project State\n\n## Project Information\n- Project ID: cmlz16xb7010b4ym7emt1eg3w\n- Idea: Создай Node.js REST API сервер (Express) для управления списком 'Книг'. Должны быть роуты GET, POST, DELETE. Для"
}
[2026-02-23T10:30:37.144Z][QA][cmlz17y5s010m4ym7p1trb385][AI_CALL] Calling AI for QA verification
{
  "model": "glm-4.7",
  "reportLength": 2881,
  "hasVC": true
}
[2026-02-23T10:31:10.807Z][QA][cmlz17y5s010m4ym7p1trb385][DECISION] QA decision made
{
  "status": "REJECTED",
  "finalStatus": "REJECTED",
  "confidence": 0.95,
  "reasoningPreview": "Verification Failed. Missing evidence for:\n\n[Artifacts] books.json - The ls -la command shows 'ls: books.json: No such file or directory'. The file does not exist. Although the code includes logic to create it on first read, the verification criteria requires verifying that books.json exists in the "
}
[2026-02-23T10:32:29.578Z][QA][cmlz17y5s010m4ym7p1trb385][START] Starting QA verification
{
  "reportLength": 2234,
  "reportPreview": "- readFile: completed\n- writeFile: completed\n- readFile: completed\n- writeFile: completed\n- executeCommand: Attempting to read books...\nBooks retrieved: []\nType check: Is Array\n\n- readFile: File not f"
}
[2026-02-23T10:32:29.598Z][QA][cmlz17y5s010m4ym7p1trb385][TASK_INFO] Task loaded
{
  "title": "Implement Data Access Layer with fs/promises",
  "executorAgent": "BACKEND",
  "status": "REJECTED"
}
[2026-02-23T10:32:29.604Z][QA][cmlz17y5s010m4ym7p1trb385][VC_LOADED] Verification criteria loaded
{
  "artifacts": [
    "src/services/storageService.ts",
    "books.json"
  ],
  "manualCheck": "Verify that `books.json` exists in the root and contains `[]`. If code is manually imported and invoked, it should read/write JSON correctly.",
  "automatedCheck": "node -e \"require('./dist/services/storageService.js').then(...)\""
}
[2026-02-23T10:32:29.621Z][QA][cmlz17y5s010m4ym7p1trb385][CONTEXT] Project context loaded
{
  "contextLength": 569,
  "contextPreview": "# Project State\n\n## Project Information\n- Project ID: cmlz16xb7010b4ym7emt1eg3w\n- Idea: Создай Node.js REST API сервер (Express) для управления списком 'Книг'. Должны быть роуты GET, POST, DELETE. Для"
}
[2026-02-23T10:32:29.622Z][QA][cmlz17y5s010m4ym7p1trb385][AI_CALL] Calling AI for QA verification
{
  "model": "glm-4.7",
  "reportLength": 2234,
  "hasVC": true
}
[2026-02-23T10:32:45.569Z][QA][cmlz17y5s010m4ym7p1trb385][DECISION] QA decision made
{
  "status": "APPROVED",
  "finalStatus": "DONE",
  "confidence": 1,
  "reasoningPreview": "✓ Artifacts: Both required files exist and their contents are shown in the report. (1) src/services/storageService.ts - ls -la shows file exists (934 bytes) and full content is displayed, showing correct implementation using fs/promises with getBooks() and saveBooks() functions. (2) books.json - ls "
}
[2026-02-23T10:33:13.813Z][QA][cmlz17y5s010o4ym7p92ndtgw][START] Starting QA verification
{
  "reportLength": 3330,
  "reportPreview": "- readFile: File not found: src/services/bookService.ts\n- readFile: completed\n- writeFile: completed\n- writeFile: completed\n- writeFile: completed\n\n\n\n=== VERIFICATION EVIDENCE ===\n\nArtifacts Check:\n--"
}
[2026-02-23T10:33:13.840Z][QA][cmlz17y5s010o4ym7p92ndtgw][TASK_INFO] Task loaded
{
  "title": "Implement API Routes and Validation with Zod",
  "executorAgent": "BACKEND",
  "status": "IN_PROGRESS"
}
[2026-02-23T10:33:13.855Z][QA][cmlz17y5s010o4ym7p92ndtgw][VC_LOADED] Verification criteria loaded
{
  "artifacts": [
    "src/routes/bookRoutes.ts",
    "src/index.ts"
  ],
  "manualCheck": "1. curl -X GET http://localhost:3000/books (expect 200 and array). 2. curl -X POST http://localhost:3000/books -H 'Content-Type: application/json' -d '{\"title\":\"Test\",\"author\":\"Author\"}' (expect 201). 3. curl -X DELETE http://localhost:3000/books/1 (expect 200 or 404 if wrong id).",
  "automatedCheck": "npm run build && npm start (background) && sleep 2 && curl http://localhost:3000/books"
}
[2026-02-23T10:33:13.870Z][QA][cmlz17y5s010o4ym7p92ndtgw][CONTEXT] Project context loaded
{
  "contextLength": 569,
  "contextPreview": "# Project State\n\n## Project Information\n- Project ID: cmlz16xb7010b4ym7emt1eg3w\n- Idea: Создай Node.js REST API сервер (Express) для управления списком 'Книг'. Должны быть роуты GET, POST, DELETE. Для"
}
[2026-02-23T10:33:13.871Z][QA][cmlz17y5s010o4ym7p92ndtgw][AI_CALL] Calling AI for QA verification
{
  "model": "glm-4.7",
  "reportLength": 3330,
  "hasVC": true
}
[2026-02-23T10:33:30.513Z][QA][cmlz17y5s010o4ym7p92ndtgw][DECISION] QA decision made
{
  "status": "REJECTED",
  "finalStatus": "REJECTED",
  "confidence": 0.95,
  "reasoningPreview": "Verification Failed. Missing evidence for: [automatedCheck] The automated check command failed with a syntax error: '.ai-temp-check.sh: line 1: syntax error: unexpected \"(\"'. The command 'npm start (background)' is invalid shell syntax. Please provide successful output showing the server starts, bui"
}
[2026-02-23T10:34:52.227Z][QA][cmlz17y5s010o4ym7p92ndtgw][START] Starting QA verification
{
  "reportLength": 4075,
  "reportPreview": "- readFile: completed\n- executeCommand: total 4\ndrwxr-xr-x    6 root     root           192 Feb 23 10:33 .\ndrwxr-xr-x   11 root     root           352 Feb 23 10:32 ..\n-rw-r--r--    1 root     root    "
}
[2026-02-23T10:34:52.263Z][QA][cmlz17y5s010o4ym7p92ndtgw][TASK_INFO] Task loaded
{
  "title": "Implement API Routes and Validation with Zod",
  "executorAgent": "BACKEND",
  "status": "REJECTED"
}
[2026-02-23T10:34:52.267Z][QA][cmlz17y5s010o4ym7p92ndtgw][VC_LOADED] Verification criteria loaded
{
  "artifacts": [
    "src/routes/bookRoutes.ts",
    "src/index.ts"
  ],
  "manualCheck": "1. curl -X GET http://localhost:3000/books (expect 200 and array). 2. curl -X POST http://localhost:3000/books -H 'Content-Type: application/json' -d '{\"title\":\"Test\",\"author\":\"Author\"}' (expect 201). 3. curl -X DELETE http://localhost:3000/books/1 (expect 200 or 404 if wrong id).",
  "automatedCheck": "npm run build && npm start (background) && sleep 2 && curl http://localhost:3000/books"
}
[2026-02-23T10:34:52.280Z][QA][cmlz17y5s010o4ym7p92ndtgw][CONTEXT] Project context loaded
{
  "contextLength": 569,
  "contextPreview": "# Project State\n\n## Project Information\n- Project ID: cmlz16xb7010b4ym7emt1eg3w\n- Idea: Создай Node.js REST API сервер (Express) для управления списком 'Книг'. Должны быть роуты GET, POST, DELETE. Для"
}
[2026-02-23T10:34:52.280Z][QA][cmlz17y5s010o4ym7p92ndtgw][AI_CALL] Calling AI for QA verification
{
  "model": "glm-4.7",
  "reportLength": 4075,
  "hasVC": true
}
[2026-02-23T10:35:06.488Z][QA][cmlz17y5s010o4ym7p92ndtgw][DECISION] QA decision made
{
  "status": "APPROVED",
  "finalStatus": "DONE",
  "confidence": 0.95,
  "reasoningPreview": "Ticket run; automatedCheck skipped per ticket-run rule. Artifacts satisfied; evidence from report. [Artifacts] ✓ src/routes/bookRoutes.ts: ls -la output confirms file exists (1993 bytes), full content shows Zod schema with validation, GET /books, POST /books with Zod validation, DELETE /books/:id, p"
}
[2026-02-23T14:51:17.610Z][QA][cmlzamwsi000a11yiaigfyt8l][START] Starting QA verification
{
  "reportLength": 1102,
  "reportPreview": "- writeFile: completed\n\n\n\n=== VERIFICATION EVIDENCE ===\n\nArtifacts Check:\n--- Verify artifact: index.html ---\n$ ls -la \"index.html\"\nexit 0\n-rw-r--r--    1 root     root           236 Feb 23 14:51 inde"
}
[2026-02-23T14:51:17.629Z][QA][cmlzamwsi000a11yiaigfyt8l][TASK_INFO] Task loaded
{
  "title": "Реализовать статическую HTML страницу 'Hello World'",
  "executorAgent": "TASK_EXECUTOR",
  "status": "IN_PROGRESS"
}
[2026-02-23T14:51:17.631Z][QA][cmlzamwsi000a11yiaigfyt8l][VC_LOADED] Verification criteria loaded
{
  "artifacts": [
    "index.html"
  ],
  "manualCheck": "Откройте файл index.html в любом веб-браузере. Убедитесь, что в заголовке страницы или в центре экрана отображается текст 'привет мир'.",
  "automatedCheck": "if [ -f index.html ]; then grep -q '<h1>привет мир</h1>' index.html && echo 'OK' || exit 1; else exit 1; fi"
}
[2026-02-23T14:51:17.646Z][QA][cmlzamwsi000a11yiaigfyt8l][CONTEXT] Project context loaded
{
  "contextLength": 348,
  "contextPreview": "# Project State\n\n## Project Information\n- Project ID: cmlzamgn7000111yi0lej45c2\n- Idea: хтмл страница \"привет мир\"\n- Require Approval: No\n\n## Active Phase\n- No active plan selected\n\n## Completed Tasks"
}
[2026-02-23T14:51:17.647Z][QA][cmlzamwsi000a11yiaigfyt8l][AI_CALL] Calling AI for QA verification
{
  "model": "glm-4.7",
  "reportLength": 1102,
  "hasVC": true
}
[2026-02-23T14:51:33.144Z][QA][cmlzamwsi000a11yiaigfyt8l][DECISION] QA decision made
{
  "status": "APPROVED",
  "finalStatus": "DONE",
  "confidence": 1,
  "reasoningPreview": "✓ [Artifacts] index.html exists - ls -la output shows the file (236 bytes, Feb 23 14:51). File content is shown and contains complete HTML5 structure with <!DOCTYPE html>, <html>, <head>, <body> tags and the required <h1>привет мир</h1>. ✓ [automatedCheck] Command executed successfully - script chec"
}
[2026-02-23T14:56:32.996Z][QA][cmlzasapi004711yihgk2pg1n][START] Starting QA verification
{
  "reportLength": 4860,
  "reportPreview": "- readFile: File not found: index.html\n- readFile: File not found: app.js\n- writeFile: completed\n- writeFile: completed\n- executeCommand: completed\n- writeFile: completed\n- writeFile: completed\n- writ"
}
[2026-02-23T14:56:33.051Z][QA][cmlzasapi004711yihgk2pg1n][TASK_INFO] Task loaded
{
  "title": "Configure PWA Manifest & Service Worker",
  "executorAgent": "TASK_EXECUTOR",
  "status": "IN_PROGRESS"
}
[2026-02-23T14:56:33.056Z][QA][cmlzasapi004711yihgk2pg1n][VC_LOADED] Verification criteria loaded
{
  "artifacts": [
    "manifest.json",
    "sw.js",
    "index.html"
  ],
  "manualCheck": "Open DevTools > Application > Service Workers. Verify SW is registered and active. Check 'Offline' mode and reload page; app should load. On iPhone, verify 'Add to Home Screen' option appears in Share menu.",
  "automatedCheck": "node -e \"const fs = require('fs'); [ './manifest.json', './sw.js' ].forEach(f => { if(!fs.existsSync(f)) { console.log('Missing ' + f); process.exit(1); } }); console.log('PWA Artifacts Verified');\""
}
[2026-02-23T14:56:33.122Z][QA][cmlzasapi004711yihgk2pg1n][CONTEXT] Project context loaded
{
  "contextLength": 442,
  "contextPreview": "# Project State\n\n## Project Information\n- Project ID: cmlzar9bj003u11yi1praz9tl\n- Idea: создать pwa todo для iphone - чтобы запускалось в браузере и можно было сделать вкладку. чтоб уведомления поддер"
}
[2026-02-23T14:56:33.123Z][QA][cmlzasapi004711yihgk2pg1n][AI_CALL] Calling AI for QA verification
{
  "model": "glm-4.7",
  "reportLength": 4860,
  "hasVC": true
}
[2026-02-23T14:56:46.637Z][QA][cmlzasapi004711yihgk2pg1n][DECISION] QA decision made
{
  "status": "APPROVED",
  "finalStatus": "DONE",
  "confidence": 0.95,
  "reasoningPreview": "✓ Artifacts: All required files exist with evidence from ls -la output and full file content shown:\n  - manifest.json (396 bytes) - contains proper PWA configuration with name, display mode, icons, theme_color\n  - sw.js (1603 bytes) - implements Service Worker with install, activate, fetch events us"
}
[2026-02-23T14:59:26.538Z][QA][cmlzasapi004911yinfuuqxha][START] Starting QA verification
{
  "reportLength": 3323,
  "reportPreview": "- readFile: completed\n- readFile: File not found: js/app.js\n- readFile: completed\n- writeFile: completed\n- writeFile: completed\n- writeFile: completed\n\n\n\n=== VERIFICATION EVIDENCE ===\n\nArtifacts Check"
}
[2026-02-23T14:59:26.618Z][QA][cmlzasapi004911yinfuuqxha][TASK_INFO] Task loaded
{
  "title": "Implement Push Notifications",
  "executorAgent": "TASK_EXECUTOR",
  "status": "TODO"
}
[2026-02-23T14:59:26.637Z][QA][cmlzasapi004911yinfuuqxha][VC_LOADED] Verification criteria loaded
{
  "artifacts": [
    "app.js",
    "sw.js"
  ],
  "manualCheck": "Reload the app, grant notification permission. Trigger a notification condition (or wait for scheduled check). Verify a system notification appears on the device.",
  "automatedCheck": "node -e \"const fs = require('fs'); const content = fs.readFileSync('./app.js', 'utf8') + fs.readFileSync('./sw.js', 'utf8'); if(content.includes('Notification') && content.includes('requestPermission')) { console.log('Notification API Verified'); } else { process.exit(1); }\""
}
[2026-02-23T14:59:26.670Z][QA][cmlzasapi004911yinfuuqxha][CONTEXT] Project context loaded
{
  "contextLength": 442,
  "contextPreview": "# Project State\n\n## Project Information\n- Project ID: cmlzar9bj003u11yi1praz9tl\n- Idea: создать pwa todo для iphone - чтобы запускалось в браузере и можно было сделать вкладку. чтоб уведомления поддер"
}
[2026-02-23T14:59:26.671Z][QA][cmlzasapi004911yinfuuqxha][AI_CALL] Calling AI for QA verification
{
  "model": "glm-4.7",
  "reportLength": 3323,
  "hasVC": true
}
[2026-02-23T14:59:46.307Z][QA][cmlzasapi004911yinfuuqxha][DECISION] QA decision made
{
  "status": "REJECTED",
  "finalStatus": "REJECTED",
  "confidence": 1,
  "reasoningPreview": "Verification Failed. Missing evidence for:\n\n[Artifacts]\n- app.js: The file does NOT exist in the root directory. Evidence shows:\n  - ls -la 'app.js' → 'ls: app.js: No such file or directory'\n  - head -n 200 'app.js' → 'head: app.js: No such file or directory'\n\nNote: sw.js EXISTS (shown in ls output "
}
[2026-02-23T15:01:54.014Z][QA][cmlzasapi004911yinfuuqxha][START] Starting QA verification
{
  "reportLength": 9198,
  "reportPreview": "- readFile: completed\n- readFile: completed\n- readFile: completed\n- writeFile: completed\n- writeFile: completed\n- writeFile: completed\n\n\n\n=== VERIFICATION EVIDENCE ===\n\nArtifacts Check:\n--- Verify art"
}
[2026-02-23T15:01:54.240Z][QA][cmlzasapi004911yinfuuqxha][TASK_INFO] Task loaded
{
  "title": "Implement Push Notifications",
  "executorAgent": "TASK_EXECUTOR",
  "status": "REJECTED"
}
[2026-02-23T15:01:54.261Z][QA][cmlzasapi004911yinfuuqxha][VC_LOADED] Verification criteria loaded
{
  "artifacts": [
    "app.js",
    "sw.js"
  ],
  "manualCheck": "Reload the app, grant notification permission. Trigger a notification condition (or wait for scheduled check). Verify a system notification appears on the device.",
  "automatedCheck": "node -e \"const fs = require('fs'); const content = fs.readFileSync('./app.js', 'utf8') + fs.readFileSync('./sw.js', 'utf8'); if(content.includes('Notification') && content.includes('requestPermission')) { console.log('Notification API Verified'); } else { process.exit(1); }\""
}
[2026-02-23T15:01:54.281Z][QA][cmlzasapi004911yinfuuqxha][CONTEXT] Project context loaded
{
  "contextLength": 442,
  "contextPreview": "# Project State\n\n## Project Information\n- Project ID: cmlzar9bj003u11yi1praz9tl\n- Idea: создать pwa todo для iphone - чтобы запускалось в браузере и можно было сделать вкладку. чтоб уведомления поддер"
}
[2026-02-23T15:01:54.283Z][QA][cmlzasapi004911yinfuuqxha][AI_CALL] Calling AI for QA verification
{
  "model": "glm-4.7",
  "reportLength": 9198,
  "hasVC": true
}
[2026-02-23T15:02:10.835Z][QA][cmlzasapi004911yinfuuqxha][DECISION] QA decision made
{
  "status": "APPROVED",
  "finalStatus": "DONE",
  "confidence": 1,
  "reasoningPreview": "[Artifacts] ✓ app.js: ls -la output confirms file exists (8025 bytes). Full file content provided showing setupNotifications(registration), Notification.requestPermission(), and new Notification() calls. ✓ sw.js: ls -la output confirms file exists (2207 bytes). Full content provided with notificatio"
}
[2026-02-23T15:04:14.034Z][QA][cmlzasaph004311yiqmv0xb7v][START] Starting QA verification
{
  "reportLength": 10233,
  "reportPreview": "- writeFile: completed\n- writeFile: completed\n- writeFile: completed\n- writeFile: completed\n- writeFile: completed\n\n\n\n=== VERIFICATION EVIDENCE ===\n\nArtifacts Check:\n--- Verify artifact: index.html --"
}
[2026-02-23T15:04:14.098Z][QA][cmlzasaph004311yiqmv0xb7v][TASK_INFO] Task loaded
{
  "title": "Scaffold Project Structure & UI Implementation",
  "executorAgent": "TASK_EXECUTOR",
  "status": "IN_PROGRESS"
}
[2026-02-23T15:04:14.110Z][QA][cmlzasaph004311yiqmv0xb7v][VC_LOADED] Verification criteria loaded
{
  "artifacts": [
    "index.html",
    "styles.css",
    "app.js"
  ],
  "manualCheck": "Open index.html in a browser. Verify the page is responsive, input field and buttons are visible, and adding a task updates the UI immediately.",
  "automatedCheck": "node -e \"console.log('Static files check:'); require('fs').existsSync('./index.html') && require('fs').existsSync('./app.js') && console.log('OK') || process.exit(1)\""
}
[2026-02-23T15:04:14.157Z][QA][cmlzasaph004311yiqmv0xb7v][CONTEXT] Project context loaded
{
  "contextLength": 442,
  "contextPreview": "# Project State\n\n## Project Information\n- Project ID: cmlzar9bj003u11yi1praz9tl\n- Idea: создать pwa todo для iphone - чтобы запускалось в браузере и можно было сделать вкладку. чтоб уведомления поддер"
}
[2026-02-23T15:04:14.159Z][QA][cmlzasaph004311yiqmv0xb7v][AI_CALL] Calling AI for QA verification
{
  "model": "glm-4.7",
  "reportLength": 10233,
  "hasVC": true
}
[2026-02-23T15:04:39.425Z][QA][cmlzasaph004311yiqmv0xb7v][DECISION] QA decision made
{
  "status": "APPROVED",
  "finalStatus": "DONE",
  "confidence": 0.95,
  "reasoningPreview": "✓ Artifacts: All required files confirmed to exist with ls -la output and full content shown: index.html (1248 bytes), styles.css (3496 bytes), app.js (4018 bytes). Code review shows HTML5 boilerplate with iOS meta tags (viewport, apple-mobile-web-app-capable), responsive CSS3 styling with flexbox a"
}
[2026-02-23T15:05:33.829Z][QA][cmlzasapi004511yi3bl4ac8l][START] Starting QA verification
{
  "reportLength": 5110,
  "reportPreview": "- readFile: completed\n- readFile: File not found: script.js\n- writeFile: completed\n\n\n\n=== VERIFICATION EVIDENCE ===\n\nArtifacts Check:\n--- Verify artifact: app.js ---\n$ ls -la \"app.js\"\nexit 0\n-rw-r--r-"
}
[2026-02-23T15:05:33.837Z][QA][cmlzasapi004511yi3bl4ac8l][TASK_INFO] Task loaded
{
  "title": "Implement Local Storage Persistence",
  "executorAgent": "TASK_EXECUTOR",
  "status": "TODO"
}
[2026-02-23T15:05:33.839Z][QA][cmlzasapi004511yi3bl4ac8l][VC_LOADED] Verification criteria loaded
{
  "artifacts": [
    "app.js"
  ],
  "manualCheck": "Add a task, refresh the page. Verify the task remains. Delete a task, refresh, verify it is still deleted.",
  "automatedCheck": "node -e \"const fs = require('fs'); const content = fs.readFileSync('./app.js', 'utf8'); if(content.includes('localStorage') && content.includes('getItem') && content.includes('setItem')) { console.log('LS Implementation Verified'); } else { process.exit(1); }\""
}
[2026-02-23T15:05:33.851Z][QA][cmlzasapi004511yi3bl4ac8l][CONTEXT] Project context loaded
{
  "contextLength": 442,
  "contextPreview": "# Project State\n\n## Project Information\n- Project ID: cmlzar9bj003u11yi1praz9tl\n- Idea: создать pwa todo для iphone - чтобы запускалось в браузере и можно было сделать вкладку. чтоб уведомления поддер"
}
[2026-02-23T15:05:33.853Z][QA][cmlzasapi004511yi3bl4ac8l][AI_CALL] Calling AI for QA verification
{
  "model": "glm-4.7",
  "reportLength": 5110,
  "hasVC": true
}
[2026-02-23T15:05:49.231Z][QA][cmlzasapi004511yi3bl4ac8l][DECISION] QA decision made
{
  "status": "APPROVED",
  "finalStatus": "DONE",
  "confidence": 1,
  "reasoningPreview": "✓ [Artifacts] app.js exists - confirmed by `ls -la` output showing file with 4018 bytes, and full file content (200 lines) is provided in the report. ✓ [automatedCheck] Node verification command executed successfully with output 'LS Implementation Verified' and exit code 0; report states 'All verifi"
}
